[  3%] [34m[1mGenerating C code for ROS interfaces[0m
[  6%] [34m[1mGenerating C++ code for ROS interfaces[0m
[  6%] Built target ament_cmake_python_copy_action_state
running egg_info
writing action_state.egg-info/PKG-INFO
writing dependency_links to action_state.egg-info/dependency_links.txt
writing top-level names to action_state.egg-info/top_level.txt
reading manifest file 'action_state.egg-info/SOURCES.txt'
writing manifest file 'action_state.egg-info/SOURCES.txt'
[  6%] Built target ament_cmake_python_build_action_state_egg
[  6%] Built target action_state__cpp
[ 12%] [32mBuilding C object CMakeFiles/action_state__rosidl_generator_c.dir/rosidl_generator_c/action_state/action/detail/jointstate__functions.c.o[0m
[ 12%] [34m[1mGenerating C++ type support for eProsima Fast-RTPS[0m
[ 16%] [34m[1mGenerating C++ introspection for ROS interfaces[0m
[ 19%] [34m[1mGenerating C++ type support dispatch for ROS interfaces[0m
[ 22%] [32m[1mLinking C shared library libaction_state__rosidl_generator_c.so[0m
[ 22%] Built target action_state__rosidl_generator_c
[ 25%] [34m[1mGenerating C type support dispatch for ROS interfaces[0m
[ 29%] [34m[1mGenerating C type support for eProsima Fast-RTPS[0m
[ 32%] [34m[1mGenerating C introspection for ROS interfaces[0m
[ 35%] [32mBuilding CXX object CMakeFiles/action_state__rosidl_typesupport_cpp.dir/rosidl_typesupport_cpp/action_state/action/jointstate__type_support.cpp.o[0m
[ 38%] [32mBuilding CXX object CMakeFiles/action_state__rosidl_typesupport_introspection_cpp.dir/rosidl_typesupport_introspection_cpp/action_state/action/detail/jointstate__type_support.cpp.o[0m
[ 41%] [32mBuilding CXX object CMakeFiles/action_state__rosidl_typesupport_fastrtps_cpp.dir/rosidl_typesupport_fastrtps_cpp/action_state/action/detail/dds_fastrtps/jointstate__type_support.cpp.o[0m
[ 45%] [32mBuilding CXX object CMakeFiles/action_state__rosidl_typesupport_c.dir/rosidl_typesupport_c/action_state/action/jointstate__type_support.cpp.o[0m
[ 48%] [32mBuilding C object CMakeFiles/action_state__rosidl_typesupport_introspection_c.dir/rosidl_typesupport_introspection_c/action_state/action/detail/jointstate__type_support.c.o[0m
[ 51%] [32mBuilding CXX object CMakeFiles/action_state__rosidl_typesupport_fastrtps_c.dir/rosidl_typesupport_fastrtps_c/action_state/action/detail/jointstate__type_support_c.cpp.o[0m
[ 54%] [32m[1mLinking CXX shared library libaction_state__rosidl_typesupport_c.so[0m
[ 58%] [32m[1mLinking C shared library libaction_state__rosidl_typesupport_introspection_c.so[0m
[ 61%] [32m[1mLinking CXX shared library libaction_state__rosidl_typesupport_cpp.so[0m
[ 61%] Built target action_state__rosidl_typesupport_c
[ 61%] Built target action_state__rosidl_typesupport_introspection_c
[ 61%] Built target action_state__rosidl_typesupport_cpp
[ 64%] [32m[1mLinking CXX shared library libaction_state__rosidl_typesupport_introspection_cpp.so[0m
[ 67%] [32m[1mLinking CXX shared library libaction_state__rosidl_typesupport_fastrtps_cpp.so[0m
[ 67%] Built target action_state__rosidl_typesupport_introspection_cpp
[ 67%] Built target action_state__rosidl_typesupport_fastrtps_cpp
[ 70%] [32m[1mLinking CXX shared library libaction_state__rosidl_typesupport_fastrtps_c.so[0m
[ 70%] Built target action_state__rosidl_typesupport_fastrtps_c
[ 70%] Built target action_state
[ 74%] [34m[1mGenerating Python code for ROS interfaces[0m
[ 74%] Built target action_state__py
[ 77%] [32mBuilding C object CMakeFiles/action_state__rosidl_generator_py.dir/rosidl_generator_py/action_state/action/_jointstate_s.c.o[0m
[ 80%] [32m[1mLinking C shared library rosidl_generator_py/action_state/libaction_state__rosidl_generator_py.so[0m
[ 80%] Built target action_state__rosidl_generator_py
[ 90%] [32mBuilding C object CMakeFiles/action_state__rosidl_typesupport_fastrtps_c__pyext.dir/rosidl_generator_py/action_state/_action_state_s.ep.rosidl_typesupport_fastrtps_c.c.o[0m
[ 90%] [32mBuilding C object CMakeFiles/action_state__rosidl_typesupport_c__pyext.dir/rosidl_generator_py/action_state/_action_state_s.ep.rosidl_typesupport_c.c.o[0m
[ 90%] [32mBuilding C object CMakeFiles/action_state__rosidl_typesupport_introspection_c__pyext.dir/rosidl_generator_py/action_state/_action_state_s.ep.rosidl_typesupport_introspection_c.c.o[0m
[100%] [32m[1mLinking C shared library rosidl_generator_py/action_state/action_state_s__rosidl_typesupport_introspection_c.cpython-310-x86_64-linux-gnu.so[0m
[100%] [32m[1mLinking C shared library rosidl_generator_py/action_state/action_state_s__rosidl_typesupport_c.cpython-310-x86_64-linux-gnu.so[0m
[100%] [32m[1mLinking C shared library rosidl_generator_py/action_state/action_state_s__rosidl_typesupport_fastrtps_c.cpython-310-x86_64-linux-gnu.so[0m
[100%] Built target action_state__rosidl_typesupport_fastrtps_c__pyext
[100%] Built target action_state__rosidl_typesupport_introspection_c__pyext
[100%] Built target action_state__rosidl_typesupport_c__pyext
-- Install configuration: ""
-- Installing: /home/ethan/quadrupedal-sim/ros/install/action_state/share/ament_index/resource_index/rosidl_interfaces/action_state
-- Installing: /home/ethan/quadrupedal-sim/ros/install/action_state/include/action_state/action_state
-- Installing: /home/ethan/quadrupedal-sim/ros/install/action_state/include/action_state/action_state/action
-- Installing: /home/ethan/quadrupedal-sim/ros/install/action_state/include/action_state/action_state/action/detail
-- Installing: /home/ethan/quadrupedal-sim/ros/install/action_state/include/action_state/action_state/action/detail/jointstate__struct.h
-- Installing: /home/ethan/quadrupedal-sim/ros/install/action_state/include/action_state/action_state/action/detail/jointstate__functions.h
-- Installing: /home/ethan/quadrupedal-sim/ros/install/action_state/include/action_state/action_state/action/detail/jointstate__type_support.h
-- Installing: /home/ethan/quadrupedal-sim/ros/install/action_state/include/action_state/action_state/action/detail/jointstate__functions.c
-- Installing: /home/ethan/quadrupedal-sim/ros/install/action_state/include/action_state/action_state/action/jointstate.h
-- Installing: /home/ethan/quadrupedal-sim/ros/install/action_state/include/action_state/action_state/msg
-- Installing: /home/ethan/quadrupedal-sim/ros/install/action_state/include/action_state/action_state/msg/rosidl_generator_c__visibility_control.h
-- Installing: /home/ethan/quadrupedal-sim/ros/install/action_state/share/action_state/environment/library_path.sh
-- Installing: /home/ethan/quadrupedal-sim/ros/install/action_state/share/action_state/environment/library_path.dsv
-- Installing: /home/ethan/quadrupedal-sim/ros/install/action_state/lib/libaction_state__rosidl_generator_c.so
-- Set runtime path of "/home/ethan/quadrupedal-sim/ros/install/action_state/lib/libaction_state__rosidl_generator_c.so" to ""
-- Up-to-date: /home/ethan/quadrupedal-sim/ros/install/action_state/include/action_state/action_state
-- Up-to-date: /home/ethan/quadrupedal-sim/ros/install/action_state/include/action_state/action_state/action
-- Up-to-date: /home/ethan/quadrupedal-sim/ros/install/action_state/include/action_state/action_state/action/detail
-- Installing: /home/ethan/quadrupedal-sim/ros/install/action_state/include/action_state/action_state/action/detail/jointstate__rosidl_typesupport_fastrtps_c.h
-- Up-to-date: /home/ethan/quadrupedal-sim/ros/install/action_state/include/action_state/action_state/msg
-- Installing: /home/ethan/quadrupedal-sim/ros/install/action_state/include/action_state/action_state/msg/rosidl_typesupport_fastrtps_c__visibility_control.h
-- Installing: /home/ethan/quadrupedal-sim/ros/install/action_state/lib/libaction_state__rosidl_typesupport_fastrtps_c.so
-- Set runtime path of "/home/ethan/quadrupedal-sim/ros/install/action_state/lib/libaction_state__rosidl_typesupport_fastrtps_c.so" to ""
-- Up-to-date: /home/ethan/quadrupedal-sim/ros/install/action_state/include/action_state/action_state
-- Up-to-date: /home/ethan/quadrupedal-sim/ros/install/action_state/include/action_state/action_state/action
-- Installing: /home/ethan/quadrupedal-sim/ros/install/action_state/include/action_state/action_state/action/jointstate.hpp
-- Up-to-date: /home/ethan/quadrupedal-sim/ros/install/action_state/include/action_state/action_state/action/detail
-- Installing: /home/ethan/quadrupedal-sim/ros/install/action_state/include/action_state/action_state/action/detail/jointstate__traits.hpp
-- Installing: /home/ethan/quadrupedal-sim/ros/install/action_state/include/action_state/action_state/action/detail/jointstate__struct.hpp
-- Installing: /home/ethan/quadrupedal-sim/ros/install/action_state/include/action_state/action_state/action/detail/jointstate__builder.hpp
-- Up-to-date: /home/ethan/quadrupedal-sim/ros/install/action_state/include/action_state/action_state
-- Up-to-date: /home/ethan/quadrupedal-sim/ros/install/action_state/include/action_state/action_state/action
-- Up-to-date: /home/ethan/quadrupedal-sim/ros/install/action_state/include/action_state/action_state/action/detail
-- Installing: /home/ethan/quadrupedal-sim/ros/install/action_state/include/action_state/action_state/action/detail/dds_fastrtps
-- Installing: /home/ethan/quadrupedal-sim/ros/install/action_state/include/action_state/action_state/action/detail/jointstate__rosidl_typesupport_fastrtps_cpp.hpp
-- Up-to-date: /home/ethan/quadrupedal-sim/ros/install/action_state/include/action_state/action_state/msg
-- Installing: /home/ethan/quadrupedal-sim/ros/install/action_state/include/action_state/action_state/msg/rosidl_typesupport_fastrtps_cpp__visibility_control.h
-- Installing: /home/ethan/quadrupedal-sim/ros/install/action_state/lib/libaction_state__rosidl_typesupport_fastrtps_cpp.so
-- Set runtime path of "/home/ethan/quadrupedal-sim/ros/install/action_state/lib/libaction_state__rosidl_typesupport_fastrtps_cpp.so" to ""
-- Up-to-date: /home/ethan/quadrupedal-sim/ros/install/action_state/include/action_state/action_state
-- Up-to-date: /home/ethan/quadrupedal-sim/ros/install/action_state/include/action_state/action_state/action
-- Up-to-date: /home/ethan/quadrupedal-sim/ros/install/action_state/include/action_state/action_state/action/detail
-- Installing: /home/ethan/quadrupedal-sim/ros/install/action_state/include/action_state/action_state/action/detail/jointstate__rosidl_typesupport_introspection_c.h
-- Installing: /home/ethan/quadrupedal-sim/ros/install/action_state/include/action_state/action_state/action/detail/jointstate__type_support.c
-- Up-to-date: /home/ethan/quadrupedal-sim/ros/install/action_state/include/action_state/action_state/msg
-- Installing: /home/ethan/quadrupedal-sim/ros/install/action_state/include/action_state/action_state/msg/rosidl_typesupport_introspection_c__visibility_control.h
-- Installing: /home/ethan/quadrupedal-sim/ros/install/action_state/lib/libaction_state__rosidl_typesupport_introspection_c.so
-- Set runtime path of "/home/ethan/quadrupedal-sim/ros/install/action_state/lib/libaction_state__rosidl_typesupport_introspection_c.so" to ""
-- Installing: /home/ethan/quadrupedal-sim/ros/install/action_state/lib/libaction_state__rosidl_typesupport_c.so
-- Set runtime path of "/home/ethan/quadrupedal-sim/ros/install/action_state/lib/libaction_state__rosidl_typesupport_c.so" to ""
-- Up-to-date: /home/ethan/quadrupedal-sim/ros/install/action_state/include/action_state/action_state
-- Up-to-date: /home/ethan/quadrupedal-sim/ros/install/action_state/include/action_state/action_state/action
-- Up-to-date: /home/ethan/quadrupedal-sim/ros/install/action_state/include/action_state/action_state/action/detail
-- Installing: /home/ethan/quadrupedal-sim/ros/install/action_state/include/action_state/action_state/action/detail/jointstate__rosidl_typesupport_introspection_cpp.hpp
-- Installing: /home/ethan/quadrupedal-sim/ros/install/action_state/include/action_state/action_state/action/detail/jointstate__type_support.cpp
-- Installing: /home/ethan/quadrupedal-sim/ros/install/action_state/lib/libaction_state__rosidl_typesupport_introspection_cpp.so
-- Set runtime path of "/home/ethan/quadrupedal-sim/ros/install/action_state/lib/libaction_state__rosidl_typesupport_introspection_cpp.so" to ""
-- Installing: /home/ethan/quadrupedal-sim/ros/install/action_state/lib/libaction_state__rosidl_typesupport_cpp.so
-- Set runtime path of "/home/ethan/quadrupedal-sim/ros/install/action_state/lib/libaction_state__rosidl_typesupport_cpp.so" to ""
-- Installing: /home/ethan/quadrupedal-sim/ros/install/action_state/share/action_state/environment/pythonpath.sh
-- Installing: /home/ethan/quadrupedal-sim/ros/install/action_state/share/action_state/environment/pythonpath.dsv
-- Installing: /home/ethan/quadrupedal-sim/ros/install/action_state/lib/python3.10/site-packages/action_state-0.0.0-py3.10.egg-info
-- Installing: /home/ethan/quadrupedal-sim/ros/install/action_state/lib/python3.10/site-packages/action_state-0.0.0-py3.10.egg-info/SOURCES.txt
-- Installing: /home/ethan/quadrupedal-sim/ros/install/action_state/lib/python3.10/site-packages/action_state-0.0.0-py3.10.egg-info/dependency_links.txt
-- Installing: /home/ethan/quadrupedal-sim/ros/install/action_state/lib/python3.10/site-packages/action_state-0.0.0-py3.10.egg-info/top_level.txt
-- Installing: /home/ethan/quadrupedal-sim/ros/install/action_state/lib/python3.10/site-packages/action_state-0.0.0-py3.10.egg-info/PKG-INFO
-- Installing: /home/ethan/quadrupedal-sim/ros/install/action_state/lib/python3.10/site-packages/action_state
-- Installing: /home/ethan/quadrupedal-sim/ros/install/action_state/lib/python3.10/site-packages/action_state/__init__.py
-- Installing: /home/ethan/quadrupedal-sim/ros/install/action_state/lib/python3.10/site-packages/action_state/_action_state_s.ep.rosidl_typesupport_introspection_c.c
-- Installing: /home/ethan/quadrupedal-sim/ros/install/action_state/lib/python3.10/site-packages/action_state/action
-- Installing: /home/ethan/quadrupedal-sim/ros/install/action_state/lib/python3.10/site-packages/action_state/action/__init__.py
-- Installing: /home/ethan/quadrupedal-sim/ros/install/action_state/lib/python3.10/site-packages/action_state/action/_jointstate_s.c
-- Installing: /home/ethan/quadrupedal-sim/ros/install/action_state/lib/python3.10/site-packages/action_state/action/_jointstate.py
-- Installing: /home/ethan/quadrupedal-sim/ros/install/action_state/lib/python3.10/site-packages/action_state/action_state_s__rosidl_typesupport_introspection_c.cpython-310-x86_64-linux-gnu.so
-- Installing: /home/ethan/quadrupedal-sim/ros/install/action_state/lib/python3.10/site-packages/action_state/action_state_s__rosidl_typesupport_c.cpython-310-x86_64-linux-gnu.so
-- Installing: /home/ethan/quadrupedal-sim/ros/install/action_state/lib/python3.10/site-packages/action_state/_action_state_s.ep.rosidl_typesupport_c.c
-- Installing: /home/ethan/quadrupedal-sim/ros/install/action_state/lib/python3.10/site-packages/action_state/_action_state_s.ep.rosidl_typesupport_fastrtps_c.c
-- Installing: /home/ethan/quadrupedal-sim/ros/install/action_state/lib/python3.10/site-packages/action_state/libaction_state__rosidl_generator_py.so
-- Installing: /home/ethan/quadrupedal-sim/ros/install/action_state/lib/python3.10/site-packages/action_state/action_state_s__rosidl_typesupport_fastrtps_c.cpython-310-x86_64-linux-gnu.so
Listing '/home/ethan/quadrupedal-sim/ros/install/action_state/lib/python3.10/site-packages/action_state'...
Compiling '/home/ethan/quadrupedal-sim/ros/install/action_state/lib/python3.10/site-packages/action_state/__init__.py'...
Listing '/home/ethan/quadrupedal-sim/ros/install/action_state/lib/python3.10/site-packages/action_state/action'...
Compiling '/home/ethan/quadrupedal-sim/ros/install/action_state/lib/python3.10/site-packages/action_state/action/__init__.py'...
Compiling '/home/ethan/quadrupedal-sim/ros/install/action_state/lib/python3.10/site-packages/action_state/action/_jointstate.py'...
-- Installing: /home/ethan/quadrupedal-sim/ros/install/action_state/lib/python3.10/site-packages/action_state/action_state_s__rosidl_typesupport_introspection_c.cpython-310-x86_64-linux-gnu.so
-- Set runtime path of "/home/ethan/quadrupedal-sim/ros/install/action_state/lib/python3.10/site-packages/action_state/action_state_s__rosidl_typesupport_introspection_c.cpython-310-x86_64-linux-gnu.so" to ""
-- Installing: /home/ethan/quadrupedal-sim/ros/install/action_state/lib/python3.10/site-packages/action_state/action_state_s__rosidl_typesupport_fastrtps_c.cpython-310-x86_64-linux-gnu.so
-- Set runtime path of "/home/ethan/quadrupedal-sim/ros/install/action_state/lib/python3.10/site-packages/action_state/action_state_s__rosidl_typesupport_fastrtps_c.cpython-310-x86_64-linux-gnu.so" to ""
-- Installing: /home/ethan/quadrupedal-sim/ros/install/action_state/lib/python3.10/site-packages/action_state/action_state_s__rosidl_typesupport_c.cpython-310-x86_64-linux-gnu.so
-- Set runtime path of "/home/ethan/quadrupedal-sim/ros/install/action_state/lib/python3.10/site-packages/action_state/action_state_s__rosidl_typesupport_c.cpython-310-x86_64-linux-gnu.so" to ""
-- Installing: /home/ethan/quadrupedal-sim/ros/install/action_state/lib/libaction_state__rosidl_generator_py.so
-- Set runtime path of "/home/ethan/quadrupedal-sim/ros/install/action_state/lib/libaction_state__rosidl_generator_py.so" to ""
-- Installing: /home/ethan/quadrupedal-sim/ros/install/action_state/share/action_state/action/Jointstate.idl
-- Installing: /home/ethan/quadrupedal-sim/ros/install/action_state/share/action_state/action/Jointstate.action
-- Installing: /home/ethan/quadrupedal-sim/ros/install/action_state/share/ament_index/resource_index/package_run_dependencies/action_state
-- Installing: /home/ethan/quadrupedal-sim/ros/install/action_state/share/ament_index/resource_index/parent_prefix_path/action_state
-- Installing: /home/ethan/quadrupedal-sim/ros/install/action_state/share/action_state/environment/ament_prefix_path.sh
-- Installing: /home/ethan/quadrupedal-sim/ros/install/action_state/share/action_state/environment/ament_prefix_path.dsv
-- Installing: /home/ethan/quadrupedal-sim/ros/install/action_state/share/action_state/environment/path.sh
-- Installing: /home/ethan/quadrupedal-sim/ros/install/action_state/share/action_state/environment/path.dsv
-- Installing: /home/ethan/quadrupedal-sim/ros/install/action_state/share/action_state/local_setup.bash
-- Installing: /home/ethan/quadrupedal-sim/ros/install/action_state/share/action_state/local_setup.sh
-- Installing: /home/ethan/quadrupedal-sim/ros/install/action_state/share/action_state/local_setup.zsh
-- Installing: /home/ethan/quadrupedal-sim/ros/install/action_state/share/action_state/local_setup.dsv
-- Up-to-date: /home/ethan/quadrupedal-sim/ros/install/action_state/share/action_state/package.dsv
-- Installing: /home/ethan/quadrupedal-sim/ros/install/action_state/share/ament_index/resource_index/packages/action_state
-- Installing: /home/ethan/quadrupedal-sim/ros/install/action_state/share/action_state/cmake/export_action_state__rosidl_generator_cExport.cmake
-- Installing: /home/ethan/quadrupedal-sim/ros/install/action_state/share/action_state/cmake/export_action_state__rosidl_generator_cExport-noconfig.cmake
-- Installing: /home/ethan/quadrupedal-sim/ros/install/action_state/share/action_state/cmake/export_action_state__rosidl_typesupport_fastrtps_cExport.cmake
-- Installing: /home/ethan/quadrupedal-sim/ros/install/action_state/share/action_state/cmake/export_action_state__rosidl_typesupport_fastrtps_cExport-noconfig.cmake
-- Installing: /home/ethan/quadrupedal-sim/ros/install/action_state/share/action_state/cmake/export_action_state__rosidl_generator_cppExport.cmake
-- Installing: /home/ethan/quadrupedal-sim/ros/install/action_state/share/action_state/cmake/export_action_state__rosidl_typesupport_fastrtps_cppExport.cmake
-- Installing: /home/ethan/quadrupedal-sim/ros/install/action_state/share/action_state/cmake/export_action_state__rosidl_typesupport_fastrtps_cppExport-noconfig.cmake
-- Installing: /home/ethan/quadrupedal-sim/ros/install/action_state/share/action_state/cmake/action_state__rosidl_typesupport_introspection_cExport.cmake
-- Installing: /home/ethan/quadrupedal-sim/ros/install/action_state/share/action_state/cmake/action_state__rosidl_typesupport_introspection_cExport-noconfig.cmake
-- Installing: /home/ethan/quadrupedal-sim/ros/install/action_state/share/action_state/cmake/action_state__rosidl_typesupport_cExport.cmake
-- Installing: /home/ethan/quadrupedal-sim/ros/install/action_state/share/action_state/cmake/action_state__rosidl_typesupport_cExport-noconfig.cmake
-- Installing: /home/ethan/quadrupedal-sim/ros/install/action_state/share/action_state/cmake/action_state__rosidl_typesupport_introspection_cppExport.cmake
-- Installing: /home/ethan/quadrupedal-sim/ros/install/action_state/share/action_state/cmake/action_state__rosidl_typesupport_introspection_cppExport-noconfig.cmake
-- Installing: /home/ethan/quadrupedal-sim/ros/install/action_state/share/action_state/cmake/action_state__rosidl_typesupport_cppExport.cmake
-- Installing: /home/ethan/quadrupedal-sim/ros/install/action_state/share/action_state/cmake/action_state__rosidl_typesupport_cppExport-noconfig.cmake
-- Installing: /home/ethan/quadrupedal-sim/ros/install/action_state/share/action_state/cmake/export_action_state__rosidl_generator_pyExport.cmake
-- Installing: /home/ethan/quadrupedal-sim/ros/install/action_state/share/action_state/cmake/export_action_state__rosidl_generator_pyExport-noconfig.cmake
-- Installing: /home/ethan/quadrupedal-sim/ros/install/action_state/share/action_state/cmake/rosidl_cmake-extras.cmake
-- Installing: /home/ethan/quadrupedal-sim/ros/install/action_state/share/action_state/cmake/ament_cmake_export_dependencies-extras.cmake
-- Installing: /home/ethan/quadrupedal-sim/ros/install/action_state/share/action_state/cmake/ament_cmake_export_include_directories-extras.cmake
-- Installing: /home/ethan/quadrupedal-sim/ros/install/action_state/share/action_state/cmake/ament_cmake_export_libraries-extras.cmake
-- Installing: /home/ethan/quadrupedal-sim/ros/install/action_state/share/action_state/cmake/ament_cmake_export_targets-extras.cmake
-- Installing: /home/ethan/quadrupedal-sim/ros/install/action_state/share/action_state/cmake/rosidl_cmake_export_typesupport_targets-extras.cmake
-- Installing: /home/ethan/quadrupedal-sim/ros/install/action_state/share/action_state/cmake/rosidl_cmake_export_typesupport_libraries-extras.cmake
-- Installing: /home/ethan/quadrupedal-sim/ros/install/action_state/share/action_state/cmake/action_stateConfig.cmake
-- Installing: /home/ethan/quadrupedal-sim/ros/install/action_state/share/action_state/cmake/action_stateConfig-version.cmake
-- Installing: /home/ethan/quadrupedal-sim/ros/install/action_state/share/action_state/package.xml
