[0.634s] Invoking command in '/home/ethan/quadrupedal-sim/ros/src/model': PYTHONPATH=/home/ethan/quadrupedal-sim/ros/build/model/prefix_override:/home/ethan/quadrupedal-sim/ros/install/model/lib/python3.10/site-packages:${PYTHONPATH} VIRTUAL_ENV_PROMPT=(venv) /usr/bin/python3 -W ignore:setup.py install is deprecated setup.py egg_info --egg-base ../../build/model build --build-base /home/ethan/quadrupedal-sim/ros/build/model/build install --record /home/ethan/quadrupedal-sim/ros/build/model/install.log --single-version-externally-managed install_data
[0.835s] running egg_info
[0.836s] writing ../../build/model/model.egg-info/PKG-INFO
[0.836s] writing dependency_links to ../../build/model/model.egg-info/dependency_links.txt
[0.836s] writing entry points to ../../build/model/model.egg-info/entry_points.txt
[0.836s] writing requirements to ../../build/model/model.egg-info/requires.txt
[0.836s] writing top-level names to ../../build/model/model.egg-info/top_level.txt
[0.839s] reading manifest file '../../build/model/model.egg-info/SOURCES.txt'
[0.839s] adding license file 'LICENSE'
[0.841s] writing manifest file '../../build/model/model.egg-info/SOURCES.txt'
[0.841s] running build
[0.841s] running build_py
[0.841s] copying model/model_action.py -> /home/ethan/quadrupedal-sim/ros/build/model/build/lib/model
[0.845s] running install
[0.845s] running install_lib
[0.847s] copying /home/ethan/quadrupedal-sim/ros/build/model/build/lib/model/model_action.py -> /home/ethan/quadrupedal-sim/ros/install/model/lib/python3.10/site-packages/model
[0.848s] byte-compiling /home/ethan/quadrupedal-sim/ros/install/model/lib/python3.10/site-packages/model/model_action.py to model_action.cpython-310.pyc
[0.849s] running install_data
[0.849s] running install_egg_info
[0.851s] removing '/home/ethan/quadrupedal-sim/ros/install/model/lib/python3.10/site-packages/model-0.0.0-py3.10.egg-info' (and everything under it)
[0.851s] Copying ../../build/model/model.egg-info to /home/ethan/quadrupedal-sim/ros/install/model/lib/python3.10/site-packages/model-0.0.0-py3.10.egg-info
[0.852s] running install_scripts
[0.869s] Installing client script to /home/ethan/quadrupedal-sim/ros/install/model/lib/model
[0.869s] Installing server script to /home/ethan/quadrupedal-sim/ros/install/model/lib/model
[0.870s] writing list of installed files to '/home/ethan/quadrupedal-sim/ros/build/model/install.log'
[0.890s] Invoked command in '/home/ethan/quadrupedal-sim/ros/src/model' returned '0': PYTHONPATH=/home/ethan/quadrupedal-sim/ros/build/model/prefix_override:/home/ethan/quadrupedal-sim/ros/install/model/lib/python3.10/site-packages:${PYTHONPATH} VIRTUAL_ENV_PROMPT=(venv) /usr/bin/python3 -W ignore:setup.py install is deprecated setup.py egg_info --egg-base ../../build/model build --build-base /home/ethan/quadrupedal-sim/ros/build/model/build install --record /home/ethan/quadrupedal-sim/ros/build/model/install.log --single-version-externally-managed install_data
