[0.089s] DEBUG:colcon:Command line arguments: ['/usr/bin/colcon', 'build']
[0.089s] DEBUG:colcon:Parsed command line arguments: Namespace(log_base=None, log_level=None, verb_name='build', build_base='build', install_base='install', merge_install=False, symlink_install=False, test_result_base=None, continue_on_error=False, executor='parallel', parallel_workers=8, event_handlers=None, ignore_user_meta=False, metas=['./colcon.meta'], base_paths=['.'], packages_ignore=None, packages_ignore_regex=None, paths=None, packages_up_to=None, packages_up_to_regex=None, packages_above=None, packages_above_and_dependencies=None, packages_above_depth=None, packages_select_by_dep=None, packages_skip_by_dep=None, packages_skip_up_to=None, packages_select_build_failed=False, packages_skip_build_finished=False, packages_select_test_failures=False, packages_skip_test_passed=False, packages_select=None, packages_skip=None, packages_select_regex=None, packages_skip_regex=None, packages_start=None, packages_end=None, allow_overriding=[], cmake_args=None, cmake_target=None, cmake_target_skip_unavailable=False, cmake_clean_cache=False, cmake_clean_first=False, cmake_force_configure=False, ament_cmake_args=None, catkin_cmake_args=None, catkin_skip_building_tests=False, mixin_files=None, mixin=None, verb_parser=<colcon_mixin.mixin.mixin_argument.MixinArgumentDecorator object at 0x715ee8e2ee60>, verb_extension=<colcon_core.verb.build.BuildVerb object at 0x715ee8e2e8f0>, main=<bound method BuildVerb.main of <colcon_core.verb.build.BuildVerb object at 0x715ee8e2e8f0>>, mixin_verb=('build',))
[0.227s] Level 1:colcon.colcon_core.package_discovery:discover_packages(colcon_meta) check parameters
[0.227s] Level 1:colcon.colcon_core.package_discovery:discover_packages(recursive) check parameters
[0.227s] Level 1:colcon.colcon_core.package_discovery:discover_packages(ignore) check parameters
[0.227s] Level 1:colcon.colcon_core.package_discovery:discover_packages(path) check parameters
[0.227s] Level 1:colcon.colcon_core.package_discovery:discover_packages(colcon_meta) discover
[0.227s] Level 1:colcon.colcon_core.package_discovery:discover_packages(recursive) discover
[0.227s] INFO:colcon.colcon_core.package_discovery:Crawling recursively for packages in '/home/ethan/quadrupedal-sim/ros'
[0.227s] Level 1:colcon.colcon_core.package_identification:_identify(.) by extensions ['ignore', 'ignore_ament_install']
[0.227s] Level 1:colcon.colcon_core.package_identification:_identify(.) by extension 'ignore'
[0.228s] Level 1:colcon.colcon_core.package_identification:_identify(.) by extension 'ignore_ament_install'
[0.228s] Level 1:colcon.colcon_core.package_identification:_identify(.) by extensions ['colcon_pkg']
[0.228s] Level 1:colcon.colcon_core.package_identification:_identify(.) by extension 'colcon_pkg'
[0.228s] Level 1:colcon.colcon_core.package_identification:_identify(.) by extensions ['colcon_meta']
[0.228s] Level 1:colcon.colcon_core.package_identification:_identify(.) by extension 'colcon_meta'
[0.228s] Level 1:colcon.colcon_core.package_identification:_identify(.) by extensions ['ros']
[0.228s] Level 1:colcon.colcon_core.package_identification:_identify(.) by extension 'ros'
[0.237s] Level 1:colcon.colcon_core.package_identification:_identify(.) by extensions ['cmake', 'python']
[0.237s] Level 1:colcon.colcon_core.package_identification:_identify(.) by extension 'cmake'
[0.237s] Level 1:colcon.colcon_core.package_identification:_identify(.) by extension 'python'
[0.237s] Level 1:colcon.colcon_core.package_identification:_identify(.) by extensions ['python_setup_py']
[0.237s] Level 1:colcon.colcon_core.package_identification:_identify(.) by extension 'python_setup_py'
[0.237s] Level 1:colcon.colcon_core.package_identification:_identify(build) by extensions ['ignore', 'ignore_ament_install']
[0.238s] Level 1:colcon.colcon_core.package_identification:_identify(build) by extension 'ignore'
[0.238s] Level 1:colcon.colcon_core.package_identification:_identify(build) ignored
[0.238s] Level 1:colcon.colcon_core.package_identification:_identify(install) by extensions ['ignore', 'ignore_ament_install']
[0.238s] Level 1:colcon.colcon_core.package_identification:_identify(install) by extension 'ignore'
[0.238s] Level 1:colcon.colcon_core.package_identification:_identify(install) ignored
[0.238s] Level 1:colcon.colcon_core.package_identification:_identify(log) by extensions ['ignore', 'ignore_ament_install']
[0.238s] Level 1:colcon.colcon_core.package_identification:_identify(log) by extension 'ignore'
[0.238s] Level 1:colcon.colcon_core.package_identification:_identify(log) ignored
[0.238s] Level 1:colcon.colcon_core.package_identification:_identify(src) by extensions ['ignore', 'ignore_ament_install']
[0.238s] Level 1:colcon.colcon_core.package_identification:_identify(src) by extension 'ignore'
[0.238s] Level 1:colcon.colcon_core.package_identification:_identify(src) by extension 'ignore_ament_install'
[0.238s] Level 1:colcon.colcon_core.package_identification:_identify(src) by extensions ['colcon_pkg']
[0.238s] Level 1:colcon.colcon_core.package_identification:_identify(src) by extension 'colcon_pkg'
[0.238s] Level 1:colcon.colcon_core.package_identification:_identify(src) by extensions ['colcon_meta']
[0.238s] Level 1:colcon.colcon_core.package_identification:_identify(src) by extension 'colcon_meta'
[0.238s] Level 1:colcon.colcon_core.package_identification:_identify(src) by extensions ['ros']
[0.238s] Level 1:colcon.colcon_core.package_identification:_identify(src) by extension 'ros'
[0.238s] Level 1:colcon.colcon_core.package_identification:_identify(src) by extensions ['cmake', 'python']
[0.238s] Level 1:colcon.colcon_core.package_identification:_identify(src) by extension 'cmake'
[0.238s] Level 1:colcon.colcon_core.package_identification:_identify(src) by extension 'python'
[0.238s] Level 1:colcon.colcon_core.package_identification:_identify(src) by extensions ['python_setup_py']
[0.239s] Level 1:colcon.colcon_core.package_identification:_identify(src) by extension 'python_setup_py'
[0.239s] Level 1:colcon.colcon_core.package_identification:_identify(src/action_state) by extensions ['ignore', 'ignore_ament_install']
[0.239s] Level 1:colcon.colcon_core.package_identification:_identify(src/action_state) by extension 'ignore'
[0.239s] Level 1:colcon.colcon_core.package_identification:_identify(src/action_state) by extension 'ignore_ament_install'
[0.239s] Level 1:colcon.colcon_core.package_identification:_identify(src/action_state) by extensions ['colcon_pkg']
[0.239s] Level 1:colcon.colcon_core.package_identification:_identify(src/action_state) by extension 'colcon_pkg'
[0.239s] Level 1:colcon.colcon_core.package_identification:_identify(src/action_state) by extensions ['colcon_meta']
[0.239s] Level 1:colcon.colcon_core.package_identification:_identify(src/action_state) by extension 'colcon_meta'
[0.239s] Level 1:colcon.colcon_core.package_identification:_identify(src/action_state) by extensions ['ros']
[0.239s] Level 1:colcon.colcon_core.package_identification:_identify(src/action_state) by extension 'ros'
[0.241s] DEBUG:colcon.colcon_core.package_identification:Package 'src/action_state' with type 'ros.ament_cmake' and name 'action_state'
[0.241s] Level 1:colcon.colcon_core.package_identification:_identify(src/model) by extensions ['ignore', 'ignore_ament_install']
[0.241s] Level 1:colcon.colcon_core.package_identification:_identify(src/model) by extension 'ignore'
[0.241s] Level 1:colcon.colcon_core.package_identification:_identify(src/model) by extension 'ignore_ament_install'
[0.241s] Level 1:colcon.colcon_core.package_identification:_identify(src/model) by extensions ['colcon_pkg']
[0.241s] Level 1:colcon.colcon_core.package_identification:_identify(src/model) by extension 'colcon_pkg'
[0.241s] Level 1:colcon.colcon_core.package_identification:_identify(src/model) by extensions ['colcon_meta']
[0.241s] Level 1:colcon.colcon_core.package_identification:_identify(src/model) by extension 'colcon_meta'
[0.241s] Level 1:colcon.colcon_core.package_identification:_identify(src/model) by extensions ['ros']
[0.242s] Level 1:colcon.colcon_core.package_identification:_identify(src/model) by extension 'ros'
[0.242s] DEBUG:colcon.colcon_core.package_identification:Package 'src/model' with type 'ros.ament_python' and name 'model'
[0.242s] Level 1:colcon.colcon_core.package_identification:_identify(venv) by extensions ['ignore', 'ignore_ament_install']
[0.242s] Level 1:colcon.colcon_core.package_identification:_identify(venv) by extension 'ignore'
[0.242s] Level 1:colcon.colcon_core.package_identification:_identify(venv) ignored
[0.242s] Level 1:colcon.colcon_core.package_discovery:discover_packages(recursive) using defaults
[0.242s] Level 1:colcon.colcon_core.package_discovery:discover_packages(ignore) discover
[0.242s] Level 1:colcon.colcon_core.package_discovery:discover_packages(ignore) using defaults
[0.242s] Level 1:colcon.colcon_core.package_discovery:discover_packages(path) discover
[0.242s] Level 1:colcon.colcon_core.package_discovery:discover_packages(path) using defaults
[0.267s] Level 1:colcon.colcon_core.package_discovery:discover_packages(prefix_path) check parameters
[0.267s] Level 1:colcon.colcon_core.package_discovery:discover_packages(prefix_path) discover
[0.269s] DEBUG:colcon.colcon_installed_package_information.package_discovery:Found 2 installed packages in /home/ethan/quadrupedal-sim/ros/install
[0.270s] DEBUG:colcon.colcon_installed_package_information.package_discovery:Found 270 installed packages in /opt/ros/humble
[0.271s] Level 1:colcon.colcon_core.package_discovery:discover_packages(prefix_path) using defaults
[0.300s] Level 5:colcon.colcon_core.verb:set package 'action_state' build argument 'cmake_args' from command line to 'None'
[0.300s] Level 5:colcon.colcon_core.verb:set package 'action_state' build argument 'cmake_target' from command line to 'None'
[0.300s] Level 5:colcon.colcon_core.verb:set package 'action_state' build argument 'cmake_target_skip_unavailable' from command line to 'False'
[0.300s] Level 5:colcon.colcon_core.verb:set package 'action_state' build argument 'cmake_clean_cache' from command line to 'False'
[0.300s] Level 5:colcon.colcon_core.verb:set package 'action_state' build argument 'cmake_clean_first' from command line to 'False'
[0.300s] Level 5:colcon.colcon_core.verb:set package 'action_state' build argument 'cmake_force_configure' from command line to 'False'
[0.300s] Level 5:colcon.colcon_core.verb:set package 'action_state' build argument 'ament_cmake_args' from command line to 'None'
[0.300s] Level 5:colcon.colcon_core.verb:set package 'action_state' build argument 'catkin_cmake_args' from command line to 'None'
[0.300s] Level 5:colcon.colcon_core.verb:set package 'action_state' build argument 'catkin_skip_building_tests' from command line to 'False'
[0.300s] DEBUG:colcon.colcon_core.verb:Building package 'action_state' with the following arguments: {'ament_cmake_args': None, 'build_base': '/home/ethan/quadrupedal-sim/ros/build/action_state', 'catkin_cmake_args': None, 'catkin_skip_building_tests': False, 'cmake_args': None, 'cmake_clean_cache': False, 'cmake_clean_first': False, 'cmake_force_configure': False, 'cmake_target': None, 'cmake_target_skip_unavailable': False, 'install_base': '/home/ethan/quadrupedal-sim/ros/install/action_state', 'merge_install': False, 'path': '/home/ethan/quadrupedal-sim/ros/src/action_state', 'symlink_install': False, 'test_result_base': None}
[0.300s] Level 5:colcon.colcon_core.verb:set package 'model' build argument 'cmake_args' from command line to 'None'
[0.300s] Level 5:colcon.colcon_core.verb:set package 'model' build argument 'cmake_target' from command line to 'None'
[0.301s] Level 5:colcon.colcon_core.verb:set package 'model' build argument 'cmake_target_skip_unavailable' from command line to 'False'
[0.301s] Level 5:colcon.colcon_core.verb:set package 'model' build argument 'cmake_clean_cache' from command line to 'False'
[0.301s] Level 5:colcon.colcon_core.verb:set package 'model' build argument 'cmake_clean_first' from command line to 'False'
[0.301s] Level 5:colcon.colcon_core.verb:set package 'model' build argument 'cmake_force_configure' from command line to 'False'
[0.301s] Level 5:colcon.colcon_core.verb:set package 'model' build argument 'ament_cmake_args' from command line to 'None'
[0.301s] Level 5:colcon.colcon_core.verb:set package 'model' build argument 'catkin_cmake_args' from command line to 'None'
[0.301s] Level 5:colcon.colcon_core.verb:set package 'model' build argument 'catkin_skip_building_tests' from command line to 'False'
[0.301s] DEBUG:colcon.colcon_core.verb:Building package 'model' with the following arguments: {'ament_cmake_args': None, 'build_base': '/home/ethan/quadrupedal-sim/ros/build/model', 'catkin_cmake_args': None, 'catkin_skip_building_tests': False, 'cmake_args': None, 'cmake_clean_cache': False, 'cmake_clean_first': False, 'cmake_force_configure': False, 'cmake_target': None, 'cmake_target_skip_unavailable': False, 'install_base': '/home/ethan/quadrupedal-sim/ros/install/model', 'merge_install': False, 'path': '/home/ethan/quadrupedal-sim/ros/src/model', 'symlink_install': False, 'test_result_base': None}
[0.301s] INFO:colcon.colcon_core.executor:Executing jobs using 'parallel' executor
[0.302s] DEBUG:colcon.colcon_parallel_executor.executor.parallel:run_until_complete
[0.302s] INFO:colcon.colcon_ros.task.ament_cmake.build:Building ROS package in '/home/ethan/quadrupedal-sim/ros/src/action_state' with build type 'ament_cmake'
[0.303s] INFO:colcon.colcon_cmake.task.cmake.build:Building CMake package in '/home/ethan/quadrupedal-sim/ros/src/action_state'
[0.305s] INFO:colcon.colcon_core.plugin_system:Skipping extension 'colcon_core.shell.bat': Not used on non-Windows systems
[0.305s] INFO:colcon.colcon_core.shell:Skip shell extension 'powershell' for command environment: Not usable outside of PowerShell
[0.305s] DEBUG:colcon.colcon_core.shell:Skip shell extension 'dsv' for command environment
[0.308s] INFO:colcon.colcon_ros.task.ament_python.build:Building ROS package in '/home/ethan/quadrupedal-sim/ros/src/model' with build type 'ament_python'
[0.308s] Level 1:colcon.colcon_core.shell:create_environment_hook('model', 'ament_prefix_path')
[0.308s] INFO:colcon.colcon_core.shell:Creating environment hook '/home/ethan/quadrupedal-sim/ros/install/model/share/model/hook/ament_prefix_path.ps1'
[0.309s] INFO:colcon.colcon_core.shell:Creating environment descriptor '/home/ethan/quadrupedal-sim/ros/install/model/share/model/hook/ament_prefix_path.dsv'
[0.309s] INFO:colcon.colcon_core.shell:Creating environment hook '/home/ethan/quadrupedal-sim/ros/install/model/share/model/hook/ament_prefix_path.sh'
[0.310s] INFO:colcon.colcon_core.shell:Skip shell extension 'powershell' for command environment: Not usable outside of PowerShell
[0.310s] DEBUG:colcon.colcon_core.shell:Skip shell extension 'dsv' for command environment
[0.319s] DEBUG:colcon.colcon_core.event_handler.log_command:Invoking command in '/home/ethan/quadrupedal-sim/ros/build/action_state': CMAKE_PREFIX_PATH=${CMAKE_PREFIX_PATH}:/home/ethan/quadrupedal-sim/ros/install/model:/opt/ros/humble VIRTUAL_ENV_PROMPT=(venv) /usr/bin/cmake --build /home/ethan/quadrupedal-sim/ros/build/action_state -- -j8 -l8
[0.579s] INFO:colcon.colcon_core.task.python.build:Building Python package in '/home/ethan/quadrupedal-sim/ros/src/model'
[0.579s] INFO:colcon.colcon_core.shell:Skip shell extension 'powershell' for command environment: Not usable outside of PowerShell
[0.579s] DEBUG:colcon.colcon_core.shell:Skip shell extension 'dsv' for command environment
[0.602s] DEBUG:colcon.colcon_core.event_handler.log_command:Invoked command in '/home/ethan/quadrupedal-sim/ros/build/action_state' returned '0': CMAKE_PREFIX_PATH=${CMAKE_PREFIX_PATH}:/home/ethan/quadrupedal-sim/ros/install/model:/opt/ros/humble VIRTUAL_ENV_PROMPT=(venv) /usr/bin/cmake --build /home/ethan/quadrupedal-sim/ros/build/action_state -- -j8 -l8
[0.663s] DEBUG:colcon.colcon_core.event_handler.log_command:Invoking command in '/home/ethan/quadrupedal-sim/ros/build/action_state': CMAKE_PREFIX_PATH=${CMAKE_PREFIX_PATH}:/home/ethan/quadrupedal-sim/ros/install/model:/opt/ros/humble VIRTUAL_ENV_PROMPT=(venv) /usr/bin/cmake --install /home/ethan/quadrupedal-sim/ros/build/action_state
[0.715s] Level 1:colcon.colcon_core.environment:create_environment_scripts_only(action_state)
[0.716s] DEBUG:colcon.colcon_core.event_handler.log_command:Invoked command in '/home/ethan/quadrupedal-sim/ros/build/action_state' returned '0': CMAKE_PREFIX_PATH=${CMAKE_PREFIX_PATH}:/home/ethan/quadrupedal-sim/ros/install/model:/opt/ros/humble VIRTUAL_ENV_PROMPT=(venv) /usr/bin/cmake --install /home/ethan/quadrupedal-sim/ros/build/action_state
[0.719s] Level 1:colcon.colcon_core.environment:checking '/home/ethan/quadrupedal-sim/ros/install/action_state' for CMake module files
[0.720s] Level 1:colcon.colcon_core.environment:checking '/home/ethan/quadrupedal-sim/ros/install/action_state' for CMake config files
[0.721s] Level 1:colcon.colcon_core.shell:create_environment_hook('action_state', 'cmake_prefix_path')
[0.721s] INFO:colcon.colcon_core.shell:Creating environment hook '/home/ethan/quadrupedal-sim/ros/install/action_state/share/action_state/hook/cmake_prefix_path.ps1'
[0.722s] INFO:colcon.colcon_core.shell:Creating environment descriptor '/home/ethan/quadrupedal-sim/ros/install/action_state/share/action_state/hook/cmake_prefix_path.dsv'
[0.723s] INFO:colcon.colcon_core.shell:Creating environment hook '/home/ethan/quadrupedal-sim/ros/install/action_state/share/action_state/hook/cmake_prefix_path.sh'
[0.724s] Level 1:colcon.colcon_core.environment:checking '/home/ethan/quadrupedal-sim/ros/install/action_state/lib'
[0.724s] Level 1:colcon.colcon_core.shell:create_environment_hook('action_state', 'ld_library_path_lib')
[0.725s] INFO:colcon.colcon_core.shell:Creating environment hook '/home/ethan/quadrupedal-sim/ros/install/action_state/share/action_state/hook/ld_library_path_lib.ps1'
[0.725s] INFO:colcon.colcon_core.shell:Creating environment descriptor '/home/ethan/quadrupedal-sim/ros/install/action_state/share/action_state/hook/ld_library_path_lib.dsv'
[0.726s] INFO:colcon.colcon_core.shell:Creating environment hook '/home/ethan/quadrupedal-sim/ros/install/action_state/share/action_state/hook/ld_library_path_lib.sh'
[0.726s] Level 1:colcon.colcon_core.environment:checking '/home/ethan/quadrupedal-sim/ros/install/action_state/bin'
[0.726s] Level 1:colcon.colcon_core.environment:checking '/home/ethan/quadrupedal-sim/ros/install/action_state/lib/pkgconfig/action_state.pc'
[0.727s] Level 1:colcon.colcon_core.environment:checking '/home/ethan/quadrupedal-sim/ros/install/action_state/lib/python3.10/site-packages'
[0.727s] Level 1:colcon.colcon_core.shell:create_environment_hook('action_state', 'pythonpath')
[0.727s] INFO:colcon.colcon_core.shell:Creating environment hook '/home/ethan/quadrupedal-sim/ros/install/action_state/share/action_state/hook/pythonpath.ps1'
[0.727s] INFO:colcon.colcon_core.shell:Creating environment descriptor '/home/ethan/quadrupedal-sim/ros/install/action_state/share/action_state/hook/pythonpath.dsv'
[0.727s] INFO:colcon.colcon_core.shell:Creating environment hook '/home/ethan/quadrupedal-sim/ros/install/action_state/share/action_state/hook/pythonpath.sh'
[0.728s] Level 1:colcon.colcon_core.environment:checking '/home/ethan/quadrupedal-sim/ros/install/action_state/bin'
[0.728s] INFO:colcon.colcon_core.shell:Creating package script '/home/ethan/quadrupedal-sim/ros/install/action_state/share/action_state/package.ps1'
[0.729s] INFO:colcon.colcon_core.shell:Creating package descriptor '/home/ethan/quadrupedal-sim/ros/install/action_state/share/action_state/package.dsv'
[0.730s] INFO:colcon.colcon_core.shell:Creating package script '/home/ethan/quadrupedal-sim/ros/install/action_state/share/action_state/package.sh'
[0.731s] INFO:colcon.colcon_core.shell:Creating package script '/home/ethan/quadrupedal-sim/ros/install/action_state/share/action_state/package.bash'
[0.731s] INFO:colcon.colcon_core.shell:Creating package script '/home/ethan/quadrupedal-sim/ros/install/action_state/share/action_state/package.zsh'
[0.732s] Level 1:colcon.colcon_core.environment:create_file_with_runtime_dependencies(/home/ethan/quadrupedal-sim/ros/install/action_state/share/colcon-core/packages/action_state)
[0.781s] Level 1:colcon.colcon_core.environment:create_environment_scripts_only(action_state)
[0.781s] Level 1:colcon.colcon_core.environment:checking '/home/ethan/quadrupedal-sim/ros/install/action_state' for CMake module files
[0.781s] Level 1:colcon.colcon_core.environment:checking '/home/ethan/quadrupedal-sim/ros/install/action_state' for CMake config files
[0.782s] Level 1:colcon.colcon_core.shell:create_environment_hook('action_state', 'cmake_prefix_path')
[0.782s] INFO:colcon.colcon_core.shell:Creating environment hook '/home/ethan/quadrupedal-sim/ros/install/action_state/share/action_state/hook/cmake_prefix_path.ps1'
[0.782s] INFO:colcon.colcon_core.shell:Creating environment descriptor '/home/ethan/quadrupedal-sim/ros/install/action_state/share/action_state/hook/cmake_prefix_path.dsv'
[0.782s] INFO:colcon.colcon_core.shell:Creating environment hook '/home/ethan/quadrupedal-sim/ros/install/action_state/share/action_state/hook/cmake_prefix_path.sh'
[0.783s] Level 1:colcon.colcon_core.environment:checking '/home/ethan/quadrupedal-sim/ros/install/action_state/lib'
[0.783s] Level 1:colcon.colcon_core.shell:create_environment_hook('action_state', 'ld_library_path_lib')
[0.783s] INFO:colcon.colcon_core.shell:Creating environment hook '/home/ethan/quadrupedal-sim/ros/install/action_state/share/action_state/hook/ld_library_path_lib.ps1'
[0.783s] INFO:colcon.colcon_core.shell:Creating environment descriptor '/home/ethan/quadrupedal-sim/ros/install/action_state/share/action_state/hook/ld_library_path_lib.dsv'
[0.784s] INFO:colcon.colcon_core.shell:Creating environment hook '/home/ethan/quadrupedal-sim/ros/install/action_state/share/action_state/hook/ld_library_path_lib.sh'
[0.784s] Level 1:colcon.colcon_core.environment:checking '/home/ethan/quadrupedal-sim/ros/install/action_state/bin'
[0.784s] Level 1:colcon.colcon_core.environment:checking '/home/ethan/quadrupedal-sim/ros/install/action_state/lib/pkgconfig/action_state.pc'
[0.784s] Level 1:colcon.colcon_core.environment:checking '/home/ethan/quadrupedal-sim/ros/install/action_state/lib/python3.10/site-packages'
[0.784s] Level 1:colcon.colcon_core.shell:create_environment_hook('action_state', 'pythonpath')
[0.784s] INFO:colcon.colcon_core.shell:Creating environment hook '/home/ethan/quadrupedal-sim/ros/install/action_state/share/action_state/hook/pythonpath.ps1'
[0.785s] INFO:colcon.colcon_core.shell:Creating environment descriptor '/home/ethan/quadrupedal-sim/ros/install/action_state/share/action_state/hook/pythonpath.dsv'
[0.785s] INFO:colcon.colcon_core.shell:Creating environment hook '/home/ethan/quadrupedal-sim/ros/install/action_state/share/action_state/hook/pythonpath.sh'
[0.786s] Level 1:colcon.colcon_core.environment:checking '/home/ethan/quadrupedal-sim/ros/install/action_state/bin'
[0.786s] INFO:colcon.colcon_core.shell:Creating package script '/home/ethan/quadrupedal-sim/ros/install/action_state/share/action_state/package.ps1'
[0.786s] INFO:colcon.colcon_core.shell:Creating package descriptor '/home/ethan/quadrupedal-sim/ros/install/action_state/share/action_state/package.dsv'
[0.787s] INFO:colcon.colcon_core.shell:Creating package script '/home/ethan/quadrupedal-sim/ros/install/action_state/share/action_state/package.sh'
[0.787s] INFO:colcon.colcon_core.shell:Creating package script '/home/ethan/quadrupedal-sim/ros/install/action_state/share/action_state/package.bash'
[0.787s] INFO:colcon.colcon_core.shell:Creating package script '/home/ethan/quadrupedal-sim/ros/install/action_state/share/action_state/package.zsh'
[0.788s] Level 1:colcon.colcon_core.environment:create_file_with_runtime_dependencies(/home/ethan/quadrupedal-sim/ros/install/action_state/share/colcon-core/packages/action_state)
[0.916s] DEBUG:colcon.colcon_core.event_handler.log_command:Invoking command in '/home/ethan/quadrupedal-sim/ros/src/model': PYTHONPATH=/home/ethan/quadrupedal-sim/ros/build/model/prefix_override:/home/ethan/quadrupedal-sim/ros/install/model/lib/python3.10/site-packages:${PYTHONPATH} VIRTUAL_ENV_PROMPT=(venv) /usr/bin/python3 -W ignore:setup.py install is deprecated setup.py egg_info --egg-base ../../build/model build --build-base /home/ethan/quadrupedal-sim/ros/build/model/build install --record /home/ethan/quadrupedal-sim/ros/build/model/install.log --single-version-externally-managed install_data
[1.179s] Level 1:colcon.colcon_core.environment:checking '/home/ethan/quadrupedal-sim/ros/install/model' for CMake module files
[1.179s] DEBUG:colcon.colcon_core.event_handler.log_command:Invoked command in '/home/ethan/quadrupedal-sim/ros/src/model' returned '0': PYTHONPATH=/home/ethan/quadrupedal-sim/ros/build/model/prefix_override:/home/ethan/quadrupedal-sim/ros/install/model/lib/python3.10/site-packages:${PYTHONPATH} VIRTUAL_ENV_PROMPT=(venv) /usr/bin/python3 -W ignore:setup.py install is deprecated setup.py egg_info --egg-base ../../build/model build --build-base /home/ethan/quadrupedal-sim/ros/build/model/build install --record /home/ethan/quadrupedal-sim/ros/build/model/install.log --single-version-externally-managed install_data
[1.180s] Level 1:colcon.colcon_core.environment:checking '/home/ethan/quadrupedal-sim/ros/install/model' for CMake config files
[1.180s] Level 1:colcon.colcon_core.environment:checking '/home/ethan/quadrupedal-sim/ros/install/model/lib'
[1.180s] Level 1:colcon.colcon_core.environment:checking '/home/ethan/quadrupedal-sim/ros/install/model/bin'
[1.180s] Level 1:colcon.colcon_core.environment:checking '/home/ethan/quadrupedal-sim/ros/install/model/lib/pkgconfig/model.pc'
[1.180s] Level 1:colcon.colcon_core.environment:checking '/home/ethan/quadrupedal-sim/ros/install/model/lib/python3.10/site-packages'
[1.180s] Level 1:colcon.colcon_core.shell:create_environment_hook('model', 'pythonpath')
[1.181s] INFO:colcon.colcon_core.shell:Creating environment hook '/home/ethan/quadrupedal-sim/ros/install/model/share/model/hook/pythonpath.ps1'
[1.181s] INFO:colcon.colcon_core.shell:Creating environment descriptor '/home/ethan/quadrupedal-sim/ros/install/model/share/model/hook/pythonpath.dsv'
[1.181s] INFO:colcon.colcon_core.shell:Creating environment hook '/home/ethan/quadrupedal-sim/ros/install/model/share/model/hook/pythonpath.sh'
[1.182s] Level 1:colcon.colcon_core.environment:checking '/home/ethan/quadrupedal-sim/ros/install/model/bin'
[1.182s] Level 1:colcon.colcon_core.environment:create_environment_scripts_only(model)
[1.182s] INFO:colcon.colcon_core.shell:Creating package script '/home/ethan/quadrupedal-sim/ros/install/model/share/model/package.ps1'
[1.182s] INFO:colcon.colcon_core.shell:Creating package descriptor '/home/ethan/quadrupedal-sim/ros/install/model/share/model/package.dsv'
[1.183s] INFO:colcon.colcon_core.shell:Creating package script '/home/ethan/quadrupedal-sim/ros/install/model/share/model/package.sh'
[1.183s] INFO:colcon.colcon_core.shell:Creating package script '/home/ethan/quadrupedal-sim/ros/install/model/share/model/package.bash'
[1.183s] INFO:colcon.colcon_core.shell:Creating package script '/home/ethan/quadrupedal-sim/ros/install/model/share/model/package.zsh'
[1.183s] Level 1:colcon.colcon_core.environment:create_file_with_runtime_dependencies(/home/ethan/quadrupedal-sim/ros/install/model/share/colcon-core/packages/model)
[1.184s] DEBUG:colcon.colcon_parallel_executor.executor.parallel:closing loop
[1.184s] DEBUG:colcon.colcon_parallel_executor.executor.parallel:loop closed
[1.184s] DEBUG:colcon.colcon_parallel_executor.executor.parallel:run_until_complete finished with '0'
[1.184s] DEBUG:colcon.colcon_core.event_reactor:joining thread
[1.188s] INFO:colcon.colcon_core.plugin_system:Skipping extension 'colcon_notification.desktop_notification.terminal_notifier': Not used on non-Darwin systems
[1.188s] INFO:colcon.colcon_core.plugin_system:Skipping extension 'colcon_notification.desktop_notification.win32': Not used on non-Windows systems
[1.188s] INFO:colcon.colcon_notification.desktop_notification:Sending desktop notification using 'notify2'
[1.202s] DEBUG:colcon.colcon_core.event_reactor:joined thread
[1.202s] INFO:colcon.colcon_core.shell:Creating prefix script '/home/ethan/quadrupedal-sim/ros/install/local_setup.ps1'
[1.204s] INFO:colcon.colcon_core.shell:Creating prefix util module '/home/ethan/quadrupedal-sim/ros/install/_local_setup_util_ps1.py'
[1.205s] INFO:colcon.colcon_core.shell:Creating prefix chain script '/home/ethan/quadrupedal-sim/ros/install/setup.ps1'
[1.206s] INFO:colcon.colcon_core.shell:Creating prefix script '/home/ethan/quadrupedal-sim/ros/install/local_setup.sh'
[1.207s] INFO:colcon.colcon_core.shell:Creating prefix util module '/home/ethan/quadrupedal-sim/ros/install/_local_setup_util_sh.py'
[1.207s] INFO:colcon.colcon_core.shell:Creating prefix chain script '/home/ethan/quadrupedal-sim/ros/install/setup.sh'
[1.208s] INFO:colcon.colcon_core.shell:Creating prefix script '/home/ethan/quadrupedal-sim/ros/install/local_setup.bash'
[1.209s] INFO:colcon.colcon_core.shell:Creating prefix chain script '/home/ethan/quadrupedal-sim/ros/install/setup.bash'
[1.209s] INFO:colcon.colcon_core.shell:Creating prefix script '/home/ethan/quadrupedal-sim/ros/install/local_setup.zsh'
[1.210s] INFO:colcon.colcon_core.shell:Creating prefix chain script '/home/ethan/quadrupedal-sim/ros/install/setup.zsh'
