[1.180s] Invoking command in '/home/ethan/quadrupedal-sim/ros/src/model': PYTHONPATH=/home/ethan/quadrupedal-sim/ros/build/model/prefix_override:/home/ethan/quadrupedal-sim/ros/install/model/lib/python3.10/site-packages:${PYTHONPATH} VIRTUAL_ENV_PROMPT=(venv) /usr/bin/python3 -W ignore:setup.py install is deprecated setup.py egg_info --egg-base ../../build/model build --build-base /home/ethan/quadrupedal-sim/ros/build/model/build install --record /home/ethan/quadrupedal-sim/ros/build/model/install.log --single-version-externally-managed install_data
[1.625s] running egg_info
[1.625s] writing ../../build/model/model.egg-info/PKG-INFO
[1.625s] writing dependency_links to ../../build/model/model.egg-info/dependency_links.txt
[1.626s] writing entry points to ../../build/model/model.egg-info/entry_points.txt
[1.626s] writing requirements to ../../build/model/model.egg-info/requires.txt
[1.626s] writing top-level names to ../../build/model/model.egg-info/top_level.txt
[1.627s] reading manifest file '../../build/model/model.egg-info/SOURCES.txt'
[1.627s] adding license file 'LICENSE'
[1.628s] writing manifest file '../../build/model/model.egg-info/SOURCES.txt'
[1.628s] running build
[1.628s] running build_py
[1.629s] running install
[1.629s] running install_lib
[1.632s] running install_data
[1.632s] copying package.xml -> /home/ethan/quadrupedal-sim/ros/install/model/share/model
[1.632s] running install_egg_info
[1.635s] removing '/home/ethan/quadrupedal-sim/ros/install/model/lib/python3.10/site-packages/model-0.0.0-py3.10.egg-info' (and everything under it)
[1.636s] Copying ../../build/model/model.egg-info to /home/ethan/quadrupedal-sim/ros/install/model/lib/python3.10/site-packages/model-0.0.0-py3.10.egg-info
[1.636s] running install_scripts
[1.668s] Installing talker script to /home/ethan/quadrupedal-sim/ros/install/model/lib/model
[1.669s] writing list of installed files to '/home/ethan/quadrupedal-sim/ros/build/model/install.log'
[1.695s] Invoked command in '/home/ethan/quadrupedal-sim/ros/src/model' returned '0': PYTHONPATH=/home/ethan/quadrupedal-sim/ros/build/model/prefix_override:/home/ethan/quadrupedal-sim/ros/install/model/lib/python3.10/site-packages:${PYTHONPATH} VIRTUAL_ENV_PROMPT=(venv) /usr/bin/python3 -W ignore:setup.py install is deprecated setup.py egg_info --egg-base ../../build/model build --build-base /home/ethan/quadrupedal-sim/ros/build/model/build install --record /home/ethan/quadrupedal-sim/ros/build/model/install.log --single-version-externally-managed install_data
