[1.224s] Invoking command in '/home/ethan/quadrupedal-sim/ros/src/model': PYTHONPATH=/home/ethan/quadrupedal-sim/ros/build/model/prefix_override:/home/ethan/quadrupedal-sim/ros/install/model/lib/python3.10/site-packages:${PYTHONPATH} VIRTUAL_ENV_PROMPT=(venv) /usr/bin/python3 -W ignore:setup.py install is deprecated setup.py egg_info --egg-base ../../build/model build --build-base /home/ethan/quadrupedal-sim/ros/build/model/build install --record /home/ethan/quadrupedal-sim/ros/build/model/install.log --single-version-externally-managed install_data
[1.667s] running egg_info
[1.668s] writing ../../build/model/model.egg-info/PKG-INFO
[1.668s] writing dependency_links to ../../build/model/model.egg-info/dependency_links.txt
[1.668s] writing entry points to ../../build/model/model.egg-info/entry_points.txt
[1.668s] writing requirements to ../../build/model/model.egg-info/requires.txt
[1.668s] writing top-level names to ../../build/model/model.egg-info/top_level.txt
[1.671s] reading manifest file '../../build/model/model.egg-info/SOURCES.txt'
[1.672s] adding license file 'LICENSE'
[1.673s] writing manifest file '../../build/model/model.egg-info/SOURCES.txt'
[1.673s] running build
[1.673s] running build_py
[1.673s] copying model/model_goal.py -> /home/ethan/quadrupedal-sim/ros/build/model/build/lib/model
[1.677s] running install
[1.677s] running install_lib
[1.680s] copying /home/ethan/quadrupedal-sim/ros/build/model/build/lib/model/model_goal.py -> /home/ethan/quadrupedal-sim/ros/install/model/lib/python3.10/site-packages/model
[1.682s] byte-compiling /home/ethan/quadrupedal-sim/ros/install/model/lib/python3.10/site-packages/model/model_goal.py to model_goal.cpython-310.pyc
[1.682s] running install_data
[1.683s] running install_egg_info
[1.688s] removing '/home/ethan/quadrupedal-sim/ros/install/model/lib/python3.10/site-packages/model-0.0.0-py3.10.egg-info' (and everything under it)
[1.688s] Copying ../../build/model/model.egg-info to /home/ethan/quadrupedal-sim/ros/install/model/lib/python3.10/site-packages/model-0.0.0-py3.10.egg-info
[1.689s] running install_scripts
[1.728s] Installing client script to /home/ethan/quadrupedal-sim/ros/install/model/lib/model
[1.728s] Installing server script to /home/ethan/quadrupedal-sim/ros/install/model/lib/model
[1.728s] writing list of installed files to '/home/ethan/quadrupedal-sim/ros/build/model/install.log'
[1.751s] Invoked command in '/home/ethan/quadrupedal-sim/ros/src/model' returned '0': PYTHONPATH=/home/ethan/quadrupedal-sim/ros/build/model/prefix_override:/home/ethan/quadrupedal-sim/ros/install/model/lib/python3.10/site-packages:${PYTHONPATH} VIRTUAL_ENV_PROMPT=(venv) /usr/bin/python3 -W ignore:setup.py install is deprecated setup.py egg_info --egg-base ../../build/model build --build-base /home/ethan/quadrupedal-sim/ros/build/model/build install --record /home/ethan/quadrupedal-sim/ros/build/model/install.log --single-version-externally-managed install_data
