running develop
Removing /home/ethan/quadrupedal-sim/ros/install/model/lib/python3.10/site-packages/model.egg-link (link to .)
running egg_info
writing ../../build/model/model.egg-info/PKG-INFO
writing dependency_links to ../../build/model/model.egg-info/dependency_links.txt
writing entry points to ../../build/model/model.egg-info/entry_points.txt
writing requirements to ../../build/model/model.egg-info/requires.txt
writing top-level names to ../../build/model/model.egg-info/top_level.txt
reading manifest file '../../build/model/model.egg-info/SOURCES.txt'
adding license file 'LICENSE'
writing manifest file '../../build/model/model.egg-info/SOURCES.txt'
running build
running build_py
creating /home/ethan/quadrupedal-sim/ros/build/model/build
creating /home/ethan/quadrupedal-sim/ros/build/model/build/lib
creating /home/ethan/quadrupedal-sim/ros/build/model/build/lib/model
copying model/__init__.py -> /home/ethan/quadrupedal-sim/ros/build/model/build/lib/model
copying model/actor.py -> /home/ethan/quadrupedal-sim/ros/build/model/build/lib/model
copying model/model_action.py -> /home/ethan/quadrupedal-sim/ros/build/model/build/lib/model
running install
running install_lib
creating /home/ethan/quadrupedal-sim/ros/install/model/lib/python3.10/site-packages/model
copying /home/ethan/quadrupedal-sim/ros/build/model/build/lib/model/__init__.py -> /home/ethan/quadrupedal-sim/ros/install/model/lib/python3.10/site-packages/model
copying /home/ethan/quadrupedal-sim/ros/build/model/build/lib/model/actor.py -> /home/ethan/quadrupedal-sim/ros/install/model/lib/python3.10/site-packages/model
copying /home/ethan/quadrupedal-sim/ros/build/model/build/lib/model/model_action.py -> /home/ethan/quadrupedal-sim/ros/install/model/lib/python3.10/site-packages/model
byte-compiling /home/ethan/quadrupedal-sim/ros/install/model/lib/python3.10/site-packages/model/__init__.py to __init__.cpython-310.pyc
byte-compiling /home/ethan/quadrupedal-sim/ros/install/model/lib/python3.10/site-packages/model/actor.py to actor.cpython-310.pyc
byte-compiling /home/ethan/quadrupedal-sim/ros/install/model/lib/python3.10/site-packages/model/model_action.py to model_action.cpython-310.pyc
running install_data
copying resource/model -> /home/ethan/quadrupedal-sim/ros/install/model/share/ament_index/resource_index/packages
copying package.xml -> /home/ethan/quadrupedal-sim/ros/install/model/share/model
running install_egg_info
Copying ../../build/model/model.egg-info to /home/ethan/quadrupedal-sim/ros/install/model/lib/python3.10/site-packages/model-0.0.0-py3.10.egg-info
running install_scripts
writing list of installed files to '/home/ethan/quadrupedal-sim/ros/build/model/install.log'
