[0.645s] Invoking command in '/home/ethan/quadrupedal-sim/ros/src/model': PYTHONPATH=/home/ethan/quadrupedal-sim/ros/build/model/prefix_override:/home/ethan/quadrupedal-sim/ros/install/model/lib/python3.10/site-packages:${PYTHONPATH} VIRTUAL_ENV_PROMPT=(venv) /usr/bin/python3 -W ignore:setup.py install is deprecated setup.py egg_info --egg-base ../../build/model build --build-base /home/ethan/quadrupedal-sim/ros/build/model/build install --record /home/ethan/quadrupedal-sim/ros/build/model/install.log --single-version-externally-managed install_data
[0.848s] running egg_info
[0.849s] writing ../../build/model/model.egg-info/PKG-INFO
[0.849s] writing dependency_links to ../../build/model/model.egg-info/dependency_links.txt
[0.849s] writing entry points to ../../build/model/model.egg-info/entry_points.txt
[0.849s] writing requirements to ../../build/model/model.egg-info/requires.txt
[0.849s] writing top-level names to ../../build/model/model.egg-info/top_level.txt
[0.852s] reading manifest file '../../build/model/model.egg-info/SOURCES.txt'
[0.853s] adding license file 'LICENSE'
[0.854s] writing manifest file '../../build/model/model.egg-info/SOURCES.txt'
[0.854s] running build
[0.854s] running build_py
[0.854s] copying model/model_action.py -> /home/ethan/quadrupedal-sim/ros/build/model/build/lib/model
[0.858s] running install
[0.859s] running install_lib
[0.861s] copying /home/ethan/quadrupedal-sim/ros/build/model/build/lib/model/model_action.py -> /home/ethan/quadrupedal-sim/ros/install/model/lib/python3.10/site-packages/model
[0.862s] byte-compiling /home/ethan/quadrupedal-sim/ros/install/model/lib/python3.10/site-packages/model/model_action.py to model_action.cpython-310.pyc
[0.863s] running install_data
[0.863s] running install_egg_info
[0.865s] removing '/home/ethan/quadrupedal-sim/ros/install/model/lib/python3.10/site-packages/model-0.0.0-py3.10.egg-info' (and everything under it)
[0.865s] Copying ../../build/model/model.egg-info to /home/ethan/quadrupedal-sim/ros/install/model/lib/python3.10/site-packages/model-0.0.0-py3.10.egg-info
[0.866s] running install_scripts
[0.883s] Installing client script to /home/ethan/quadrupedal-sim/ros/install/model/lib/model
[0.884s] Installing server script to /home/ethan/quadrupedal-sim/ros/install/model/lib/model
[0.884s] writing list of installed files to '/home/ethan/quadrupedal-sim/ros/build/model/install.log'
[0.907s] Invoked command in '/home/ethan/quadrupedal-sim/ros/src/model' returned '0': PYTHONPATH=/home/ethan/quadrupedal-sim/ros/build/model/prefix_override:/home/ethan/quadrupedal-sim/ros/install/model/lib/python3.10/site-packages:${PYTHONPATH} VIRTUAL_ENV_PROMPT=(venv) /usr/bin/python3 -W ignore:setup.py install is deprecated setup.py egg_info --egg-base ../../build/model build --build-base /home/ethan/quadrupedal-sim/ros/build/model/build install --record /home/ethan/quadrupedal-sim/ros/build/model/install.log --single-version-externally-managed install_data
