running egg_info
creating ../../build/model/model.egg-info
writing ../../build/model/model.egg-info/PKG-INFO
writing dependency_links to ../../build/model/model.egg-info/dependency_links.txt
writing entry points to ../../build/model/model.egg-info/entry_points.txt
writing requirements to ../../build/model/model.egg-info/requires.txt
writing top-level names to ../../build/model/model.egg-info/top_level.txt
writing manifest file '../../build/model/model.egg-info/SOURCES.txt'
reading manifest file '../../build/model/model.egg-info/SOURCES.txt'
adding license file 'LICENSE'
writing manifest file '../../build/model/model.egg-info/SOURCES.txt'
running build
running build_py
creating /home/ethan/quadrupedal-sim/ros/build/model/build
creating /home/ethan/quadrupedal-sim/ros/build/model/build/lib
creating /home/ethan/quadrupedal-sim/ros/build/model/build/lib/model
copying model/__init__.py -> /home/ethan/quadrupedal-sim/ros/build/model/build/lib/model
copying model/model_action.py -> /home/ethan/quadrupedal-sim/ros/build/model/build/lib/model
creating /home/ethan/quadrupedal-sim/ros/build/model/build/lib/model/saved_models
copying model/saved_models/__init__.py -> /home/ethan/quadrupedal-sim/ros/build/model/build/lib/model/saved_models
copying model/saved_models/actor.py -> /home/ethan/quadrupedal-sim/ros/build/model/build/lib/model/saved_models
copying model/saved_models/actor_target.pt -> /home/ethan/quadrupedal-sim/ros/build/model/build/lib/model/saved_models
creating /home/ethan/quadrupedal-sim/ros/build/model/build/lib/model/robot
copying model/robot/right_forearm_linkage_v1.part -> /home/ethan/quadrupedal-sim/ros/build/model/build/lib/model/robot
copying model/robot/left_forearm_linkage_v1.stl -> /home/ethan/quadrupedal-sim/ros/build/model/build/lib/model/robot
copying model/robot/top_hip_servo_v14.stl -> /home/ethan/quadrupedal-sim/ros/build/model/build/lib/model/robot
copying model/robot/bearing_10x15x4_v1.stl -> /home/ethan/quadrupedal-sim/ros/build/model/build/lib/model/robot
copying model/robot/right_forearm_pivot_v1.part -> /home/ethan/quadrupedal-sim/ros/build/model/build/lib/model/robot
copying model/robot/left_forearm_linkage_v1.part -> /home/ethan/quadrupedal-sim/ros/build/model/build/lib/model/robot
copying model/robot/servo_arm_retainer_v1.part -> /home/ethan/quadrupedal-sim/ros/build/model/build/lib/model/robot
copying model/robot/hip_cage_v4.part -> /home/ethan/quadrupedal-sim/ros/build/model/build/lib/model/robot
copying model/robot/right_thigh_v1.part -> /home/ethan/quadrupedal-sim/ros/build/model/build/lib/model/robot
copying model/robot/left_forearm_inside_v1.stl -> /home/ethan/quadrupedal-sim/ros/build/model/build/lib/model/robot
copying model/robot/top_body_v21.part -> /home/ethan/quadrupedal-sim/ros/build/model/build/lib/model/robot
copying model/robot/battery.stl -> /home/ethan/quadrupedal-sim/ros/build/model/build/lib/model/robot
copying model/robot/right_forearm_pivot_v1.stl -> /home/ethan/quadrupedal-sim/ros/build/model/build/lib/model/robot
copying model/robot/left_cover_v2.part -> /home/ethan/quadrupedal-sim/ros/build/model/build/lib/model/robot
copying model/robot/hip_v2.stl -> /home/ethan/quadrupedal-sim/ros/build/model/build/lib/model/robot
copying model/robot/hip_v2.part -> /home/ethan/quadrupedal-sim/ros/build/model/build/lib/model/robot
copying model/robot/servo_arm_retainer_v1.stl -> /home/ethan/quadrupedal-sim/ros/build/model/build/lib/model/robot
copying model/robot/9g_servo_arm_v1.part -> /home/ethan/quadrupedal-sim/ros/build/model/build/lib/model/robot
copying model/robot/left_thigh_v1.part -> /home/ethan/quadrupedal-sim/ros/build/model/build/lib/model/robot
copying model/robot/top_hip_servo_v14.part -> /home/ethan/quadrupedal-sim/ros/build/model/build/lib/model/robot
copying model/robot/right_cover_v2.stl -> /home/ethan/quadrupedal-sim/ros/build/model/build/lib/model/robot
copying model/robot/bearing_5x8x2.5_v1.part -> /home/ethan/quadrupedal-sim/ros/build/model/build/lib/model/robot
copying model/robot/hip_joint_to_bearing_v3.stl -> /home/ethan/quadrupedal-sim/ros/build/model/build/lib/model/robot
copying model/robot/robot.urdf -> /home/ethan/quadrupedal-sim/ros/build/model/build/lib/model/robot
copying model/robot/left_forearm_outside_v1.stl -> /home/ethan/quadrupedal-sim/ros/build/model/build/lib/model/robot
copying model/robot/hip_cage_v4.stl -> /home/ethan/quadrupedal-sim/ros/build/model/build/lib/model/robot
copying model/robot/right_forearm_outside_v1.part -> /home/ethan/quadrupedal-sim/ros/build/model/build/lib/model/robot
copying model/robot/servo_controller_v1.stl -> /home/ethan/quadrupedal-sim/ros/build/model/build/lib/model/robot
copying model/robot/hip_joint_to_bearing_v3.part -> /home/ethan/quadrupedal-sim/ros/build/model/build/lib/model/robot
copying model/robot/right_forearm_servo_attachment_v1.part -> /home/ethan/quadrupedal-sim/ros/build/model/build/lib/model/robot
copying model/robot/servo_controller_v1.part -> /home/ethan/quadrupedal-sim/ros/build/model/build/lib/model/robot
copying model/robot/left_forearm_servo_attachment_v1.part -> /home/ethan/quadrupedal-sim/ros/build/model/build/lib/model/robot
copying model/robot/bottom_body_v3.part -> /home/ethan/quadrupedal-sim/ros/build/model/build/lib/model/robot
copying model/robot/left_forearm_pivot_v1.part -> /home/ethan/quadrupedal-sim/ros/build/model/build/lib/model/robot
copying model/robot/right_forearm_inside_v1.stl -> /home/ethan/quadrupedal-sim/ros/build/model/build/lib/model/robot
copying model/robot/microservosg90.part -> /home/ethan/quadrupedal-sim/ros/build/model/build/lib/model/robot
copying model/robot/9g_thigh_servo_attachment_v1.part -> /home/ethan/quadrupedal-sim/ros/build/model/build/lib/model/robot
copying model/robot/9g_thigh_servo_attachment_v1.stl -> /home/ethan/quadrupedal-sim/ros/build/model/build/lib/model/robot
copying model/robot/hip_joint_to_servo_v2.stl -> /home/ethan/quadrupedal-sim/ros/build/model/build/lib/model/robot
copying model/robot/right_thigh_v1.stl -> /home/ethan/quadrupedal-sim/ros/build/model/build/lib/model/robot
copying model/robot/right_forearm_linkage_v1.stl -> /home/ethan/quadrupedal-sim/ros/build/model/build/lib/model/robot
copying model/robot/lever_v1.stl -> /home/ethan/quadrupedal-sim/ros/build/model/build/lib/model/robot
copying model/robot/left_cover_v2.stl -> /home/ethan/quadrupedal-sim/ros/build/model/build/lib/model/robot
copying model/robot/18g_thigh_servo_attachment_v3.part -> /home/ethan/quadrupedal-sim/ros/build/model/build/lib/model/robot
copying model/robot/right_cover_v2.part -> /home/ethan/quadrupedal-sim/ros/build/model/build/lib/model/robot
copying model/robot/lever_v1.part -> /home/ethan/quadrupedal-sim/ros/build/model/build/lib/model/robot
copying model/robot/left_thigh_v1.stl -> /home/ethan/quadrupedal-sim/ros/build/model/build/lib/model/robot
copying model/robot/servo_driver_mount_v9.stl -> /home/ethan/quadrupedal-sim/ros/build/model/build/lib/model/robot
copying model/robot/bottom_hip_servo_v12.part -> /home/ethan/quadrupedal-sim/ros/build/model/build/lib/model/robot
copying model/robot/config.json -> /home/ethan/quadrupedal-sim/ros/build/model/build/lib/model/robot
copying model/robot/left_forearm_pivot_v1.stl -> /home/ethan/quadrupedal-sim/ros/build/model/build/lib/model/robot
copying model/robot/bearing_5x8x2.5_v1.stl -> /home/ethan/quadrupedal-sim/ros/build/model/build/lib/model/robot
copying model/robot/right_forearm_servo_attachment_v1.stl -> /home/ethan/quadrupedal-sim/ros/build/model/build/lib/model/robot
copying model/robot/bottom_body_v3.stl -> /home/ethan/quadrupedal-sim/ros/build/model/build/lib/model/robot
copying model/robot/microservosg90.stl -> /home/ethan/quadrupedal-sim/ros/build/model/build/lib/model/robot
copying model/robot/bearing_10x15x4_v1.part -> /home/ethan/quadrupedal-sim/ros/build/model/build/lib/model/robot
copying model/robot/18g_thigh_servo_attachment_v3.stl -> /home/ethan/quadrupedal-sim/ros/build/model/build/lib/model/robot
copying model/robot/part_1.part -> /home/ethan/quadrupedal-sim/ros/build/model/build/lib/model/robot
copying model/robot/left_forearm_outside_v1.part -> /home/ethan/quadrupedal-sim/ros/build/model/build/lib/model/robot
copying model/robot/left_forearm_servo_attachment_v1.stl -> /home/ethan/quadrupedal-sim/ros/build/model/build/lib/model/robot
copying model/robot/bottom_hip_servo_v12.stl -> /home/ethan/quadrupedal-sim/ros/build/model/build/lib/model/robot
copying model/robot/left_forearm_inside_v1.part -> /home/ethan/quadrupedal-sim/ros/build/model/build/lib/model/robot
copying model/robot/hip_joint_to_servo_v2.part -> /home/ethan/quadrupedal-sim/ros/build/model/build/lib/model/robot
copying model/robot/18g_servo_v1.part -> /home/ethan/quadrupedal-sim/ros/build/model/build/lib/model/robot
copying model/robot/top_body_v21.stl -> /home/ethan/quadrupedal-sim/ros/build/model/build/lib/model/robot
copying model/robot/part_1.stl -> /home/ethan/quadrupedal-sim/ros/build/model/build/lib/model/robot
copying model/robot/right_forearm_outside_v1.stl -> /home/ethan/quadrupedal-sim/ros/build/model/build/lib/model/robot
copying model/robot/battery.part -> /home/ethan/quadrupedal-sim/ros/build/model/build/lib/model/robot
copying model/robot/18g_servo_v1.stl -> /home/ethan/quadrupedal-sim/ros/build/model/build/lib/model/robot
copying model/robot/right_forearm_inside_v1.part -> /home/ethan/quadrupedal-sim/ros/build/model/build/lib/model/robot
copying model/robot/servo_driver_mount_v9.part -> /home/ethan/quadrupedal-sim/ros/build/model/build/lib/model/robot
copying model/robot/9g_servo_arm_v1.stl -> /home/ethan/quadrupedal-sim/ros/build/model/build/lib/model/robot
running install
running install_lib
creating /home/ethan/quadrupedal-sim/ros/install/model/lib/python3.10/site-packages/model
creating /home/ethan/quadrupedal-sim/ros/install/model/lib/python3.10/site-packages/model/robot
copying /home/ethan/quadrupedal-sim/ros/build/model/build/lib/model/robot/right_forearm_linkage_v1.part -> /home/ethan/quadrupedal-sim/ros/install/model/lib/python3.10/site-packages/model/robot
copying /home/ethan/quadrupedal-sim/ros/build/model/build/lib/model/robot/left_forearm_linkage_v1.stl -> /home/ethan/quadrupedal-sim/ros/install/model/lib/python3.10/site-packages/model/robot
copying /home/ethan/quadrupedal-sim/ros/build/model/build/lib/model/robot/top_hip_servo_v14.stl -> /home/ethan/quadrupedal-sim/ros/install/model/lib/python3.10/site-packages/model/robot
copying /home/ethan/quadrupedal-sim/ros/build/model/build/lib/model/robot/bearing_10x15x4_v1.stl -> /home/ethan/quadrupedal-sim/ros/install/model/lib/python3.10/site-packages/model/robot
copying /home/ethan/quadrupedal-sim/ros/build/model/build/lib/model/robot/right_forearm_pivot_v1.part -> /home/ethan/quadrupedal-sim/ros/install/model/lib/python3.10/site-packages/model/robot
copying /home/ethan/quadrupedal-sim/ros/build/model/build/lib/model/robot/left_forearm_linkage_v1.part -> /home/ethan/quadrupedal-sim/ros/install/model/lib/python3.10/site-packages/model/robot
copying /home/ethan/quadrupedal-sim/ros/build/model/build/lib/model/robot/servo_arm_retainer_v1.part -> /home/ethan/quadrupedal-sim/ros/install/model/lib/python3.10/site-packages/model/robot
copying /home/ethan/quadrupedal-sim/ros/build/model/build/lib/model/robot/hip_cage_v4.part -> /home/ethan/quadrupedal-sim/ros/install/model/lib/python3.10/site-packages/model/robot
copying /home/ethan/quadrupedal-sim/ros/build/model/build/lib/model/robot/right_thigh_v1.part -> /home/ethan/quadrupedal-sim/ros/install/model/lib/python3.10/site-packages/model/robot
copying /home/ethan/quadrupedal-sim/ros/build/model/build/lib/model/robot/left_forearm_inside_v1.stl -> /home/ethan/quadrupedal-sim/ros/install/model/lib/python3.10/site-packages/model/robot
copying /home/ethan/quadrupedal-sim/ros/build/model/build/lib/model/robot/top_body_v21.part -> /home/ethan/quadrupedal-sim/ros/install/model/lib/python3.10/site-packages/model/robot
copying /home/ethan/quadrupedal-sim/ros/build/model/build/lib/model/robot/battery.stl -> /home/ethan/quadrupedal-sim/ros/install/model/lib/python3.10/site-packages/model/robot
copying /home/ethan/quadrupedal-sim/ros/build/model/build/lib/model/robot/right_forearm_pivot_v1.stl -> /home/ethan/quadrupedal-sim/ros/install/model/lib/python3.10/site-packages/model/robot
copying /home/ethan/quadrupedal-sim/ros/build/model/build/lib/model/robot/left_cover_v2.part -> /home/ethan/quadrupedal-sim/ros/install/model/lib/python3.10/site-packages/model/robot
copying /home/ethan/quadrupedal-sim/ros/build/model/build/lib/model/robot/hip_v2.stl -> /home/ethan/quadrupedal-sim/ros/install/model/lib/python3.10/site-packages/model/robot
copying /home/ethan/quadrupedal-sim/ros/build/model/build/lib/model/robot/hip_v2.part -> /home/ethan/quadrupedal-sim/ros/install/model/lib/python3.10/site-packages/model/robot
copying /home/ethan/quadrupedal-sim/ros/build/model/build/lib/model/robot/servo_arm_retainer_v1.stl -> /home/ethan/quadrupedal-sim/ros/install/model/lib/python3.10/site-packages/model/robot
copying /home/ethan/quadrupedal-sim/ros/build/model/build/lib/model/robot/9g_servo_arm_v1.part -> /home/ethan/quadrupedal-sim/ros/install/model/lib/python3.10/site-packages/model/robot
copying /home/ethan/quadrupedal-sim/ros/build/model/build/lib/model/robot/left_thigh_v1.part -> /home/ethan/quadrupedal-sim/ros/install/model/lib/python3.10/site-packages/model/robot
copying /home/ethan/quadrupedal-sim/ros/build/model/build/lib/model/robot/top_hip_servo_v14.part -> /home/ethan/quadrupedal-sim/ros/install/model/lib/python3.10/site-packages/model/robot
copying /home/ethan/quadrupedal-sim/ros/build/model/build/lib/model/robot/right_cover_v2.stl -> /home/ethan/quadrupedal-sim/ros/install/model/lib/python3.10/site-packages/model/robot
copying /home/ethan/quadrupedal-sim/ros/build/model/build/lib/model/robot/bearing_5x8x2.5_v1.part -> /home/ethan/quadrupedal-sim/ros/install/model/lib/python3.10/site-packages/model/robot
copying /home/ethan/quadrupedal-sim/ros/build/model/build/lib/model/robot/hip_joint_to_bearing_v3.stl -> /home/ethan/quadrupedal-sim/ros/install/model/lib/python3.10/site-packages/model/robot
copying /home/ethan/quadrupedal-sim/ros/build/model/build/lib/model/robot/robot.urdf -> /home/ethan/quadrupedal-sim/ros/install/model/lib/python3.10/site-packages/model/robot
copying /home/ethan/quadrupedal-sim/ros/build/model/build/lib/model/robot/left_forearm_outside_v1.stl -> /home/ethan/quadrupedal-sim/ros/install/model/lib/python3.10/site-packages/model/robot
copying /home/ethan/quadrupedal-sim/ros/build/model/build/lib/model/robot/hip_cage_v4.stl -> /home/ethan/quadrupedal-sim/ros/install/model/lib/python3.10/site-packages/model/robot
copying /home/ethan/quadrupedal-sim/ros/build/model/build/lib/model/robot/right_forearm_outside_v1.part -> /home/ethan/quadrupedal-sim/ros/install/model/lib/python3.10/site-packages/model/robot
copying /home/ethan/quadrupedal-sim/ros/build/model/build/lib/model/robot/servo_controller_v1.stl -> /home/ethan/quadrupedal-sim/ros/install/model/lib/python3.10/site-packages/model/robot
copying /home/ethan/quadrupedal-sim/ros/build/model/build/lib/model/robot/hip_joint_to_bearing_v3.part -> /home/ethan/quadrupedal-sim/ros/install/model/lib/python3.10/site-packages/model/robot
copying /home/ethan/quadrupedal-sim/ros/build/model/build/lib/model/robot/right_forearm_servo_attachment_v1.part -> /home/ethan/quadrupedal-sim/ros/install/model/lib/python3.10/site-packages/model/robot
copying /home/ethan/quadrupedal-sim/ros/build/model/build/lib/model/robot/servo_controller_v1.part -> /home/ethan/quadrupedal-sim/ros/install/model/lib/python3.10/site-packages/model/robot
copying /home/ethan/quadrupedal-sim/ros/build/model/build/lib/model/robot/left_forearm_servo_attachment_v1.part -> /home/ethan/quadrupedal-sim/ros/install/model/lib/python3.10/site-packages/model/robot
copying /home/ethan/quadrupedal-sim/ros/build/model/build/lib/model/robot/bottom_body_v3.part -> /home/ethan/quadrupedal-sim/ros/install/model/lib/python3.10/site-packages/model/robot
copying /home/ethan/quadrupedal-sim/ros/build/model/build/lib/model/robot/left_forearm_pivot_v1.part -> /home/ethan/quadrupedal-sim/ros/install/model/lib/python3.10/site-packages/model/robot
copying /home/ethan/quadrupedal-sim/ros/build/model/build/lib/model/robot/right_forearm_inside_v1.stl -> /home/ethan/quadrupedal-sim/ros/install/model/lib/python3.10/site-packages/model/robot
copying /home/ethan/quadrupedal-sim/ros/build/model/build/lib/model/robot/microservosg90.part -> /home/ethan/quadrupedal-sim/ros/install/model/lib/python3.10/site-packages/model/robot
copying /home/ethan/quadrupedal-sim/ros/build/model/build/lib/model/robot/9g_thigh_servo_attachment_v1.part -> /home/ethan/quadrupedal-sim/ros/install/model/lib/python3.10/site-packages/model/robot
copying /home/ethan/quadrupedal-sim/ros/build/model/build/lib/model/robot/9g_thigh_servo_attachment_v1.stl -> /home/ethan/quadrupedal-sim/ros/install/model/lib/python3.10/site-packages/model/robot
copying /home/ethan/quadrupedal-sim/ros/build/model/build/lib/model/robot/hip_joint_to_servo_v2.stl -> /home/ethan/quadrupedal-sim/ros/install/model/lib/python3.10/site-packages/model/robot
copying /home/ethan/quadrupedal-sim/ros/build/model/build/lib/model/robot/right_thigh_v1.stl -> /home/ethan/quadrupedal-sim/ros/install/model/lib/python3.10/site-packages/model/robot
copying /home/ethan/quadrupedal-sim/ros/build/model/build/lib/model/robot/right_forearm_linkage_v1.stl -> /home/ethan/quadrupedal-sim/ros/install/model/lib/python3.10/site-packages/model/robot
copying /home/ethan/quadrupedal-sim/ros/build/model/build/lib/model/robot/lever_v1.stl -> /home/ethan/quadrupedal-sim/ros/install/model/lib/python3.10/site-packages/model/robot
copying /home/ethan/quadrupedal-sim/ros/build/model/build/lib/model/robot/left_cover_v2.stl -> /home/ethan/quadrupedal-sim/ros/install/model/lib/python3.10/site-packages/model/robot
copying /home/ethan/quadrupedal-sim/ros/build/model/build/lib/model/robot/18g_thigh_servo_attachment_v3.part -> /home/ethan/quadrupedal-sim/ros/install/model/lib/python3.10/site-packages/model/robot
copying /home/ethan/quadrupedal-sim/ros/build/model/build/lib/model/robot/right_cover_v2.part -> /home/ethan/quadrupedal-sim/ros/install/model/lib/python3.10/site-packages/model/robot
copying /home/ethan/quadrupedal-sim/ros/build/model/build/lib/model/robot/lever_v1.part -> /home/ethan/quadrupedal-sim/ros/install/model/lib/python3.10/site-packages/model/robot
copying /home/ethan/quadrupedal-sim/ros/build/model/build/lib/model/robot/left_thigh_v1.stl -> /home/ethan/quadrupedal-sim/ros/install/model/lib/python3.10/site-packages/model/robot
copying /home/ethan/quadrupedal-sim/ros/build/model/build/lib/model/robot/servo_driver_mount_v9.stl -> /home/ethan/quadrupedal-sim/ros/install/model/lib/python3.10/site-packages/model/robot
copying /home/ethan/quadrupedal-sim/ros/build/model/build/lib/model/robot/bottom_hip_servo_v12.part -> /home/ethan/quadrupedal-sim/ros/install/model/lib/python3.10/site-packages/model/robot
copying /home/ethan/quadrupedal-sim/ros/build/model/build/lib/model/robot/config.json -> /home/ethan/quadrupedal-sim/ros/install/model/lib/python3.10/site-packages/model/robot
copying /home/ethan/quadrupedal-sim/ros/build/model/build/lib/model/robot/left_forearm_pivot_v1.stl -> /home/ethan/quadrupedal-sim/ros/install/model/lib/python3.10/site-packages/model/robot
copying /home/ethan/quadrupedal-sim/ros/build/model/build/lib/model/robot/bearing_5x8x2.5_v1.stl -> /home/ethan/quadrupedal-sim/ros/install/model/lib/python3.10/site-packages/model/robot
copying /home/ethan/quadrupedal-sim/ros/build/model/build/lib/model/robot/right_forearm_servo_attachment_v1.stl -> /home/ethan/quadrupedal-sim/ros/install/model/lib/python3.10/site-packages/model/robot
copying /home/ethan/quadrupedal-sim/ros/build/model/build/lib/model/robot/bottom_body_v3.stl -> /home/ethan/quadrupedal-sim/ros/install/model/lib/python3.10/site-packages/model/robot
copying /home/ethan/quadrupedal-sim/ros/build/model/build/lib/model/robot/microservosg90.stl -> /home/ethan/quadrupedal-sim/ros/install/model/lib/python3.10/site-packages/model/robot
copying /home/ethan/quadrupedal-sim/ros/build/model/build/lib/model/robot/bearing_10x15x4_v1.part -> /home/ethan/quadrupedal-sim/ros/install/model/lib/python3.10/site-packages/model/robot
copying /home/ethan/quadrupedal-sim/ros/build/model/build/lib/model/robot/18g_thigh_servo_attachment_v3.stl -> /home/ethan/quadrupedal-sim/ros/install/model/lib/python3.10/site-packages/model/robot
copying /home/ethan/quadrupedal-sim/ros/build/model/build/lib/model/robot/part_1.part -> /home/ethan/quadrupedal-sim/ros/install/model/lib/python3.10/site-packages/model/robot
copying /home/ethan/quadrupedal-sim/ros/build/model/build/lib/model/robot/left_forearm_outside_v1.part -> /home/ethan/quadrupedal-sim/ros/install/model/lib/python3.10/site-packages/model/robot
copying /home/ethan/quadrupedal-sim/ros/build/model/build/lib/model/robot/left_forearm_servo_attachment_v1.stl -> /home/ethan/quadrupedal-sim/ros/install/model/lib/python3.10/site-packages/model/robot
copying /home/ethan/quadrupedal-sim/ros/build/model/build/lib/model/robot/bottom_hip_servo_v12.stl -> /home/ethan/quadrupedal-sim/ros/install/model/lib/python3.10/site-packages/model/robot
copying /home/ethan/quadrupedal-sim/ros/build/model/build/lib/model/robot/left_forearm_inside_v1.part -> /home/ethan/quadrupedal-sim/ros/install/model/lib/python3.10/site-packages/model/robot
copying /home/ethan/quadrupedal-sim/ros/build/model/build/lib/model/robot/hip_joint_to_servo_v2.part -> /home/ethan/quadrupedal-sim/ros/install/model/lib/python3.10/site-packages/model/robot
copying /home/ethan/quadrupedal-sim/ros/build/model/build/lib/model/robot/18g_servo_v1.part -> /home/ethan/quadrupedal-sim/ros/install/model/lib/python3.10/site-packages/model/robot
copying /home/ethan/quadrupedal-sim/ros/build/model/build/lib/model/robot/top_body_v21.stl -> /home/ethan/quadrupedal-sim/ros/install/model/lib/python3.10/site-packages/model/robot
copying /home/ethan/quadrupedal-sim/ros/build/model/build/lib/model/robot/part_1.stl -> /home/ethan/quadrupedal-sim/ros/install/model/lib/python3.10/site-packages/model/robot
copying /home/ethan/quadrupedal-sim/ros/build/model/build/lib/model/robot/right_forearm_outside_v1.stl -> /home/ethan/quadrupedal-sim/ros/install/model/lib/python3.10/site-packages/model/robot
copying /home/ethan/quadrupedal-sim/ros/build/model/build/lib/model/robot/battery.part -> /home/ethan/quadrupedal-sim/ros/install/model/lib/python3.10/site-packages/model/robot
copying /home/ethan/quadrupedal-sim/ros/build/model/build/lib/model/robot/18g_servo_v1.stl -> /home/ethan/quadrupedal-sim/ros/install/model/lib/python3.10/site-packages/model/robot
copying /home/ethan/quadrupedal-sim/ros/build/model/build/lib/model/robot/right_forearm_inside_v1.part -> /home/ethan/quadrupedal-sim/ros/install/model/lib/python3.10/site-packages/model/robot
copying /home/ethan/quadrupedal-sim/ros/build/model/build/lib/model/robot/servo_driver_mount_v9.part -> /home/ethan/quadrupedal-sim/ros/install/model/lib/python3.10/site-packages/model/robot
copying /home/ethan/quadrupedal-sim/ros/build/model/build/lib/model/robot/9g_servo_arm_v1.stl -> /home/ethan/quadrupedal-sim/ros/install/model/lib/python3.10/site-packages/model/robot
copying /home/ethan/quadrupedal-sim/ros/build/model/build/lib/model/__init__.py -> /home/ethan/quadrupedal-sim/ros/install/model/lib/python3.10/site-packages/model
creating /home/ethan/quadrupedal-sim/ros/install/model/lib/python3.10/site-packages/model/saved_models
copying /home/ethan/quadrupedal-sim/ros/build/model/build/lib/model/saved_models/__init__.py -> /home/ethan/quadrupedal-sim/ros/install/model/lib/python3.10/site-packages/model/saved_models
copying /home/ethan/quadrupedal-sim/ros/build/model/build/lib/model/saved_models/actor_target.pt -> /home/ethan/quadrupedal-sim/ros/install/model/lib/python3.10/site-packages/model/saved_models
copying /home/ethan/quadrupedal-sim/ros/build/model/build/lib/model/saved_models/actor.py -> /home/ethan/quadrupedal-sim/ros/install/model/lib/python3.10/site-packages/model/saved_models
copying /home/ethan/quadrupedal-sim/ros/build/model/build/lib/model/model_action.py -> /home/ethan/quadrupedal-sim/ros/install/model/lib/python3.10/site-packages/model
byte-compiling /home/ethan/quadrupedal-sim/ros/install/model/lib/python3.10/site-packages/model/__init__.py to __init__.cpython-310.pyc
byte-compiling /home/ethan/quadrupedal-sim/ros/install/model/lib/python3.10/site-packages/model/saved_models/__init__.py to __init__.cpython-310.pyc
byte-compiling /home/ethan/quadrupedal-sim/ros/install/model/lib/python3.10/site-packages/model/saved_models/actor.py to actor.cpython-310.pyc
byte-compiling /home/ethan/quadrupedal-sim/ros/install/model/lib/python3.10/site-packages/model/model_action.py to model_action.cpython-310.pyc
running install_data
creating /home/ethan/quadrupedal-sim/ros/install/model/share/ament_index
creating /home/ethan/quadrupedal-sim/ros/install/model/share/ament_index/resource_index
creating /home/ethan/quadrupedal-sim/ros/install/model/share/ament_index/resource_index/packages
copying resource/model -> /home/ethan/quadrupedal-sim/ros/install/model/share/ament_index/resource_index/packages
copying package.xml -> /home/ethan/quadrupedal-sim/ros/install/model/share/model
running install_egg_info
Copying ../../build/model/model.egg-info to /home/ethan/quadrupedal-sim/ros/install/model/lib/python3.10/site-packages/model-0.0.0-py3.10.egg-info
running install_scripts
Installing talker script to /home/ethan/quadrupedal-sim/ros/install/model/lib/model
writing list of installed files to '/home/ethan/quadrupedal-sim/ros/build/model/install.log'
