[0.050s] Invoking command in '/home/ethan/quadrupedal-sim/ros/build/custom_action': CMAKE_PREFIX_PATH=${CMAKE_PREFIX_PATH}:/home/ethan/quadrupedal-sim/ros/install/model:/home/ethan/ros2_humble/install/rqt_bag_plugins:/home/ethan/ros2_humble/install/rqt_bag:/home/ethan/ros2_humble/install/ros2bag:/home/ethan/ros2_humble/install/tracetools_test:/home/ethan/ros2_humble/install/tracetools_launch:/home/ethan/ros2_humble/install/topic_monitor:/home/ethan/ros2_humble/install/tf2_tools:/home/ethan/ros2_humble/install/examples_tf2_py:/home/ethan/ros2_humble/install/tf2_ros_py:/home/ethan/ros2_humble/install/sros2:/home/ethan/ros2_humble/install/rqt_topic:/home/ethan/ros2_humble/install/rqt_srv:/home/ethan/ros2_humble/install/rqt_shell:/home/ethan/ros2_humble/install/rqt_service_caller:/home/ethan/ros2_humble/install/rqt_reconfigure:/home/ethan/ros2_humble/install/rqt_py_console:/home/ethan/ros2_humble/install/rqt_publisher:/home/ethan/ros2_humble/install/rqt_plot:/home/ethan/ros2_humble/install/rqt_action:/home/ethan/ros2_humble/install/rqt_msg:/home/ethan/ros2_humble/install/rqt_console:/home/ethan/ros2_humble/install/rqt:/home/ethan/ros2_humble/install/rqt_graph:/home/ethan/ros2_humble/install/rqt_gui_py:/home/ethan/ros2_humble/install/rqt_gui:/home/ethan/ros2_humble/install/ros2trace:/home/ethan/ros2_humble/install/ros2topic:/home/ethan/ros2_humble/install/ros2test:/home/ethan/ros2_humble/install/ros2component:/home/ethan/ros2_humble/install/ros2param:/home/ethan/ros2_humble/install/ros2lifecycle:/home/ethan/ros2_humble/install/ros2service:/home/ethan/ros2_humble/install/ros2run:/home/ethan/ros2_humble/install/ros2launch:/home/ethan/ros2_humble/install/ros2pkg:/home/ethan/ros2_humble/install/ros2node:/home/ethan/ros2_humble/install/ros2multicast:/home/ethan/ros2_humble/install/ros2interface:/home/ethan/ros2_humble/install/ros2doctor:/home/ethan/ros2_humble/install/ros2action:/home/ethan/ros2_humble/install/ros2cli:/home/ethan/ros2_humble/install/quality_of_service_demo_py:/home/ethan/ros2_humble/install/lifecycle_py:/home/ethan/ros2_humble/install/launch_testing_ros:/home/ethan/ros2_humble/install/launch_ros:/home/ethan/ros2_humble/install/examples_rclpy_pointcloud_publisher:/home/ethan/ros2_humble/install/examples_rclpy_minimal_subscriber:/home/ethan/ros2_humble/install/examples_rclpy_minimal_service:/home/ethan/ros2_humble/install/examples_rclpy_minimal_publisher:/home/ethan/ros2_humble/install/examples_rclpy_minimal_client:/home/ethan/ros2_humble/install/examples_rclpy_minimal_action_server:/home/ethan/ros2_humble/install/examples_rclpy_minimal_action_client:/home/ethan/ros2_humble/install/examples_rclpy_guard_conditions:/home/ethan/ros2_humble/install/examples_rclpy_executors:/home/ethan/ros2_humble/install/demo_nodes_py:/home/ethan/ros2_humble/install/action_tutorials_py:/home/ethan/ros2_humble/install/ament_uncrustify:/home/ethan/ros2_humble/install/tracetools_trace:/home/ethan/ros2_humble/install/tracetools_read:/home/ethan/ros2_humble/install/test_tracetools_launch:/home/ethan/ros2_humble/install/test_launch_ros:/home/ethan/ros2_humble/install/sensor_msgs_py:/home/ethan/ros2_humble/install/rpyutils:/home/ethan/ros2_humble/install/rosidl_runtime_py:/home/ethan/ros2_humble/install/rosidl_cli:/home/ethan/ros2_humble/install/launch_pytest:/home/ethan/ros2_humble/install/launch_testing:/home/ethan/ros2_humble/install/launch_yaml:/home/ethan/ros2_humble/install/launch_xml:/home/ethan/ros2_humble/install/launch:/home/ethan/ros2_humble/install/osrf_pycommon:/home/ethan/ros2_humble/install/launch_testing_examples:/home/ethan/ros2_humble/install/domain_coordinator:/home/ethan/ros2_humble/install/ament_xmllint:/home/ethan/ros2_humble/install/ament_pyflakes:/home/ethan/ros2_humble/install/ament_pycodestyle:/home/ethan/ros2_humble/install/ament_pep257:/home/ethan/ros2_humble/install/ament_pclint:/home/ethan/ros2_humble/install/ament_package:/home/ethan/ros2_humble/install/ament_mypy:/home/ethan/ros2_humble/install/ament_lint_cmake:/home/ethan/ros2_humble/install/ament_flake8:/home/ethan/ros2_humble/install/ament_copyright:/home/ethan/ros2_humble/install/ament_lint:/home/ethan/ros2_humble/install/ament_index_python:/home/ethan/ros2_humble/install/ament_cpplint:/home/ethan/ros2_humble/install/ament_cppcheck:/home/ethan/ros2_humble/install/ament_clang_tidy:/home/ethan/ros2_humble/install/ament_clang_format VIRTUAL_ENV_PROMPT=(venv) /usr/bin/cmake /home/ethan/quadrupedal-sim/ros/src/custom_action -DCMAKE_INSTALL_PREFIX=/home/ethan/quadrupedal-sim/ros/install/custom_action
[0.077s] -- Found ament_cmake: 1.3.9 (/home/ethan/ros2_humble/install/ament_cmake/share/ament_cmake/cmake)
[0.426s] -- Found action_msgs: 1.2.1 (/home/ethan/ros2_humble/install/action_msgs/share/action_msgs/cmake)
[0.452s] -- Found rosidl_generator_c: 3.1.5 (/home/ethan/ros2_humble/install/rosidl_generator_c/share/rosidl_generator_c/cmake)
[0.454s] -- Found rosidl_adapter: 3.1.5 (/home/ethan/ros2_humble/install/rosidl_adapter/share/rosidl_adapter/cmake)
[0.460s] -- Found rosidl_generator_cpp: 3.1.5 (/home/ethan/ros2_humble/install/rosidl_generator_cpp/share/rosidl_generator_cpp/cmake)
[0.491s] -- Using all available rosidl_typesupport_c: rosidl_typesupport_introspection_c;rosidl_typesupport_fastrtps_c
[0.532s] -- Using all available rosidl_typesupport_cpp: rosidl_typesupport_introspection_cpp;rosidl_typesupport_fastrtps_cpp
[0.620s] -- Found std_msgs: 4.2.4 (/home/ethan/ros2_humble/install/std_msgs/share/std_msgs/cmake)
[0.649s] -- Found rosidl_default_generators: 1.2.0 (/home/ethan/ros2_humble/install/rosidl_default_generators/share/rosidl_default_generators/cmake)
[0.996s] [31mCMake Error at /home/ethan/ros2_humble/install/rosidl_adapter/share/rosidl_adapter/cmake/rosidl_adapt_interfaces.cmake:59 (message):
[0.996s]   execute_process(/home/ethan/quadrupedal-sim/venv/bin/python3 -m
[0.996s]   rosidl_adapter --package-name custom_action --arguments-file
[0.997s]   /home/ethan/quadrupedal-sim/ros/build/custom_action/rosidl_adapter__arguments__$(PROJECT_NAME).json
[0.997s]   --output-dir
[0.997s]   /home/ethan/quadrupedal-sim/ros/build/custom_action/rosidl_adapter/custom_action
[0.997s]   --output-file
[0.997s]   /home/ethan/quadrupedal-sim/ros/build/custom_action/rosidl_adapter/$(PROJECT_NAME).idls)
[0.997s]   returned error code 1:
[0.997s] 
[0.997s]   Traceback (most recent call last):
[0.997s] 
[0.997s]     File "/usr/lib/python3.10/runpy.py", line 196, in _run_module_as_main
[0.997s]       return _run_code(code, main_globals, None,
[0.997s]     File "/usr/lib/python3.10/runpy.py", line 86, in _run_code
[0.997s]       exec(code, run_globals)
[0.997s]     File "/home/ethan/ros2_humble/install/rosidl_adapter/local/lib/python3.10/dist-packages/rosidl_adapter/__main__.py", line 19, in <module>
[0.997s]       sys.exit(main())
[0.997s]     File "/home/ethan/ros2_humble/install/rosidl_adapter/local/lib/python3.10/dist-packages/rosidl_adapter/main.py", line 53, in main
[0.997s]       abs_idl_file = convert_to_idl(
[0.997s]     File "/home/ethan/ros2_humble/install/rosidl_adapter/local/lib/python3.10/dist-packages/rosidl_adapter/__init__.py", line 28, in convert_to_idl
[0.997s]       from rosidl_adapter.action import convert_action_to_idl
[0.997s]     File "/home/ethan/ros2_humble/install/rosidl_adapter/local/lib/python3.10/dist-packages/rosidl_adapter/action/__init__.py", line 16, in <module>
[0.997s]       from rosidl_adapter.resource import expand_template
[0.998s]     File "/home/ethan/ros2_humble/install/rosidl_adapter/local/lib/python3.10/dist-packages/rosidl_adapter/resource/__init__.py", line 19, in <module>
[0.998s]       import em
[0.998s] 
[0.998s]   ModuleNotFoundError: No module named 'em'
[0.998s] 
[0.998s] Call Stack (most recent call first):
[0.998s]   /home/ethan/ros2_humble/install/rosidl_cmake/share/rosidl_cmake/cmake/rosidl_generate_interfaces.cmake:130 (rosidl_adapt_interfaces)
[0.998s]   CMakeLists.txt:14 (rosidl_generate_interfaces)
[0.998s] 
[0.998s] [0m
[0.998s] -- Configuring incomplete, errors occurred!
[0.998s] See also "/home/ethan/quadrupedal-sim/ros/build/custom_action/CMakeFiles/CMakeOutput.log".
[1.002s] Invoked command in '/home/ethan/quadrupedal-sim/ros/build/custom_action' returned '1': CMAKE_PREFIX_PATH=${CMAKE_PREFIX_PATH}:/home/ethan/quadrupedal-sim/ros/install/model:/home/ethan/ros2_humble/install/rqt_bag_plugins:/home/ethan/ros2_humble/install/rqt_bag:/home/ethan/ros2_humble/install/ros2bag:/home/ethan/ros2_humble/install/tracetools_test:/home/ethan/ros2_humble/install/tracetools_launch:/home/ethan/ros2_humble/install/topic_monitor:/home/ethan/ros2_humble/install/tf2_tools:/home/ethan/ros2_humble/install/examples_tf2_py:/home/ethan/ros2_humble/install/tf2_ros_py:/home/ethan/ros2_humble/install/sros2:/home/ethan/ros2_humble/install/rqt_topic:/home/ethan/ros2_humble/install/rqt_srv:/home/ethan/ros2_humble/install/rqt_shell:/home/ethan/ros2_humble/install/rqt_service_caller:/home/ethan/ros2_humble/install/rqt_reconfigure:/home/ethan/ros2_humble/install/rqt_py_console:/home/ethan/ros2_humble/install/rqt_publisher:/home/ethan/ros2_humble/install/rqt_plot:/home/ethan/ros2_humble/install/rqt_action:/home/ethan/ros2_humble/install/rqt_msg:/home/ethan/ros2_humble/install/rqt_console:/home/ethan/ros2_humble/install/rqt:/home/ethan/ros2_humble/install/rqt_graph:/home/ethan/ros2_humble/install/rqt_gui_py:/home/ethan/ros2_humble/install/rqt_gui:/home/ethan/ros2_humble/install/ros2trace:/home/ethan/ros2_humble/install/ros2topic:/home/ethan/ros2_humble/install/ros2test:/home/ethan/ros2_humble/install/ros2component:/home/ethan/ros2_humble/install/ros2param:/home/ethan/ros2_humble/install/ros2lifecycle:/home/ethan/ros2_humble/install/ros2service:/home/ethan/ros2_humble/install/ros2run:/home/ethan/ros2_humble/install/ros2launch:/home/ethan/ros2_humble/install/ros2pkg:/home/ethan/ros2_humble/install/ros2node:/home/ethan/ros2_humble/install/ros2multicast:/home/ethan/ros2_humble/install/ros2interface:/home/ethan/ros2_humble/install/ros2doctor:/home/ethan/ros2_humble/install/ros2action:/home/ethan/ros2_humble/install/ros2cli:/home/ethan/ros2_humble/install/quality_of_service_demo_py:/home/ethan/ros2_humble/install/lifecycle_py:/home/ethan/ros2_humble/install/launch_testing_ros:/home/ethan/ros2_humble/install/launch_ros:/home/ethan/ros2_humble/install/examples_rclpy_pointcloud_publisher:/home/ethan/ros2_humble/install/examples_rclpy_minimal_subscriber:/home/ethan/ros2_humble/install/examples_rclpy_minimal_service:/home/ethan/ros2_humble/install/examples_rclpy_minimal_publisher:/home/ethan/ros2_humble/install/examples_rclpy_minimal_client:/home/ethan/ros2_humble/install/examples_rclpy_minimal_action_server:/home/ethan/ros2_humble/install/examples_rclpy_minimal_action_client:/home/ethan/ros2_humble/install/examples_rclpy_guard_conditions:/home/ethan/ros2_humble/install/examples_rclpy_executors:/home/ethan/ros2_humble/install/demo_nodes_py:/home/ethan/ros2_humble/install/action_tutorials_py:/home/ethan/ros2_humble/install/ament_uncrustify:/home/ethan/ros2_humble/install/tracetools_trace:/home/ethan/ros2_humble/install/tracetools_read:/home/ethan/ros2_humble/install/test_tracetools_launch:/home/ethan/ros2_humble/install/test_launch_ros:/home/ethan/ros2_humble/install/sensor_msgs_py:/home/ethan/ros2_humble/install/rpyutils:/home/ethan/ros2_humble/install/rosidl_runtime_py:/home/ethan/ros2_humble/install/rosidl_cli:/home/ethan/ros2_humble/install/launch_pytest:/home/ethan/ros2_humble/install/launch_testing:/home/ethan/ros2_humble/install/launch_yaml:/home/ethan/ros2_humble/install/launch_xml:/home/ethan/ros2_humble/install/launch:/home/ethan/ros2_humble/install/osrf_pycommon:/home/ethan/ros2_humble/install/launch_testing_examples:/home/ethan/ros2_humble/install/domain_coordinator:/home/ethan/ros2_humble/install/ament_xmllint:/home/ethan/ros2_humble/install/ament_pyflakes:/home/ethan/ros2_humble/install/ament_pycodestyle:/home/ethan/ros2_humble/install/ament_pep257:/home/ethan/ros2_humble/install/ament_pclint:/home/ethan/ros2_humble/install/ament_package:/home/ethan/ros2_humble/install/ament_mypy:/home/ethan/ros2_humble/install/ament_lint_cmake:/home/ethan/ros2_humble/install/ament_flake8:/home/ethan/ros2_humble/install/ament_copyright:/home/ethan/ros2_humble/install/ament_lint:/home/ethan/ros2_humble/install/ament_index_python:/home/ethan/ros2_humble/install/ament_cpplint:/home/ethan/ros2_humble/install/ament_cppcheck:/home/ethan/ros2_humble/install/ament_clang_tidy:/home/ethan/ros2_humble/install/ament_clang_format VIRTUAL_ENV_PROMPT=(venv) /usr/bin/cmake /home/ethan/quadrupedal-sim/ros/src/custom_action -DCMAKE_INSTALL_PREFIX=/home/ethan/quadrupedal-sim/ros/install/custom_action
