[1.076s] Invoking command in '/home/ethan/quadrupedal-sim/ros/src/model': PYTHONPATH=/home/ethan/quadrupedal-sim/ros/build/model/prefix_override:/home/ethan/quadrupedal-sim/ros/install/model/lib/python3.10/site-packages:${PYTHONPATH} VIRTUAL_ENV_PROMPT=(venv) /usr/bin/python3 -W ignore:setup.py install is deprecated setup.py egg_info --egg-base ../../build/model build --build-base /home/ethan/quadrupedal-sim/ros/build/model/build install --record /home/ethan/quadrupedal-sim/ros/build/model/install.log --single-version-externally-managed install_data
[1.481s] running egg_info
[1.482s] writing ../../build/model/model.egg-info/PKG-INFO
[1.482s] writing dependency_links to ../../build/model/model.egg-info/dependency_links.txt
[1.482s] writing entry points to ../../build/model/model.egg-info/entry_points.txt
[1.483s] writing requirements to ../../build/model/model.egg-info/requires.txt
[1.483s] writing top-level names to ../../build/model/model.egg-info/top_level.txt
[1.484s] reading manifest file '../../build/model/model.egg-info/SOURCES.txt'
[1.485s] adding license file 'LICENSE'
[1.485s] writing manifest file '../../build/model/model.egg-info/SOURCES.txt'
[1.485s] running build
[1.485s] running build_py
[1.485s] copying model/model_action.py -> /home/ethan/quadrupedal-sim/ros/build/model/build/lib/model
[1.486s] running install
[1.486s] running install_lib
[1.487s] copying /home/ethan/quadrupedal-sim/ros/build/model/build/lib/model/model_action.py -> /home/ethan/quadrupedal-sim/ros/install/model/lib/python3.10/site-packages/model
[1.489s] byte-compiling /home/ethan/quadrupedal-sim/ros/install/model/lib/python3.10/site-packages/model/model_action.py to model_action.cpython-310.pyc
[1.490s] running install_data
[1.490s] running install_egg_info
[1.493s] removing '/home/ethan/quadrupedal-sim/ros/install/model/lib/python3.10/site-packages/model-0.0.0-py3.10.egg-info' (and everything under it)
[1.493s] Copying ../../build/model/model.egg-info to /home/ethan/quadrupedal-sim/ros/install/model/lib/python3.10/site-packages/model-0.0.0-py3.10.egg-info
[1.494s] running install_scripts
[1.532s] Installing talker script to /home/ethan/quadrupedal-sim/ros/install/model/lib/model
[1.533s] writing list of installed files to '/home/ethan/quadrupedal-sim/ros/build/model/install.log'
[1.556s] Invoked command in '/home/ethan/quadrupedal-sim/ros/src/model' returned '0': PYTHONPATH=/home/ethan/quadrupedal-sim/ros/build/model/prefix_override:/home/ethan/quadrupedal-sim/ros/install/model/lib/python3.10/site-packages:${PYTHONPATH} VIRTUAL_ENV_PROMPT=(venv) /usr/bin/python3 -W ignore:setup.py install is deprecated setup.py egg_info --egg-base ../../build/model build --build-base /home/ethan/quadrupedal-sim/ros/build/model/build install --record /home/ethan/quadrupedal-sim/ros/build/model/install.log --single-version-externally-managed install_data
