[1.109s] Invoking command in '/home/ethan/quadrupedal-sim/ros/build/model': PYTHONPATH=/home/ethan/quadrupedal-sim/ros/build/model/prefix_override:/home/ethan/quadrupedal-sim/ros/install/model/lib/python3.10/site-packages:${PYTHONPATH} VIRTUAL_ENV_PROMPT=(venv) /usr/bin/python3 -W ignore:setup.py install is deprecated setup.py develop --editable --build-directory /home/ethan/quadrupedal-sim/ros/build/model/build --no-deps symlink_data --force
[1.588s] running develop
[1.592s] /home/ethan/quadrupedal-sim/venv/lib/python3.10/site-packages/setuptools/command/easy_install.py:158: EasyInstallDeprecationWarning: easy_install command is deprecated. Use build and pip and other standards-based tools.
[1.592s]   warnings.warn(
[1.816s] running egg_info
[1.816s] writing model.egg-info/PKG-INFO
[1.816s] writing dependency_links to model.egg-info/dependency_links.txt
[1.817s] writing entry points to model.egg-info/entry_points.txt
[1.817s] writing requirements to model.egg-info/requires.txt
[1.817s] writing top-level names to model.egg-info/top_level.txt
[1.818s] reading manifest file 'model.egg-info/SOURCES.txt'
[1.819s] writing manifest file 'model.egg-info/SOURCES.txt'
[1.825s] running build_ext
[1.825s] Creating /home/ethan/quadrupedal-sim/ros/install/model/lib/python3.10/site-packages/model.egg-link (link to .)
[1.826s] Installing talker script to /home/ethan/quadrupedal-sim/ros/install/model/lib/model
[1.826s] 
[1.826s] Installed /home/ethan/quadrupedal-sim/ros/build/model
[1.826s] running symlink_data
[1.826s] symbolically linking /home/ethan/quadrupedal-sim/ros/build/model/resource/model -> /home/ethan/quadrupedal-sim/ros/install/model/share/ament_index/resource_index/packages
[1.826s] symbolically linking /home/ethan/quadrupedal-sim/ros/build/model/package.xml -> /home/ethan/quadrupedal-sim/ros/install/model/share/model
[1.854s] Invoked command in '/home/ethan/quadrupedal-sim/ros/build/model' returned '0': PYTHONPATH=/home/ethan/quadrupedal-sim/ros/build/model/prefix_override:/home/ethan/quadrupedal-sim/ros/install/model/lib/python3.10/site-packages:${PYTHONPATH} VIRTUAL_ENV_PROMPT=(venv) /usr/bin/python3 -W ignore:setup.py install is deprecated setup.py develop --editable --build-directory /home/ethan/quadrupedal-sim/ros/build/model/build --no-deps symlink_data --force
