[1.204s] Invoking command in '/home/ethan/quadrupedal-sim/ros/src/model': PYTHONPATH=/home/ethan/quadrupedal-sim/ros/build/model/prefix_override:/home/ethan/quadrupedal-sim/ros/install/model/lib/python3.10/site-packages:${PYTHONPATH} VIRTUAL_ENV_PROMPT=(venv) /usr/bin/python3 -W ignore:setup.py install is deprecated setup.py egg_info --egg-base ../../build/model build --build-base /home/ethan/quadrupedal-sim/ros/build/model/build install --record /home/ethan/quadrupedal-sim/ros/build/model/install.log --single-version-externally-managed install_data
[1.728s] running egg_info
[1.729s] writing ../../build/model/model.egg-info/PKG-INFO
[1.729s] writing dependency_links to ../../build/model/model.egg-info/dependency_links.txt
[1.729s] writing entry points to ../../build/model/model.egg-info/entry_points.txt
[1.729s] writing requirements to ../../build/model/model.egg-info/requires.txt
[1.729s] writing top-level names to ../../build/model/model.egg-info/top_level.txt
[1.734s] reading manifest file '../../build/model/model.egg-info/SOURCES.txt'
[1.735s] adding license file 'LICENSE'
[1.736s] writing manifest file '../../build/model/model.egg-info/SOURCES.txt'
[1.736s] running build
[1.736s] running build_py
[1.736s] copying model/model_goal.py -> /home/ethan/quadrupedal-sim/ros/build/model/build/lib/model
[1.741s] running install
[1.741s] running install_lib
[1.744s] copying /home/ethan/quadrupedal-sim/ros/build/model/build/lib/model/model_goal.py -> /home/ethan/quadrupedal-sim/ros/install/model/lib/python3.10/site-packages/model
[1.746s] byte-compiling /home/ethan/quadrupedal-sim/ros/install/model/lib/python3.10/site-packages/model/model_goal.py to model_goal.cpython-310.pyc
[1.747s] running install_data
[1.748s] running install_egg_info
[1.752s] removing '/home/ethan/quadrupedal-sim/ros/install/model/lib/python3.10/site-packages/model-0.0.0-py3.10.egg-info' (and everything under it)
[1.752s] Copying ../../build/model/model.egg-info to /home/ethan/quadrupedal-sim/ros/install/model/lib/python3.10/site-packages/model-0.0.0-py3.10.egg-info
[1.753s] running install_scripts
[1.792s] Installing client script to /home/ethan/quadrupedal-sim/ros/install/model/lib/model
[1.792s] Installing server script to /home/ethan/quadrupedal-sim/ros/install/model/lib/model
[1.792s] writing list of installed files to '/home/ethan/quadrupedal-sim/ros/build/model/install.log'
[1.820s] Invoked command in '/home/ethan/quadrupedal-sim/ros/src/model' returned '0': PYTHONPATH=/home/ethan/quadrupedal-sim/ros/build/model/prefix_override:/home/ethan/quadrupedal-sim/ros/install/model/lib/python3.10/site-packages:${PYTHONPATH} VIRTUAL_ENV_PROMPT=(venv) /usr/bin/python3 -W ignore:setup.py install is deprecated setup.py egg_info --egg-base ../../build/model build --build-base /home/ethan/quadrupedal-sim/ros/build/model/build install --record /home/ethan/quadrupedal-sim/ros/build/model/install.log --single-version-externally-managed install_data
