[1.362s] Invoking command in '/home/ethan/quadrupedal-sim/ros/src/model': PYTHONPATH=/home/ethan/quadrupedal-sim/ros/build/model/prefix_override:/home/ethan/quadrupedal-sim/ros/install/model/lib/python3.10/site-packages:${PYTHONPATH} VIRTUAL_ENV_PROMPT=(venv) /usr/bin/python3 -W ignore:setup.py install is deprecated setup.py egg_info --egg-base ../../build/model build --build-base /home/ethan/quadrupedal-sim/ros/build/model/build install --record /home/ethan/quadrupedal-sim/ros/build/model/install.log --single-version-externally-managed install_data
[2.193s] running egg_info
[2.194s] writing ../../build/model/model.egg-info/PKG-INFO
[2.195s] writing dependency_links to ../../build/model/model.egg-info/dependency_links.txt
[2.196s] writing entry points to ../../build/model/model.egg-info/entry_points.txt
[2.197s] writing requirements to ../../build/model/model.egg-info/requires.txt
[2.198s] writing top-level names to ../../build/model/model.egg-info/top_level.txt
[2.206s] reading manifest file '../../build/model/model.egg-info/SOURCES.txt'
[2.208s] adding license file 'LICENSE'
[2.212s] writing manifest file '../../build/model/model.egg-info/SOURCES.txt'
[2.212s] running build
[2.213s] running build_py
[2.222s] running install
[2.223s] running install_lib
[2.231s] running install_data
[2.232s] running install_egg_info
[2.239s] removing '/home/ethan/quadrupedal-sim/ros/install/model/lib/python3.10/site-packages/model-0.0.0-py3.10.egg-info' (and everything under it)
[2.240s] Copying ../../build/model/model.egg-info to /home/ethan/quadrupedal-sim/ros/install/model/lib/python3.10/site-packages/model-0.0.0-py3.10.egg-info
[2.241s] running install_scripts
[2.312s] Installing talker script to /home/ethan/quadrupedal-sim/ros/install/model/lib/model
[2.313s] writing list of installed files to '/home/ethan/quadrupedal-sim/ros/build/model/install.log'
[2.356s] Invoked command in '/home/ethan/quadrupedal-sim/ros/src/model' returned '0': PYTHONPATH=/home/ethan/quadrupedal-sim/ros/build/model/prefix_override:/home/ethan/quadrupedal-sim/ros/install/model/lib/python3.10/site-packages:${PYTHONPATH} VIRTUAL_ENV_PROMPT=(venv) /usr/bin/python3 -W ignore:setup.py install is deprecated setup.py egg_info --egg-base ../../build/model build --build-base /home/ethan/quadrupedal-sim/ros/build/model/build install --record /home/ethan/quadrupedal-sim/ros/build/model/install.log --single-version-externally-managed install_data
