running egg_info
creating ../../build/model/model.egg-info
writing ../../build/model/model.egg-info/PKG-INFO
writing dependency_links to ../../build/model/model.egg-info/dependency_links.txt
writing entry points to ../../build/model/model.egg-info/entry_points.txt
writing requirements to ../../build/model/model.egg-info/requires.txt
writing top-level names to ../../build/model/model.egg-info/top_level.txt
writing manifest file '../../build/model/model.egg-info/SOURCES.txt'
reading manifest file '../../build/model/model.egg-info/SOURCES.txt'
adding license file 'LICENSE'
writing manifest file '../../build/model/model.egg-info/SOURCES.txt'
running build
running build_py
creating /home/ethan/quadrupedal-sim/ros/build/model/build
creating /home/ethan/quadrupedal-sim/ros/build/model/build/lib
creating /home/ethan/quadrupedal-sim/ros/build/model/build/lib/model
copying model/__init__.py -> /home/ethan/quadrupedal-sim/ros/build/model/build/lib/model
copying model/model_action.py -> /home/ethan/quadrupedal-sim/ros/build/model/build/lib/model
creating /home/ethan/quadrupedal-sim/ros/build/model/build/lib/model/neural_model
copying model/neural_model/__init__.py -> /home/ethan/quadrupedal-sim/ros/build/model/build/lib/model/neural_model
copying model/neural_model/actor.py -> /home/ethan/quadrupedal-sim/ros/build/model/build/lib/model/neural_model
running install
running install_lib
running install_data
copying package.xml -> /home/ethan/quadrupedal-sim/ros/install/model/share/model
running install_egg_info
removing '/home/ethan/quadrupedal-sim/ros/install/model/lib/python3.10/site-packages/model-0.0.0-py3.10.egg-info' (and everything under it)
Copying ../../build/model/model.egg-info to /home/ethan/quadrupedal-sim/ros/install/model/lib/python3.10/site-packages/model-0.0.0-py3.10.egg-info
running install_scripts
Installing talker script to /home/ethan/quadrupedal-sim/ros/install/model/lib/model
writing list of installed files to '/home/ethan/quadrupedal-sim/ros/build/model/install.log'
