[0.453s] Invoking command in '/home/ethan/quadrupedal-sim/ros/src/model': PS1=\[\e]0;\u@\h: \w\a\]${debian_chroot:+($debian_chroot)}\[\033[01;32m\]\u@\h\[\033[00m\]:\[\033[01;34m\]\w\[\033[00m\]\$ PYTHONPATH=/home/ethan/quadrupedal-sim/ros/build/model/prefix_override:/home/ethan/quadrupedal-sim/ros/install/model/lib/python3.10/site-packages: /usr/bin/python3 -W ignore:setup.py install is deprecated setup.py egg_info --egg-base ../../build/model build --build-base /home/ethan/quadrupedal-sim/ros/build/model/build install --record /home/ethan/quadrupedal-sim/ros/build/model/install.log --single-version-externally-managed install_data
[0.623s] running egg_info
[0.624s] creating ../../build/model/model.egg-info
[0.624s] writing ../../build/model/model.egg-info/PKG-INFO
[0.624s] writing dependency_links to ../../build/model/model.egg-info/dependency_links.txt
[0.624s] writing entry points to ../../build/model/model.egg-info/entry_points.txt
[0.624s] writing requirements to ../../build/model/model.egg-info/requires.txt
[0.624s] writing top-level names to ../../build/model/model.egg-info/top_level.txt
[0.625s] writing manifest file '../../build/model/model.egg-info/SOURCES.txt'
[0.627s] reading manifest file '../../build/model/model.egg-info/SOURCES.txt'
[0.627s] adding license file 'LICENSE'
[0.627s] writing manifest file '../../build/model/model.egg-info/SOURCES.txt'
[0.627s] running build
[0.628s] running build_py
[0.628s] creating /home/ethan/quadrupedal-sim/ros/build/model/build
[0.628s] creating /home/ethan/quadrupedal-sim/ros/build/model/build/lib
[0.628s] creating /home/ethan/quadrupedal-sim/ros/build/model/build/lib/model
[0.628s] copying model/__init__.py -> /home/ethan/quadrupedal-sim/ros/build/model/build/lib/model
[0.628s] copying model/model_action.py -> /home/ethan/quadrupedal-sim/ros/build/model/build/lib/model
[0.628s] creating /home/ethan/quadrupedal-sim/ros/build/model/build/lib/model/neural_model
[0.628s] copying model/neural_model/__init__.py -> /home/ethan/quadrupedal-sim/ros/build/model/build/lib/model/neural_model
[0.628s] copying model/neural_model/actor.py -> /home/ethan/quadrupedal-sim/ros/build/model/build/lib/model/neural_model
[0.629s] running install
[0.629s] running install_lib
[0.630s] running install_data
[0.631s] copying package.xml -> /home/ethan/quadrupedal-sim/ros/install/model/share/model
[0.631s] running install_egg_info
[0.632s] removing '/home/ethan/quadrupedal-sim/ros/install/model/lib/python3.10/site-packages/model-0.0.0-py3.10.egg-info' (and everything under it)
[0.632s] Copying ../../build/model/model.egg-info to /home/ethan/quadrupedal-sim/ros/install/model/lib/python3.10/site-packages/model-0.0.0-py3.10.egg-info
[0.633s] running install_scripts
[0.650s] Installing talker script to /home/ethan/quadrupedal-sim/ros/install/model/lib/model
[0.651s] writing list of installed files to '/home/ethan/quadrupedal-sim/ros/build/model/install.log'
[0.671s] Invoked command in '/home/ethan/quadrupedal-sim/ros/src/model' returned '0': PS1=\[\e]0;\u@\h: \w\a\]${debian_chroot:+($debian_chroot)}\[\033[01;32m\]\u@\h\[\033[00m\]:\[\033[01;34m\]\w\[\033[00m\]\$ PYTHONPATH=/home/ethan/quadrupedal-sim/ros/build/model/prefix_override:/home/ethan/quadrupedal-sim/ros/install/model/lib/python3.10/site-packages: /usr/bin/python3 -W ignore:setup.py install is deprecated setup.py egg_info --egg-base ../../build/model build --build-base /home/ethan/quadrupedal-sim/ros/build/model/build install --record /home/ethan/quadrupedal-sim/ros/build/model/install.log --single-version-externally-managed install_data
