[1.248s] Invoking command in '/home/ethan/quadrupedal-sim/ros/src/model': PYTHONPATH=/home/ethan/quadrupedal-sim/ros/build/model/prefix_override:/home/ethan/quadrupedal-sim/ros/install/model/lib/python3.10/site-packages:${PYTHONPATH} VIRTUAL_ENV_PROMPT=(venv) /usr/bin/python3 -W ignore:setup.py install is deprecated setup.py egg_info --egg-base ../../build/model build --build-base /home/ethan/quadrupedal-sim/ros/build/model/build install --record /home/ethan/quadrupedal-sim/ros/build/model/install.log --single-version-externally-managed install_data
[1.696s] running egg_info
[1.697s] writing ../../build/model/model.egg-info/PKG-INFO
[1.697s] writing dependency_links to ../../build/model/model.egg-info/dependency_links.txt
[1.697s] writing entry points to ../../build/model/model.egg-info/entry_points.txt
[1.697s] writing requirements to ../../build/model/model.egg-info/requires.txt
[1.697s] writing top-level names to ../../build/model/model.egg-info/top_level.txt
[1.700s] reading manifest file '../../build/model/model.egg-info/SOURCES.txt'
[1.700s] adding license file 'LICENSE'
[1.703s] writing manifest file '../../build/model/model.egg-info/SOURCES.txt'
[1.703s] running build
[1.703s] running build_py
[1.703s] copying model/model_action.py -> /home/ethan/quadrupedal-sim/ros/build/model/build/lib/model
[1.708s] running install
[1.708s] running install_lib
[1.710s] copying /home/ethan/quadrupedal-sim/ros/build/model/build/lib/model/model_action.py -> /home/ethan/quadrupedal-sim/ros/install/model/lib/python3.10/site-packages/model
[1.712s] byte-compiling /home/ethan/quadrupedal-sim/ros/install/model/lib/python3.10/site-packages/model/model_action.py to model_action.cpython-310.pyc
[1.714s] running install_data
[1.714s] running install_egg_info
[1.718s] removing '/home/ethan/quadrupedal-sim/ros/install/model/lib/python3.10/site-packages/model-0.0.0-py3.10.egg-info' (and everything under it)
[1.718s] Copying ../../build/model/model.egg-info to /home/ethan/quadrupedal-sim/ros/install/model/lib/python3.10/site-packages/model-0.0.0-py3.10.egg-info
[1.718s] running install_scripts
[1.754s] Installing client script to /home/ethan/quadrupedal-sim/ros/install/model/lib/model
[1.754s] Installing server script to /home/ethan/quadrupedal-sim/ros/install/model/lib/model
[1.754s] writing list of installed files to '/home/ethan/quadrupedal-sim/ros/build/model/install.log'
[1.776s] Invoked command in '/home/ethan/quadrupedal-sim/ros/src/model' returned '0': PYTHONPATH=/home/ethan/quadrupedal-sim/ros/build/model/prefix_override:/home/ethan/quadrupedal-sim/ros/install/model/lib/python3.10/site-packages:${PYTHONPATH} VIRTUAL_ENV_PROMPT=(venv) /usr/bin/python3 -W ignore:setup.py install is deprecated setup.py egg_info --egg-base ../../build/model build --build-base /home/ethan/quadrupedal-sim/ros/build/model/build install --record /home/ethan/quadrupedal-sim/ros/build/model/install.log --single-version-externally-managed install_data
