[0.049s] Invoking command in '/home/ethan/quadrupedal-sim/ros/build/custom_action': VIRTUAL_ENV_PROMPT=(venv) /usr/bin/cmake /home/ethan/quadrupedal-sim/ros/src/custom_action -DCMAKE_INSTALL_PREFIX=/home/ethan/quadrupedal-sim/ros/install/custom_action
[0.077s] -- Found ament_cmake: 1.3.9 (/home/ethan/ros2_humble/install/ament_cmake/share/ament_cmake/cmake)
[0.423s] -- Found action_msgs: 1.2.1 (/home/ethan/ros2_humble/install/action_msgs/share/action_msgs/cmake)
[0.448s] -- Found rosidl_generator_c: 3.1.5 (/home/ethan/ros2_humble/install/rosidl_generator_c/share/rosidl_generator_c/cmake)
[0.451s] -- Found rosidl_adapter: 3.1.5 (/home/ethan/ros2_humble/install/rosidl_adapter/share/rosidl_adapter/cmake)
[0.456s] -- Found rosidl_generator_cpp: 3.1.5 (/home/ethan/ros2_humble/install/rosidl_generator_cpp/share/rosidl_generator_cpp/cmake)
[0.488s] -- Using all available rosidl_typesupport_c: rosidl_typesupport_introspection_c;rosidl_typesupport_fastrtps_c
[0.526s] -- Using all available rosidl_typesupport_cpp: rosidl_typesupport_introspection_cpp;rosidl_typesupport_fastrtps_cpp
[0.616s] -- Found std_msgs: 4.2.4 (/home/ethan/ros2_humble/install/std_msgs/share/std_msgs/cmake)
[0.645s] -- Found rosidl_default_generators: 1.2.0 (/home/ethan/ros2_humble/install/rosidl_default_generators/share/rosidl_default_generators/cmake)
[1.094s] [31mCMake Error at /home/ethan/ros2_humble/install/rosidl_adapter/share/rosidl_adapter/cmake/rosidl_adapt_interfaces.cmake:59 (message):
[1.095s]   execute_process(/home/ethan/quadrupedal-sim/venv/bin/python3 -m
[1.095s]   rosidl_adapter --package-name custom_action --arguments-file
[1.095s]   /home/ethan/quadrupedal-sim/ros/build/custom_action/rosidl_adapter__arguments__$(PROJECT_NAME).json
[1.095s]   --output-dir
[1.095s]   /home/ethan/quadrupedal-sim/ros/build/custom_action/rosidl_adapter/custom_action
[1.095s]   --output-file
[1.095s]   /home/ethan/quadrupedal-sim/ros/build/custom_action/rosidl_adapter/$(PROJECT_NAME).idls)
[1.095s]   returned error code 1:
[1.095s] 
[1.095s]   Traceback (most recent call last):
[1.096s] 
[1.096s]     File "/usr/lib/python3.10/runpy.py", line 196, in _run_module_as_main
[1.096s]       return _run_code(code, main_globals, None,
[1.096s]     File "/usr/lib/python3.10/runpy.py", line 86, in _run_code
[1.096s]       exec(code, run_globals)
[1.096s]     File "/home/ethan/ros2_humble/install/rosidl_adapter/local/lib/python3.10/dist-packages/rosidl_adapter/__main__.py", line 19, in <module>
[1.096s]       sys.exit(main())
[1.096s]     File "/home/ethan/ros2_humble/install/rosidl_adapter/local/lib/python3.10/dist-packages/rosidl_adapter/main.py", line 53, in main
[1.096s]       abs_idl_file = convert_to_idl(
[1.096s]     File "/home/ethan/ros2_humble/install/rosidl_adapter/local/lib/python3.10/dist-packages/rosidl_adapter/__init__.py", line 28, in convert_to_idl
[1.096s]       from rosidl_adapter.action import convert_action_to_idl
[1.096s]     File "/home/ethan/ros2_humble/install/rosidl_adapter/local/lib/python3.10/dist-packages/rosidl_adapter/action/__init__.py", line 16, in <module>
[1.097s]       from rosidl_adapter.resource import expand_template
[1.097s]     File "/home/ethan/ros2_humble/install/rosidl_adapter/local/lib/python3.10/dist-packages/rosidl_adapter/resource/__init__.py", line 19, in <module>
[1.097s]       import em
[1.097s] 
[1.097s]   ModuleNotFoundError: No module named 'em'
[1.097s] 
[1.097s] Call Stack (most recent call first):
[1.097s]   /home/ethan/ros2_humble/install/rosidl_cmake/share/rosidl_cmake/cmake/rosidl_generate_interfaces.cmake:130 (rosidl_adapt_interfaces)
[1.097s]   CMakeLists.txt:14 (rosidl_generate_interfaces)
[1.097s] 
[1.097s] [0m
[1.097s] -- Configuring incomplete, errors occurred!
[1.098s] See also "/home/ethan/quadrupedal-sim/ros/build/custom_action/CMakeFiles/CMakeOutput.log".
[1.102s] Invoked command in '/home/ethan/quadrupedal-sim/ros/build/custom_action' returned '1': VIRTUAL_ENV_PROMPT=(venv) /usr/bin/cmake /home/ethan/quadrupedal-sim/ros/src/custom_action -DCMAKE_INSTALL_PREFIX=/home/ethan/quadrupedal-sim/ros/install/custom_action
