[1.236s] Invoking command in '/home/ethan/quadrupedal-sim/ros/src/model': PYTHONPATH=/home/ethan/quadrupedal-sim/ros/build/model/prefix_override:/home/ethan/quadrupedal-sim/ros/install/model/lib/python3.10/site-packages:${PYTHONPATH} VIRTUAL_ENV_PROMPT=(venv) /usr/bin/python3 -W ignore:setup.py install is deprecated setup.py egg_info --egg-base ../../build/model build --build-base /home/ethan/quadrupedal-sim/ros/build/model/build install --record /home/ethan/quadrupedal-sim/ros/build/model/install.log --single-version-externally-managed install_data
[1.677s] running egg_info
[1.678s] writing ../../build/model/model.egg-info/PKG-INFO
[1.679s] writing dependency_links to ../../build/model/model.egg-info/dependency_links.txt
[1.679s] writing entry points to ../../build/model/model.egg-info/entry_points.txt
[1.679s] writing requirements to ../../build/model/model.egg-info/requires.txt
[1.679s] writing top-level names to ../../build/model/model.egg-info/top_level.txt
[1.683s] reading manifest file '../../build/model/model.egg-info/SOURCES.txt'
[1.684s] adding license file 'LICENSE'
[1.685s] writing manifest file '../../build/model/model.egg-info/SOURCES.txt'
[1.686s] running build
[1.686s] running build_py
[1.686s] copying model/model_goal.py -> /home/ethan/quadrupedal-sim/ros/build/model/build/lib/model
[1.690s] running install
[1.690s] running install_lib
[1.693s] copying /home/ethan/quadrupedal-sim/ros/build/model/build/lib/model/model_goal.py -> /home/ethan/quadrupedal-sim/ros/install/model/lib/python3.10/site-packages/model
[1.695s] byte-compiling /home/ethan/quadrupedal-sim/ros/install/model/lib/python3.10/site-packages/model/model_goal.py to model_goal.cpython-310.pyc
[1.695s] running install_data
[1.696s] running install_egg_info
[1.701s] removing '/home/ethan/quadrupedal-sim/ros/install/model/lib/python3.10/site-packages/model-0.0.0-py3.10.egg-info' (and everything under it)
[1.701s] Copying ../../build/model/model.egg-info to /home/ethan/quadrupedal-sim/ros/install/model/lib/python3.10/site-packages/model-0.0.0-py3.10.egg-info
[1.702s] running install_scripts
[1.736s] Installing client script to /home/ethan/quadrupedal-sim/ros/install/model/lib/model
[1.736s] Installing server script to /home/ethan/quadrupedal-sim/ros/install/model/lib/model
[1.737s] writing list of installed files to '/home/ethan/quadrupedal-sim/ros/build/model/install.log'
[1.759s] Invoked command in '/home/ethan/quadrupedal-sim/ros/src/model' returned '0': PYTHONPATH=/home/ethan/quadrupedal-sim/ros/build/model/prefix_override:/home/ethan/quadrupedal-sim/ros/install/model/lib/python3.10/site-packages:${PYTHONPATH} VIRTUAL_ENV_PROMPT=(venv) /usr/bin/python3 -W ignore:setup.py install is deprecated setup.py egg_info --egg-base ../../build/model build --build-base /home/ethan/quadrupedal-sim/ros/build/model/build install --record /home/ethan/quadrupedal-sim/ros/build/model/install.log --single-version-externally-managed install_data
