[0.052s] Invoking command in '/home/ethan/quadrupedal-sim/ros/build/action_state': CMAKE_PREFIX_PATH=${CMAKE_PREFIX_PATH}:/home/ethan/quadrupedal-sim/ros/install/model:/home/ethan/ros2_humble/install/rqt_bag_plugins:/home/ethan/ros2_humble/install/rqt_bag:/home/ethan/ros2_humble/install/ros2bag:/home/ethan/ros2_humble/install/tracetools_test:/home/ethan/ros2_humble/install/tracetools_launch:/home/ethan/ros2_humble/install/topic_monitor:/home/ethan/ros2_humble/install/tf2_tools:/home/ethan/ros2_humble/install/examples_tf2_py:/home/ethan/ros2_humble/install/tf2_ros_py:/home/ethan/ros2_humble/install/sros2:/home/ethan/ros2_humble/install/rqt_topic:/home/ethan/ros2_humble/install/rqt_srv:/home/ethan/ros2_humble/install/rqt_shell:/home/ethan/ros2_humble/install/rqt_service_caller:/home/ethan/ros2_humble/install/rqt_reconfigure:/home/ethan/ros2_humble/install/rqt_py_console:/home/ethan/ros2_humble/install/rqt_publisher:/home/ethan/ros2_humble/install/rqt_plot:/home/ethan/ros2_humble/install/rqt_action:/home/ethan/ros2_humble/install/rqt_msg:/home/ethan/ros2_humble/install/rqt_console:/home/ethan/ros2_humble/install/rqt:/home/ethan/ros2_humble/install/rqt_graph:/home/ethan/ros2_humble/install/rqt_gui_py:/home/ethan/ros2_humble/install/rqt_gui:/home/ethan/ros2_humble/install/ros2trace:/home/ethan/ros2_humble/install/ros2topic:/home/ethan/ros2_humble/install/ros2test:/home/ethan/ros2_humble/install/ros2component:/home/ethan/ros2_humble/install/ros2param:/home/ethan/ros2_humble/install/ros2lifecycle:/home/ethan/ros2_humble/install/ros2service:/home/ethan/ros2_humble/install/ros2run:/home/ethan/ros2_humble/install/ros2launch:/home/ethan/ros2_humble/install/ros2pkg:/home/ethan/ros2_humble/install/ros2node:/home/ethan/ros2_humble/install/ros2multicast:/home/ethan/ros2_humble/install/ros2interface:/home/ethan/ros2_humble/install/ros2doctor:/home/ethan/ros2_humble/install/ros2action:/home/ethan/ros2_humble/install/ros2cli:/home/ethan/ros2_humble/install/quality_of_service_demo_py:/home/ethan/ros2_humble/install/lifecycle_py:/home/ethan/ros2_humble/install/launch_testing_ros:/home/ethan/ros2_humble/install/launch_ros:/home/ethan/ros2_humble/install/examples_rclpy_pointcloud_publisher:/home/ethan/ros2_humble/install/examples_rclpy_minimal_subscriber:/home/ethan/ros2_humble/install/examples_rclpy_minimal_service:/home/ethan/ros2_humble/install/examples_rclpy_minimal_publisher:/home/ethan/ros2_humble/install/examples_rclpy_minimal_client:/home/ethan/ros2_humble/install/examples_rclpy_minimal_action_server:/home/ethan/ros2_humble/install/examples_rclpy_minimal_action_client:/home/ethan/ros2_humble/install/examples_rclpy_guard_conditions:/home/ethan/ros2_humble/install/examples_rclpy_executors:/home/ethan/ros2_humble/install/demo_nodes_py:/home/ethan/ros2_humble/install/action_tutorials_py:/home/ethan/ros2_humble/install/ament_uncrustify:/home/ethan/ros2_humble/install/tracetools_trace:/home/ethan/ros2_humble/install/tracetools_read:/home/ethan/ros2_humble/install/test_tracetools_launch:/home/ethan/ros2_humble/install/test_launch_ros:/home/ethan/ros2_humble/install/sensor_msgs_py:/home/ethan/ros2_humble/install/rpyutils:/home/ethan/ros2_humble/install/rosidl_runtime_py:/home/ethan/ros2_humble/install/rosidl_cli:/home/ethan/ros2_humble/install/launch_pytest:/home/ethan/ros2_humble/install/launch_testing:/home/ethan/ros2_humble/install/launch_yaml:/home/ethan/ros2_humble/install/launch_xml:/home/ethan/ros2_humble/install/launch:/home/ethan/ros2_humble/install/osrf_pycommon:/home/ethan/ros2_humble/install/launch_testing_examples:/home/ethan/ros2_humble/install/domain_coordinator:/home/ethan/ros2_humble/install/ament_xmllint:/home/ethan/ros2_humble/install/ament_pyflakes:/home/ethan/ros2_humble/install/ament_pycodestyle:/home/ethan/ros2_humble/install/ament_pep257:/home/ethan/ros2_humble/install/ament_pclint:/home/ethan/ros2_humble/install/ament_package:/home/ethan/ros2_humble/install/ament_mypy:/home/ethan/ros2_humble/install/ament_lint_cmake:/home/ethan/ros2_humble/install/ament_flake8:/home/ethan/ros2_humble/install/ament_copyright:/home/ethan/ros2_humble/install/ament_lint:/home/ethan/ros2_humble/install/ament_index_python:/home/ethan/ros2_humble/install/ament_cpplint:/home/ethan/ros2_humble/install/ament_cppcheck:/home/ethan/ros2_humble/install/ament_clang_tidy:/home/ethan/ros2_humble/install/ament_clang_format:/opt/ros/humble VIRTUAL_ENV_PROMPT=(venv) /usr/bin/cmake --build /home/ethan/quadrupedal-sim/ros/build/action_state -- -j8 -l8
[0.153s] [35m[1mConsolidate compiler generated dependencies of target action_state__rosidl_generator_c[0m
[0.174s] [  3%] Built target action_state__cpp
[0.182s] [ 12%] Built target action_state__rosidl_generator_c
[0.225s] [35m[1mConsolidate compiler generated dependencies of target action_state__rosidl_typesupport_fastrtps_cpp[0m
[0.245s] [35m[1mConsolidate compiler generated dependencies of target action_state__rosidl_typesupport_cpp[0m
[0.263s] [35m[1mConsolidate compiler generated dependencies of target action_state__rosidl_typesupport_introspection_cpp[0m
[0.265s] [ 12%] Built target ament_cmake_python_copy_action_state
[0.275s] [35m[1mConsolidate compiler generated dependencies of target action_state__rosidl_typesupport_fastrtps_c[0m
[0.277s] [35m[1mConsolidate compiler generated dependencies of target action_state__rosidl_typesupport_introspection_c[0m
[0.288s] [35m[1mConsolidate compiler generated dependencies of target action_state__rosidl_typesupport_c[0m
[0.337s] [ 22%] Built target action_state__rosidl_typesupport_fastrtps_cpp
[0.344s] [ 32%] Built target action_state__rosidl_typesupport_cpp
[0.382s] [ 41%] Built target action_state__rosidl_typesupport_introspection_cpp
[0.388s] [ 51%] Built target action_state__rosidl_typesupport_fastrtps_c
[0.414s] [ 61%] Built target action_state__rosidl_typesupport_c
[0.415s] [ 70%] Built target action_state__rosidl_typesupport_introspection_c
[0.473s] [ 70%] Built target action_state
[0.525s] [ 74%] Built target action_state__py
[0.553s] [35m[1mConsolidate compiler generated dependencies of target action_state__rosidl_generator_py[0m
[0.582s] [ 80%] Built target action_state__rosidl_generator_py
[0.641s] [35m[1mConsolidate compiler generated dependencies of target action_state__rosidl_typesupport_fastrtps_c__pyext[0m
[0.666s] [35m[1mConsolidate compiler generated dependencies of target action_state__rosidl_typesupport_introspection_c__pyext[0m
[0.669s] [35m[1mConsolidate compiler generated dependencies of target action_state__rosidl_typesupport_c__pyext[0m
[0.711s] [ 87%] Built target action_state__rosidl_typesupport_fastrtps_c__pyext
[0.713s] [ 93%] Built target action_state__rosidl_typesupport_introspection_c__pyext
[0.742s] [100%] Built target action_state__rosidl_typesupport_c__pyext
[0.922s] running egg_info
[0.923s] writing action_state.egg-info/PKG-INFO
[0.926s] writing dependency_links to action_state.egg-info/dependency_links.txt
[0.928s] writing top-level names to action_state.egg-info/top_level.txt
[0.939s] reading manifest file 'action_state.egg-info/SOURCES.txt'
[0.940s] writing manifest file 'action_state.egg-info/SOURCES.txt'
[0.980s] [100%] Built target ament_cmake_python_build_action_state_egg
[0.999s] Invoked command in '/home/ethan/quadrupedal-sim/ros/build/action_state' returned '0': CMAKE_PREFIX_PATH=${CMAKE_PREFIX_PATH}:/home/ethan/quadrupedal-sim/ros/install/model:/home/ethan/ros2_humble/install/rqt_bag_plugins:/home/ethan/ros2_humble/install/rqt_bag:/home/ethan/ros2_humble/install/ros2bag:/home/ethan/ros2_humble/install/tracetools_test:/home/ethan/ros2_humble/install/tracetools_launch:/home/ethan/ros2_humble/install/topic_monitor:/home/ethan/ros2_humble/install/tf2_tools:/home/ethan/ros2_humble/install/examples_tf2_py:/home/ethan/ros2_humble/install/tf2_ros_py:/home/ethan/ros2_humble/install/sros2:/home/ethan/ros2_humble/install/rqt_topic:/home/ethan/ros2_humble/install/rqt_srv:/home/ethan/ros2_humble/install/rqt_shell:/home/ethan/ros2_humble/install/rqt_service_caller:/home/ethan/ros2_humble/install/rqt_reconfigure:/home/ethan/ros2_humble/install/rqt_py_console:/home/ethan/ros2_humble/install/rqt_publisher:/home/ethan/ros2_humble/install/rqt_plot:/home/ethan/ros2_humble/install/rqt_action:/home/ethan/ros2_humble/install/rqt_msg:/home/ethan/ros2_humble/install/rqt_console:/home/ethan/ros2_humble/install/rqt:/home/ethan/ros2_humble/install/rqt_graph:/home/ethan/ros2_humble/install/rqt_gui_py:/home/ethan/ros2_humble/install/rqt_gui:/home/ethan/ros2_humble/install/ros2trace:/home/ethan/ros2_humble/install/ros2topic:/home/ethan/ros2_humble/install/ros2test:/home/ethan/ros2_humble/install/ros2component:/home/ethan/ros2_humble/install/ros2param:/home/ethan/ros2_humble/install/ros2lifecycle:/home/ethan/ros2_humble/install/ros2service:/home/ethan/ros2_humble/install/ros2run:/home/ethan/ros2_humble/install/ros2launch:/home/ethan/ros2_humble/install/ros2pkg:/home/ethan/ros2_humble/install/ros2node:/home/ethan/ros2_humble/install/ros2multicast:/home/ethan/ros2_humble/install/ros2interface:/home/ethan/ros2_humble/install/ros2doctor:/home/ethan/ros2_humble/install/ros2action:/home/ethan/ros2_humble/install/ros2cli:/home/ethan/ros2_humble/install/quality_of_service_demo_py:/home/ethan/ros2_humble/install/lifecycle_py:/home/ethan/ros2_humble/install/launch_testing_ros:/home/ethan/ros2_humble/install/launch_ros:/home/ethan/ros2_humble/install/examples_rclpy_pointcloud_publisher:/home/ethan/ros2_humble/install/examples_rclpy_minimal_subscriber:/home/ethan/ros2_humble/install/examples_rclpy_minimal_service:/home/ethan/ros2_humble/install/examples_rclpy_minimal_publisher:/home/ethan/ros2_humble/install/examples_rclpy_minimal_client:/home/ethan/ros2_humble/install/examples_rclpy_minimal_action_server:/home/ethan/ros2_humble/install/examples_rclpy_minimal_action_client:/home/ethan/ros2_humble/install/examples_rclpy_guard_conditions:/home/ethan/ros2_humble/install/examples_rclpy_executors:/home/ethan/ros2_humble/install/demo_nodes_py:/home/ethan/ros2_humble/install/action_tutorials_py:/home/ethan/ros2_humble/install/ament_uncrustify:/home/ethan/ros2_humble/install/tracetools_trace:/home/ethan/ros2_humble/install/tracetools_read:/home/ethan/ros2_humble/install/test_tracetools_launch:/home/ethan/ros2_humble/install/test_launch_ros:/home/ethan/ros2_humble/install/sensor_msgs_py:/home/ethan/ros2_humble/install/rpyutils:/home/ethan/ros2_humble/install/rosidl_runtime_py:/home/ethan/ros2_humble/install/rosidl_cli:/home/ethan/ros2_humble/install/launch_pytest:/home/ethan/ros2_humble/install/launch_testing:/home/ethan/ros2_humble/install/launch_yaml:/home/ethan/ros2_humble/install/launch_xml:/home/ethan/ros2_humble/install/launch:/home/ethan/ros2_humble/install/osrf_pycommon:/home/ethan/ros2_humble/install/launch_testing_examples:/home/ethan/ros2_humble/install/domain_coordinator:/home/ethan/ros2_humble/install/ament_xmllint:/home/ethan/ros2_humble/install/ament_pyflakes:/home/ethan/ros2_humble/install/ament_pycodestyle:/home/ethan/ros2_humble/install/ament_pep257:/home/ethan/ros2_humble/install/ament_pclint:/home/ethan/ros2_humble/install/ament_package:/home/ethan/ros2_humble/install/ament_mypy:/home/ethan/ros2_humble/install/ament_lint_cmake:/home/ethan/ros2_humble/install/ament_flake8:/home/ethan/ros2_humble/install/ament_copyright:/home/ethan/ros2_humble/install/ament_lint:/home/ethan/ros2_humble/install/ament_index_python:/home/ethan/ros2_humble/install/ament_cpplint:/home/ethan/ros2_humble/install/ament_cppcheck:/home/ethan/ros2_humble/install/ament_clang_tidy:/home/ethan/ros2_humble/install/ament_clang_format:/opt/ros/humble VIRTUAL_ENV_PROMPT=(venv) /usr/bin/cmake --build /home/ethan/quadrupedal-sim/ros/build/action_state -- -j8 -l8
[1.318s] Invoking command in '/home/ethan/quadrupedal-sim/ros/build/action_state': CMAKE_PREFIX_PATH=${CMAKE_PREFIX_PATH}:/home/ethan/quadrupedal-sim/ros/install/model:/home/ethan/ros2_humble/install/rqt_bag_plugins:/home/ethan/ros2_humble/install/rqt_bag:/home/ethan/ros2_humble/install/ros2bag:/home/ethan/ros2_humble/install/tracetools_test:/home/ethan/ros2_humble/install/tracetools_launch:/home/ethan/ros2_humble/install/topic_monitor:/home/ethan/ros2_humble/install/tf2_tools:/home/ethan/ros2_humble/install/examples_tf2_py:/home/ethan/ros2_humble/install/tf2_ros_py:/home/ethan/ros2_humble/install/sros2:/home/ethan/ros2_humble/install/rqt_topic:/home/ethan/ros2_humble/install/rqt_srv:/home/ethan/ros2_humble/install/rqt_shell:/home/ethan/ros2_humble/install/rqt_service_caller:/home/ethan/ros2_humble/install/rqt_reconfigure:/home/ethan/ros2_humble/install/rqt_py_console:/home/ethan/ros2_humble/install/rqt_publisher:/home/ethan/ros2_humble/install/rqt_plot:/home/ethan/ros2_humble/install/rqt_action:/home/ethan/ros2_humble/install/rqt_msg:/home/ethan/ros2_humble/install/rqt_console:/home/ethan/ros2_humble/install/rqt:/home/ethan/ros2_humble/install/rqt_graph:/home/ethan/ros2_humble/install/rqt_gui_py:/home/ethan/ros2_humble/install/rqt_gui:/home/ethan/ros2_humble/install/ros2trace:/home/ethan/ros2_humble/install/ros2topic:/home/ethan/ros2_humble/install/ros2test:/home/ethan/ros2_humble/install/ros2component:/home/ethan/ros2_humble/install/ros2param:/home/ethan/ros2_humble/install/ros2lifecycle:/home/ethan/ros2_humble/install/ros2service:/home/ethan/ros2_humble/install/ros2run:/home/ethan/ros2_humble/install/ros2launch:/home/ethan/ros2_humble/install/ros2pkg:/home/ethan/ros2_humble/install/ros2node:/home/ethan/ros2_humble/install/ros2multicast:/home/ethan/ros2_humble/install/ros2interface:/home/ethan/ros2_humble/install/ros2doctor:/home/ethan/ros2_humble/install/ros2action:/home/ethan/ros2_humble/install/ros2cli:/home/ethan/ros2_humble/install/quality_of_service_demo_py:/home/ethan/ros2_humble/install/lifecycle_py:/home/ethan/ros2_humble/install/launch_testing_ros:/home/ethan/ros2_humble/install/launch_ros:/home/ethan/ros2_humble/install/examples_rclpy_pointcloud_publisher:/home/ethan/ros2_humble/install/examples_rclpy_minimal_subscriber:/home/ethan/ros2_humble/install/examples_rclpy_minimal_service:/home/ethan/ros2_humble/install/examples_rclpy_minimal_publisher:/home/ethan/ros2_humble/install/examples_rclpy_minimal_client:/home/ethan/ros2_humble/install/examples_rclpy_minimal_action_server:/home/ethan/ros2_humble/install/examples_rclpy_minimal_action_client:/home/ethan/ros2_humble/install/examples_rclpy_guard_conditions:/home/ethan/ros2_humble/install/examples_rclpy_executors:/home/ethan/ros2_humble/install/demo_nodes_py:/home/ethan/ros2_humble/install/action_tutorials_py:/home/ethan/ros2_humble/install/ament_uncrustify:/home/ethan/ros2_humble/install/tracetools_trace:/home/ethan/ros2_humble/install/tracetools_read:/home/ethan/ros2_humble/install/test_tracetools_launch:/home/ethan/ros2_humble/install/test_launch_ros:/home/ethan/ros2_humble/install/sensor_msgs_py:/home/ethan/ros2_humble/install/rpyutils:/home/ethan/ros2_humble/install/rosidl_runtime_py:/home/ethan/ros2_humble/install/rosidl_cli:/home/ethan/ros2_humble/install/launch_pytest:/home/ethan/ros2_humble/install/launch_testing:/home/ethan/ros2_humble/install/launch_yaml:/home/ethan/ros2_humble/install/launch_xml:/home/ethan/ros2_humble/install/launch:/home/ethan/ros2_humble/install/osrf_pycommon:/home/ethan/ros2_humble/install/launch_testing_examples:/home/ethan/ros2_humble/install/domain_coordinator:/home/ethan/ros2_humble/install/ament_xmllint:/home/ethan/ros2_humble/install/ament_pyflakes:/home/ethan/ros2_humble/install/ament_pycodestyle:/home/ethan/ros2_humble/install/ament_pep257:/home/ethan/ros2_humble/install/ament_pclint:/home/ethan/ros2_humble/install/ament_package:/home/ethan/ros2_humble/install/ament_mypy:/home/ethan/ros2_humble/install/ament_lint_cmake:/home/ethan/ros2_humble/install/ament_flake8:/home/ethan/ros2_humble/install/ament_copyright:/home/ethan/ros2_humble/install/ament_lint:/home/ethan/ros2_humble/install/ament_index_python:/home/ethan/ros2_humble/install/ament_cpplint:/home/ethan/ros2_humble/install/ament_cppcheck:/home/ethan/ros2_humble/install/ament_clang_tidy:/home/ethan/ros2_humble/install/ament_clang_format:/opt/ros/humble VIRTUAL_ENV_PROMPT=(venv) /usr/bin/cmake --install /home/ethan/quadrupedal-sim/ros/build/action_state
[1.335s] -- Install configuration: ""
[1.335s] -- Up-to-date: /home/ethan/quadrupedal-sim/ros/install/action_state/share/ament_index/resource_index/rosidl_interfaces/action_state
[1.335s] -- Up-to-date: /home/ethan/quadrupedal-sim/ros/install/action_state/include/action_state/action_state
[1.335s] -- Up-to-date: /home/ethan/quadrupedal-sim/ros/install/action_state/include/action_state/action_state/action
[1.336s] -- Up-to-date: /home/ethan/quadrupedal-sim/ros/install/action_state/include/action_state/action_state/action/detail
[1.336s] -- Up-to-date: /home/ethan/quadrupedal-sim/ros/install/action_state/include/action_state/action_state/action/detail/jointstate__struct.h
[1.336s] -- Up-to-date: /home/ethan/quadrupedal-sim/ros/install/action_state/include/action_state/action_state/action/detail/jointstate__functions.h
[1.336s] -- Up-to-date: /home/ethan/quadrupedal-sim/ros/install/action_state/include/action_state/action_state/action/detail/jointstate__type_support.h
[1.336s] -- Up-to-date: /home/ethan/quadrupedal-sim/ros/install/action_state/include/action_state/action_state/action/detail/jointstate__functions.c
[1.336s] -- Up-to-date: /home/ethan/quadrupedal-sim/ros/install/action_state/include/action_state/action_state/action/jointstate.h
[1.336s] -- Up-to-date: /home/ethan/quadrupedal-sim/ros/install/action_state/include/action_state/action_state/msg
[1.336s] -- Up-to-date: /home/ethan/quadrupedal-sim/ros/install/action_state/include/action_state/action_state/msg/rosidl_generator_c__visibility_control.h
[1.336s] -- Up-to-date: /home/ethan/quadrupedal-sim/ros/install/action_state/share/action_state/environment/library_path.sh
[1.336s] -- Up-to-date: /home/ethan/quadrupedal-sim/ros/install/action_state/share/action_state/environment/library_path.dsv
[1.336s] -- Up-to-date: /home/ethan/quadrupedal-sim/ros/install/action_state/lib/libaction_state__rosidl_generator_c.so
[1.336s] -- Up-to-date: /home/ethan/quadrupedal-sim/ros/install/action_state/include/action_state/action_state
[1.336s] -- Up-to-date: /home/ethan/quadrupedal-sim/ros/install/action_state/include/action_state/action_state/action
[1.336s] -- Up-to-date: /home/ethan/quadrupedal-sim/ros/install/action_state/include/action_state/action_state/action/detail
[1.336s] -- Up-to-date: /home/ethan/quadrupedal-sim/ros/install/action_state/include/action_state/action_state/action/detail/jointstate__rosidl_typesupport_fastrtps_c.h
[1.336s] -- Up-to-date: /home/ethan/quadrupedal-sim/ros/install/action_state/include/action_state/action_state/msg
[1.336s] -- Up-to-date: /home/ethan/quadrupedal-sim/ros/install/action_state/include/action_state/action_state/msg/rosidl_typesupport_fastrtps_c__visibility_control.h
[1.337s] -- Up-to-date: /home/ethan/quadrupedal-sim/ros/install/action_state/lib/libaction_state__rosidl_typesupport_fastrtps_c.so
[1.337s] -- Up-to-date: /home/ethan/quadrupedal-sim/ros/install/action_state/include/action_state/action_state
[1.337s] -- Up-to-date: /home/ethan/quadrupedal-sim/ros/install/action_state/include/action_state/action_state/action
[1.337s] -- Up-to-date: /home/ethan/quadrupedal-sim/ros/install/action_state/include/action_state/action_state/action/jointstate.hpp
[1.337s] -- Up-to-date: /home/ethan/quadrupedal-sim/ros/install/action_state/include/action_state/action_state/action/detail
[1.337s] -- Up-to-date: /home/ethan/quadrupedal-sim/ros/install/action_state/include/action_state/action_state/action/detail/jointstate__traits.hpp
[1.337s] -- Up-to-date: /home/ethan/quadrupedal-sim/ros/install/action_state/include/action_state/action_state/action/detail/jointstate__struct.hpp
[1.337s] -- Up-to-date: /home/ethan/quadrupedal-sim/ros/install/action_state/include/action_state/action_state/action/detail/jointstate__builder.hpp
[1.337s] -- Up-to-date: /home/ethan/quadrupedal-sim/ros/install/action_state/include/action_state/action_state
[1.337s] -- Up-to-date: /home/ethan/quadrupedal-sim/ros/install/action_state/include/action_state/action_state/action
[1.337s] -- Up-to-date: /home/ethan/quadrupedal-sim/ros/install/action_state/include/action_state/action_state/action/detail
[1.337s] -- Up-to-date: /home/ethan/quadrupedal-sim/ros/install/action_state/include/action_state/action_state/action/detail/dds_fastrtps
[1.337s] -- Up-to-date: /home/ethan/quadrupedal-sim/ros/install/action_state/include/action_state/action_state/action/detail/jointstate__rosidl_typesupport_fastrtps_cpp.hpp
[1.337s] -- Up-to-date: /home/ethan/quadrupedal-sim/ros/install/action_state/include/action_state/action_state/msg
[1.339s] -- Up-to-date: /home/ethan/quadrupedal-sim/ros/install/action_state/include/action_state/action_state/msg/rosidl_typesupport_fastrtps_cpp__visibility_control.h
[1.339s] -- Up-to-date: /home/ethan/quadrupedal-sim/ros/install/action_state/lib/libaction_state__rosidl_typesupport_fastrtps_cpp.so
[1.339s] -- Up-to-date: /home/ethan/quadrupedal-sim/ros/install/action_state/include/action_state/action_state
[1.339s] -- Up-to-date: /home/ethan/quadrupedal-sim/ros/install/action_state/include/action_state/action_state/action
[1.339s] -- Up-to-date: /home/ethan/quadrupedal-sim/ros/install/action_state/include/action_state/action_state/action/detail
[1.339s] -- Up-to-date: /home/ethan/quadrupedal-sim/ros/install/action_state/include/action_state/action_state/action/detail/jointstate__rosidl_typesupport_introspection_c.h
[1.339s] -- Up-to-date: /home/ethan/quadrupedal-sim/ros/install/action_state/include/action_state/action_state/action/detail/jointstate__type_support.c
[1.339s] -- Up-to-date: /home/ethan/quadrupedal-sim/ros/install/action_state/include/action_state/action_state/msg
[1.340s] -- Up-to-date: /home/ethan/quadrupedal-sim/ros/install/action_state/include/action_state/action_state/msg/rosidl_typesupport_introspection_c__visibility_control.h
[1.340s] -- Up-to-date: /home/ethan/quadrupedal-sim/ros/install/action_state/lib/libaction_state__rosidl_typesupport_introspection_c.so
[1.340s] -- Up-to-date: /home/ethan/quadrupedal-sim/ros/install/action_state/lib/libaction_state__rosidl_typesupport_c.so
[1.340s] -- Up-to-date: /home/ethan/quadrupedal-sim/ros/install/action_state/include/action_state/action_state
[1.340s] -- Up-to-date: /home/ethan/quadrupedal-sim/ros/install/action_state/include/action_state/action_state/action
[1.340s] -- Up-to-date: /home/ethan/quadrupedal-sim/ros/install/action_state/include/action_state/action_state/action/detail
[1.340s] -- Up-to-date: /home/ethan/quadrupedal-sim/ros/install/action_state/include/action_state/action_state/action/detail/jointstate__rosidl_typesupport_introspection_cpp.hpp
[1.340s] -- Up-to-date: /home/ethan/quadrupedal-sim/ros/install/action_state/include/action_state/action_state/action/detail/jointstate__type_support.cpp
[1.340s] -- Up-to-date: /home/ethan/quadrupedal-sim/ros/install/action_state/lib/libaction_state__rosidl_typesupport_introspection_cpp.so
[1.340s] -- Up-to-date: /home/ethan/quadrupedal-sim/ros/install/action_state/lib/libaction_state__rosidl_typesupport_cpp.so
[1.340s] -- Up-to-date: /home/ethan/quadrupedal-sim/ros/install/action_state/share/action_state/environment/pythonpath.sh
[1.340s] -- Up-to-date: /home/ethan/quadrupedal-sim/ros/install/action_state/share/action_state/environment/pythonpath.dsv
[1.341s] -- Up-to-date: /home/ethan/quadrupedal-sim/ros/install/action_state/lib/python3.10/site-packages/action_state-0.0.0-py3.10.egg-info
[1.341s] -- Installing: /home/ethan/quadrupedal-sim/ros/install/action_state/lib/python3.10/site-packages/action_state-0.0.0-py3.10.egg-info/SOURCES.txt
[1.341s] -- Installing: /home/ethan/quadrupedal-sim/ros/install/action_state/lib/python3.10/site-packages/action_state-0.0.0-py3.10.egg-info/dependency_links.txt
[1.341s] -- Installing: /home/ethan/quadrupedal-sim/ros/install/action_state/lib/python3.10/site-packages/action_state-0.0.0-py3.10.egg-info/top_level.txt
[1.341s] -- Installing: /home/ethan/quadrupedal-sim/ros/install/action_state/lib/python3.10/site-packages/action_state-0.0.0-py3.10.egg-info/PKG-INFO
[1.341s] -- Up-to-date: /home/ethan/quadrupedal-sim/ros/install/action_state/lib/python3.10/site-packages/action_state
[1.341s] -- Up-to-date: /home/ethan/quadrupedal-sim/ros/install/action_state/lib/python3.10/site-packages/action_state/__init__.py
[1.341s] -- Up-to-date: /home/ethan/quadrupedal-sim/ros/install/action_state/lib/python3.10/site-packages/action_state/_action_state_s.ep.rosidl_typesupport_introspection_c.c
[1.341s] -- Up-to-date: /home/ethan/quadrupedal-sim/ros/install/action_state/lib/python3.10/site-packages/action_state/action
[1.341s] -- Up-to-date: /home/ethan/quadrupedal-sim/ros/install/action_state/lib/python3.10/site-packages/action_state/action/__init__.py
[1.341s] -- Up-to-date: /home/ethan/quadrupedal-sim/ros/install/action_state/lib/python3.10/site-packages/action_state/action/_jointstate_s.c
[1.341s] -- Up-to-date: /home/ethan/quadrupedal-sim/ros/install/action_state/lib/python3.10/site-packages/action_state/action/_jointstate.py
[1.342s] -- Up-to-date: /home/ethan/quadrupedal-sim/ros/install/action_state/lib/python3.10/site-packages/action_state/action_state_s__rosidl_typesupport_introspection_c.cpython-310-x86_64-linux-gnu.so
[1.342s] -- Up-to-date: /home/ethan/quadrupedal-sim/ros/install/action_state/lib/python3.10/site-packages/action_state/action_state_s__rosidl_typesupport_c.cpython-310-x86_64-linux-gnu.so
[1.342s] -- Up-to-date: /home/ethan/quadrupedal-sim/ros/install/action_state/lib/python3.10/site-packages/action_state/_action_state_s.ep.rosidl_typesupport_c.c
[1.342s] -- Up-to-date: /home/ethan/quadrupedal-sim/ros/install/action_state/lib/python3.10/site-packages/action_state/_action_state_s.ep.rosidl_typesupport_fastrtps_c.c
[1.342s] -- Up-to-date: /home/ethan/quadrupedal-sim/ros/install/action_state/lib/python3.10/site-packages/action_state/libaction_state__rosidl_generator_py.so
[1.342s] -- Up-to-date: /home/ethan/quadrupedal-sim/ros/install/action_state/lib/python3.10/site-packages/action_state/action_state_s__rosidl_typesupport_fastrtps_c.cpython-310-x86_64-linux-gnu.so
[1.471s] Listing '/home/ethan/quadrupedal-sim/ros/install/action_state/lib/python3.10/site-packages/action_state'...
[1.471s] Listing '/home/ethan/quadrupedal-sim/ros/install/action_state/lib/python3.10/site-packages/action_state/action'...
[1.475s] -- Up-to-date: /home/ethan/quadrupedal-sim/ros/install/action_state/lib/python3.10/site-packages/action_state/action_state_s__rosidl_typesupport_introspection_c.cpython-310-x86_64-linux-gnu.so
[1.475s] -- Up-to-date: /home/ethan/quadrupedal-sim/ros/install/action_state/lib/python3.10/site-packages/action_state/action_state_s__rosidl_typesupport_fastrtps_c.cpython-310-x86_64-linux-gnu.so
[1.475s] -- Up-to-date: /home/ethan/quadrupedal-sim/ros/install/action_state/lib/python3.10/site-packages/action_state/action_state_s__rosidl_typesupport_c.cpython-310-x86_64-linux-gnu.so
[1.476s] -- Up-to-date: /home/ethan/quadrupedal-sim/ros/install/action_state/lib/libaction_state__rosidl_generator_py.so
[1.476s] -- Up-to-date: /home/ethan/quadrupedal-sim/ros/install/action_state/share/action_state/action/Jointstate.idl
[1.476s] -- Up-to-date: /home/ethan/quadrupedal-sim/ros/install/action_state/share/action_state/action/Jointstate.action
[1.476s] -- Up-to-date: /home/ethan/quadrupedal-sim/ros/install/action_state/share/ament_index/resource_index/package_run_dependencies/action_state
[1.476s] -- Up-to-date: /home/ethan/quadrupedal-sim/ros/install/action_state/share/ament_index/resource_index/parent_prefix_path/action_state
[1.476s] -- Up-to-date: /home/ethan/quadrupedal-sim/ros/install/action_state/share/action_state/environment/ament_prefix_path.dsv
[1.476s] -- Up-to-date: /home/ethan/quadrupedal-sim/ros/install/action_state/share/action_state/environment/path.dsv
[1.476s] -- Up-to-date: /home/ethan/quadrupedal-sim/ros/install/action_state/share/action_state/local_setup.bash
[1.476s] -- Up-to-date: /home/ethan/quadrupedal-sim/ros/install/action_state/share/action_state/local_setup.sh
[1.476s] -- Up-to-date: /home/ethan/quadrupedal-sim/ros/install/action_state/share/action_state/local_setup.zsh
[1.476s] -- Up-to-date: /home/ethan/quadrupedal-sim/ros/install/action_state/share/action_state/local_setup.dsv
[1.476s] -- Installing: /home/ethan/quadrupedal-sim/ros/install/action_state/share/action_state/package.dsv
[1.476s] -- Up-to-date: /home/ethan/quadrupedal-sim/ros/install/action_state/share/ament_index/resource_index/packages/action_state
[1.477s] -- Up-to-date: /home/ethan/quadrupedal-sim/ros/install/action_state/share/action_state/cmake/export_action_state__rosidl_generator_cExport.cmake
[1.477s] -- Up-to-date: /home/ethan/quadrupedal-sim/ros/install/action_state/share/action_state/cmake/export_action_state__rosidl_generator_cExport-noconfig.cmake
[1.477s] -- Up-to-date: /home/ethan/quadrupedal-sim/ros/install/action_state/share/action_state/cmake/export_action_state__rosidl_typesupport_fastrtps_cExport.cmake
[1.477s] -- Up-to-date: /home/ethan/quadrupedal-sim/ros/install/action_state/share/action_state/cmake/export_action_state__rosidl_typesupport_fastrtps_cExport-noconfig.cmake
[1.477s] -- Up-to-date: /home/ethan/quadrupedal-sim/ros/install/action_state/share/action_state/cmake/export_action_state__rosidl_generator_cppExport.cmake
[1.477s] -- Up-to-date: /home/ethan/quadrupedal-sim/ros/install/action_state/share/action_state/cmake/export_action_state__rosidl_typesupport_fastrtps_cppExport.cmake
[1.477s] -- Up-to-date: /home/ethan/quadrupedal-sim/ros/install/action_state/share/action_state/cmake/export_action_state__rosidl_typesupport_fastrtps_cppExport-noconfig.cmake
[1.477s] -- Up-to-date: /home/ethan/quadrupedal-sim/ros/install/action_state/share/action_state/cmake/action_state__rosidl_typesupport_introspection_cExport.cmake
[1.477s] -- Up-to-date: /home/ethan/quadrupedal-sim/ros/install/action_state/share/action_state/cmake/action_state__rosidl_typesupport_introspection_cExport-noconfig.cmake
[1.477s] -- Up-to-date: /home/ethan/quadrupedal-sim/ros/install/action_state/share/action_state/cmake/action_state__rosidl_typesupport_cExport.cmake
[1.477s] -- Up-to-date: /home/ethan/quadrupedal-sim/ros/install/action_state/share/action_state/cmake/action_state__rosidl_typesupport_cExport-noconfig.cmake
[1.477s] -- Up-to-date: /home/ethan/quadrupedal-sim/ros/install/action_state/share/action_state/cmake/action_state__rosidl_typesupport_introspection_cppExport.cmake
[1.477s] -- Up-to-date: /home/ethan/quadrupedal-sim/ros/install/action_state/share/action_state/cmake/action_state__rosidl_typesupport_introspection_cppExport-noconfig.cmake
[1.477s] -- Up-to-date: /home/ethan/quadrupedal-sim/ros/install/action_state/share/action_state/cmake/action_state__rosidl_typesupport_cppExport.cmake
[1.477s] -- Up-to-date: /home/ethan/quadrupedal-sim/ros/install/action_state/share/action_state/cmake/action_state__rosidl_typesupport_cppExport-noconfig.cmake
[1.478s] -- Up-to-date: /home/ethan/quadrupedal-sim/ros/install/action_state/share/action_state/cmake/export_action_state__rosidl_generator_pyExport.cmake
[1.478s] -- Up-to-date: /home/ethan/quadrupedal-sim/ros/install/action_state/share/action_state/cmake/export_action_state__rosidl_generator_pyExport-noconfig.cmake
[1.478s] -- Up-to-date: /home/ethan/quadrupedal-sim/ros/install/action_state/share/action_state/cmake/rosidl_cmake-extras.cmake
[1.478s] -- Up-to-date: /home/ethan/quadrupedal-sim/ros/install/action_state/share/action_state/cmake/ament_cmake_export_dependencies-extras.cmake
[1.478s] -- Up-to-date: /home/ethan/quadrupedal-sim/ros/install/action_state/share/action_state/cmake/ament_cmake_export_include_directories-extras.cmake
[1.478s] -- Up-to-date: /home/ethan/quadrupedal-sim/ros/install/action_state/share/action_state/cmake/ament_cmake_export_libraries-extras.cmake
[1.478s] -- Up-to-date: /home/ethan/quadrupedal-sim/ros/install/action_state/share/action_state/cmake/ament_cmake_export_targets-extras.cmake
[1.478s] -- Up-to-date: /home/ethan/quadrupedal-sim/ros/install/action_state/share/action_state/cmake/rosidl_cmake_export_typesupport_targets-extras.cmake
[1.478s] -- Up-to-date: /home/ethan/quadrupedal-sim/ros/install/action_state/share/action_state/cmake/rosidl_cmake_export_typesupport_libraries-extras.cmake
[1.478s] -- Up-to-date: /home/ethan/quadrupedal-sim/ros/install/action_state/share/action_state/cmake/action_stateConfig.cmake
[1.478s] -- Up-to-date: /home/ethan/quadrupedal-sim/ros/install/action_state/share/action_state/cmake/action_stateConfig-version.cmake
[1.478s] -- Up-to-date: /home/ethan/quadrupedal-sim/ros/install/action_state/share/action_state/package.xml
[1.480s] Invoked command in '/home/ethan/quadrupedal-sim/ros/build/action_state' returned '0': CMAKE_PREFIX_PATH=${CMAKE_PREFIX_PATH}:/home/ethan/quadrupedal-sim/ros/install/model:/home/ethan/ros2_humble/install/rqt_bag_plugins:/home/ethan/ros2_humble/install/rqt_bag:/home/ethan/ros2_humble/install/ros2bag:/home/ethan/ros2_humble/install/tracetools_test:/home/ethan/ros2_humble/install/tracetools_launch:/home/ethan/ros2_humble/install/topic_monitor:/home/ethan/ros2_humble/install/tf2_tools:/home/ethan/ros2_humble/install/examples_tf2_py:/home/ethan/ros2_humble/install/tf2_ros_py:/home/ethan/ros2_humble/install/sros2:/home/ethan/ros2_humble/install/rqt_topic:/home/ethan/ros2_humble/install/rqt_srv:/home/ethan/ros2_humble/install/rqt_shell:/home/ethan/ros2_humble/install/rqt_service_caller:/home/ethan/ros2_humble/install/rqt_reconfigure:/home/ethan/ros2_humble/install/rqt_py_console:/home/ethan/ros2_humble/install/rqt_publisher:/home/ethan/ros2_humble/install/rqt_plot:/home/ethan/ros2_humble/install/rqt_action:/home/ethan/ros2_humble/install/rqt_msg:/home/ethan/ros2_humble/install/rqt_console:/home/ethan/ros2_humble/install/rqt:/home/ethan/ros2_humble/install/rqt_graph:/home/ethan/ros2_humble/install/rqt_gui_py:/home/ethan/ros2_humble/install/rqt_gui:/home/ethan/ros2_humble/install/ros2trace:/home/ethan/ros2_humble/install/ros2topic:/home/ethan/ros2_humble/install/ros2test:/home/ethan/ros2_humble/install/ros2component:/home/ethan/ros2_humble/install/ros2param:/home/ethan/ros2_humble/install/ros2lifecycle:/home/ethan/ros2_humble/install/ros2service:/home/ethan/ros2_humble/install/ros2run:/home/ethan/ros2_humble/install/ros2launch:/home/ethan/ros2_humble/install/ros2pkg:/home/ethan/ros2_humble/install/ros2node:/home/ethan/ros2_humble/install/ros2multicast:/home/ethan/ros2_humble/install/ros2interface:/home/ethan/ros2_humble/install/ros2doctor:/home/ethan/ros2_humble/install/ros2action:/home/ethan/ros2_humble/install/ros2cli:/home/ethan/ros2_humble/install/quality_of_service_demo_py:/home/ethan/ros2_humble/install/lifecycle_py:/home/ethan/ros2_humble/install/launch_testing_ros:/home/ethan/ros2_humble/install/launch_ros:/home/ethan/ros2_humble/install/examples_rclpy_pointcloud_publisher:/home/ethan/ros2_humble/install/examples_rclpy_minimal_subscriber:/home/ethan/ros2_humble/install/examples_rclpy_minimal_service:/home/ethan/ros2_humble/install/examples_rclpy_minimal_publisher:/home/ethan/ros2_humble/install/examples_rclpy_minimal_client:/home/ethan/ros2_humble/install/examples_rclpy_minimal_action_server:/home/ethan/ros2_humble/install/examples_rclpy_minimal_action_client:/home/ethan/ros2_humble/install/examples_rclpy_guard_conditions:/home/ethan/ros2_humble/install/examples_rclpy_executors:/home/ethan/ros2_humble/install/demo_nodes_py:/home/ethan/ros2_humble/install/action_tutorials_py:/home/ethan/ros2_humble/install/ament_uncrustify:/home/ethan/ros2_humble/install/tracetools_trace:/home/ethan/ros2_humble/install/tracetools_read:/home/ethan/ros2_humble/install/test_tracetools_launch:/home/ethan/ros2_humble/install/test_launch_ros:/home/ethan/ros2_humble/install/sensor_msgs_py:/home/ethan/ros2_humble/install/rpyutils:/home/ethan/ros2_humble/install/rosidl_runtime_py:/home/ethan/ros2_humble/install/rosidl_cli:/home/ethan/ros2_humble/install/launch_pytest:/home/ethan/ros2_humble/install/launch_testing:/home/ethan/ros2_humble/install/launch_yaml:/home/ethan/ros2_humble/install/launch_xml:/home/ethan/ros2_humble/install/launch:/home/ethan/ros2_humble/install/osrf_pycommon:/home/ethan/ros2_humble/install/launch_testing_examples:/home/ethan/ros2_humble/install/domain_coordinator:/home/ethan/ros2_humble/install/ament_xmllint:/home/ethan/ros2_humble/install/ament_pyflakes:/home/ethan/ros2_humble/install/ament_pycodestyle:/home/ethan/ros2_humble/install/ament_pep257:/home/ethan/ros2_humble/install/ament_pclint:/home/ethan/ros2_humble/install/ament_package:/home/ethan/ros2_humble/install/ament_mypy:/home/ethan/ros2_humble/install/ament_lint_cmake:/home/ethan/ros2_humble/install/ament_flake8:/home/ethan/ros2_humble/install/ament_copyright:/home/ethan/ros2_humble/install/ament_lint:/home/ethan/ros2_humble/install/ament_index_python:/home/ethan/ros2_humble/install/ament_cpplint:/home/ethan/ros2_humble/install/ament_cppcheck:/home/ethan/ros2_humble/install/ament_clang_tidy:/home/ethan/ros2_humble/install/ament_clang_format:/opt/ros/humble VIRTUAL_ENV_PROMPT=(venv) /usr/bin/cmake --install /home/ethan/quadrupedal-sim/ros/build/action_state
