[0.053s] Invoking command in '/home/ethan/quadrupedal-sim/ros/build/action_state': CMAKE_PREFIX_PATH=${CMAKE_PREFIX_PATH}:/home/ethan/quadrupedal-sim/ros/install/model:/home/ethan/ros2_humble/install/rqt_bag_plugins:/home/ethan/ros2_humble/install/rqt_bag:/home/ethan/ros2_humble/install/ros2bag:/home/ethan/ros2_humble/install/tracetools_test:/home/ethan/ros2_humble/install/tracetools_launch:/home/ethan/ros2_humble/install/topic_monitor:/home/ethan/ros2_humble/install/tf2_tools:/home/ethan/ros2_humble/install/examples_tf2_py:/home/ethan/ros2_humble/install/tf2_ros_py:/home/ethan/ros2_humble/install/sros2:/home/ethan/ros2_humble/install/rqt_topic:/home/ethan/ros2_humble/install/rqt_srv:/home/ethan/ros2_humble/install/rqt_shell:/home/ethan/ros2_humble/install/rqt_service_caller:/home/ethan/ros2_humble/install/rqt_reconfigure:/home/ethan/ros2_humble/install/rqt_py_console:/home/ethan/ros2_humble/install/rqt_publisher:/home/ethan/ros2_humble/install/rqt_plot:/home/ethan/ros2_humble/install/rqt_action:/home/ethan/ros2_humble/install/rqt_msg:/home/ethan/ros2_humble/install/rqt_console:/home/ethan/ros2_humble/install/rqt:/home/ethan/ros2_humble/install/rqt_graph:/home/ethan/ros2_humble/install/rqt_gui_py:/home/ethan/ros2_humble/install/rqt_gui:/home/ethan/ros2_humble/install/ros2trace:/home/ethan/ros2_humble/install/ros2topic:/home/ethan/ros2_humble/install/ros2test:/home/ethan/ros2_humble/install/ros2component:/home/ethan/ros2_humble/install/ros2param:/home/ethan/ros2_humble/install/ros2lifecycle:/home/ethan/ros2_humble/install/ros2service:/home/ethan/ros2_humble/install/ros2run:/home/ethan/ros2_humble/install/ros2launch:/home/ethan/ros2_humble/install/ros2pkg:/home/ethan/ros2_humble/install/ros2node:/home/ethan/ros2_humble/install/ros2multicast:/home/ethan/ros2_humble/install/ros2interface:/home/ethan/ros2_humble/install/ros2doctor:/home/ethan/ros2_humble/install/ros2action:/home/ethan/ros2_humble/install/ros2cli:/home/ethan/ros2_humble/install/quality_of_service_demo_py:/home/ethan/ros2_humble/install/lifecycle_py:/home/ethan/ros2_humble/install/launch_testing_ros:/home/ethan/ros2_humble/install/launch_ros:/home/ethan/ros2_humble/install/examples_rclpy_pointcloud_publisher:/home/ethan/ros2_humble/install/examples_rclpy_minimal_subscriber:/home/ethan/ros2_humble/install/examples_rclpy_minimal_service:/home/ethan/ros2_humble/install/examples_rclpy_minimal_publisher:/home/ethan/ros2_humble/install/examples_rclpy_minimal_client:/home/ethan/ros2_humble/install/examples_rclpy_minimal_action_server:/home/ethan/ros2_humble/install/examples_rclpy_minimal_action_client:/home/ethan/ros2_humble/install/examples_rclpy_guard_conditions:/home/ethan/ros2_humble/install/examples_rclpy_executors:/home/ethan/ros2_humble/install/demo_nodes_py:/home/ethan/ros2_humble/install/action_tutorials_py:/home/ethan/ros2_humble/install/ament_uncrustify:/home/ethan/ros2_humble/install/tracetools_trace:/home/ethan/ros2_humble/install/tracetools_read:/home/ethan/ros2_humble/install/test_tracetools_launch:/home/ethan/ros2_humble/install/test_launch_ros:/home/ethan/ros2_humble/install/sensor_msgs_py:/home/ethan/ros2_humble/install/rpyutils:/home/ethan/ros2_humble/install/rosidl_runtime_py:/home/ethan/ros2_humble/install/rosidl_cli:/home/ethan/ros2_humble/install/launch_pytest:/home/ethan/ros2_humble/install/launch_testing:/home/ethan/ros2_humble/install/launch_yaml:/home/ethan/ros2_humble/install/launch_xml:/home/ethan/ros2_humble/install/launch:/home/ethan/ros2_humble/install/osrf_pycommon:/home/ethan/ros2_humble/install/launch_testing_examples:/home/ethan/ros2_humble/install/domain_coordinator:/home/ethan/ros2_humble/install/ament_xmllint:/home/ethan/ros2_humble/install/ament_pyflakes:/home/ethan/ros2_humble/install/ament_pycodestyle:/home/ethan/ros2_humble/install/ament_pep257:/home/ethan/ros2_humble/install/ament_pclint:/home/ethan/ros2_humble/install/ament_package:/home/ethan/ros2_humble/install/ament_mypy:/home/ethan/ros2_humble/install/ament_lint_cmake:/home/ethan/ros2_humble/install/ament_flake8:/home/ethan/ros2_humble/install/ament_copyright:/home/ethan/ros2_humble/install/ament_lint:/home/ethan/ros2_humble/install/ament_index_python:/home/ethan/ros2_humble/install/ament_cpplint:/home/ethan/ros2_humble/install/ament_cppcheck:/home/ethan/ros2_humble/install/ament_clang_tidy:/home/ethan/ros2_humble/install/ament_clang_format:/opt/ros/humble VIRTUAL_ENV_PROMPT=(venv) /usr/bin/cmake --build /home/ethan/quadrupedal-sim/ros/build/action_state -- -j8 -l8
[0.108s] -- Found ament_cmake: 1.3.9 (/home/ethan/ros2_humble/install/ament_cmake/share/ament_cmake/cmake)
[0.475s] -- Found action_msgs: 1.2.1 (/home/ethan/ros2_humble/install/action_msgs/share/action_msgs/cmake)
[0.500s] -- Found rosidl_generator_c: 3.1.5 (/home/ethan/ros2_humble/install/rosidl_generator_c/share/rosidl_generator_c/cmake)
[0.503s] -- Found rosidl_adapter: 3.1.5 (/home/ethan/ros2_humble/install/rosidl_adapter/share/rosidl_adapter/cmake)
[0.509s] -- Found rosidl_generator_cpp: 3.1.5 (/home/ethan/ros2_humble/install/rosidl_generator_cpp/share/rosidl_generator_cpp/cmake)
[0.546s] -- Using all available rosidl_typesupport_c: rosidl_typesupport_introspection_c;rosidl_typesupport_fastrtps_c
[0.582s] -- Using all available rosidl_typesupport_cpp: rosidl_typesupport_introspection_cpp;rosidl_typesupport_fastrtps_cpp
[0.672s] -- Found std_msgs: 4.2.4 (/home/ethan/ros2_humble/install/std_msgs/share/std_msgs/cmake)
[0.699s] -- Found rosidl_default_generators: 1.2.0 (/home/ethan/ros2_humble/install/rosidl_default_generators/share/rosidl_default_generators/cmake)
[1.494s] -- Found ament_cmake_ros: 0.10.0 (/home/ethan/ros2_humble/install/ament_cmake_ros/share/ament_cmake_ros/cmake)
[2.289s] -- Using all available rosidl_typesupport_c: rosidl_typesupport_introspection_c;rosidl_typesupport_fastrtps_c
[2.611s] -- Using all available rosidl_typesupport_cpp: rosidl_typesupport_introspection_cpp;rosidl_typesupport_fastrtps_cpp
[2.660s] -- Found python_cmake_module: 0.10.0 (/home/ethan/ros2_humble/install/python_cmake_module/share/python_cmake_module/cmake)
[2.706s] -- Using PYTHON_EXECUTABLE: /home/ethan/quadrupedal-sim/ros/venv/bin/python3
[2.706s] -- Using PYTHON_INCLUDE_DIRS: /usr/include/python3.10
[2.706s] -- Using PYTHON_LIBRARIES: /usr/lib/x86_64-linux-gnu/libpython3.10.so
[3.052s] -- Found ament_lint_auto: 0.12.11 (/home/ethan/ros2_humble/install/ament_lint_auto/share/ament_lint_auto/cmake)
[3.060s] -- Added test 'lint_cmake' to check CMake code style
[3.061s] -- Added test 'xmllint' to check XML markup files
[3.062s] -- Configuring done
[3.093s] -- Generating done
[3.096s] -- Build files have been written to: /home/ethan/quadrupedal-sim/ros/build/action_state
[3.150s] [  3%] [34m[1mGenerating C code for ROS interfaces[0m
[3.176s] [  6%] [34m[1mGenerating C++ code for ROS interfaces[0m
[3.193s] [  6%] Built target ament_cmake_python_copy_action_state
[3.623s] running egg_info
[3.623s] writing action_state.egg-info/PKG-INFO
[3.624s] writing dependency_links to action_state.egg-info/dependency_links.txt
[3.624s] writing top-level names to action_state.egg-info/top_level.txt
[3.626s] reading manifest file 'action_state.egg-info/SOURCES.txt'
[3.626s] writing manifest file 'action_state.egg-info/SOURCES.txt'
[3.666s] [  6%] Built target ament_cmake_python_build_action_state_egg
[3.731s] [35m[1mConsolidate compiler generated dependencies of target action_state__rosidl_generator_c[0m
[3.741s] [  6%] Built target action_state__cpp
[3.758s] [  9%] [32mBuilding C object CMakeFiles/action_state__rosidl_generator_c.dir/rosidl_generator_c/action_state/action/detail/jointstate__functions.c.o[0m
[3.767s] [ 19%] [34m[1mGenerating C++ introspection for ROS interfaces[0m
[3.768s] [ 19%] [34m[1mGenerating C++ type support for eProsima Fast-RTPS[0m
[3.768s] [ 19%] [34m[1mGenerating C++ type support dispatch for ROS interfaces[0m
[3.908s] [ 22%] [32m[1mLinking C shared library libaction_state__rosidl_generator_c.so[0m
[3.980s] [ 22%] Built target action_state__rosidl_generator_c
[4.021s] [ 25%] [34m[1mGenerating C type support for eProsima Fast-RTPS[0m
[4.021s] [ 29%] [34m[1mGenerating C type support dispatch for ROS interfaces[0m
[4.025s] [ 32%] [34m[1mGenerating C introspection for ROS interfaces[0m
[4.313s] [35m[1mConsolidate compiler generated dependencies of target action_state__rosidl_typesupport_introspection_cpp[0m
[4.352s] [ 35%] [32mBuilding CXX object CMakeFiles/action_state__rosidl_typesupport_introspection_cpp.dir/rosidl_typesupport_introspection_cpp/action_state/action/detail/jointstate__type_support.cpp.o[0m
[4.406s] [35m[1mConsolidate compiler generated dependencies of target action_state__rosidl_typesupport_cpp[0m
[4.459s] [ 38%] [32mBuilding CXX object CMakeFiles/action_state__rosidl_typesupport_cpp.dir/rosidl_typesupport_cpp/action_state/action/jointstate__type_support.cpp.o[0m
[4.627s] [35m[1mConsolidate compiler generated dependencies of target action_state__rosidl_typesupport_fastrtps_cpp[0m
[4.664s] [35m[1mConsolidate compiler generated dependencies of target action_state__rosidl_typesupport_introspection_c[0m
[4.664s] [ 41%] [32mBuilding CXX object CMakeFiles/action_state__rosidl_typesupport_fastrtps_cpp.dir/rosidl_typesupport_fastrtps_cpp/action_state/action/detail/dds_fastrtps/jointstate__type_support.cpp.o[0m
[4.712s] [ 45%] [32mBuilding C object CMakeFiles/action_state__rosidl_typesupport_introspection_c.dir/rosidl_typesupport_introspection_c/action_state/action/detail/jointstate__type_support.c.o[0m
[4.802s] [35m[1mConsolidate compiler generated dependencies of target action_state__rosidl_typesupport_c[0m
[4.847s] [ 48%] [32m[1mLinking C shared library libaction_state__rosidl_typesupport_introspection_c.so[0m
[4.851s] [ 51%] [32mBuilding CXX object CMakeFiles/action_state__rosidl_typesupport_c.dir/rosidl_typesupport_c/action_state/action/jointstate__type_support.cpp.o[0m
[4.954s] [ 51%] Built target action_state__rosidl_typesupport_introspection_c
[4.961s] [ 54%] [32m[1mLinking CXX shared library libaction_state__rosidl_typesupport_c.so[0m
[4.975s] [35m[1mConsolidate compiler generated dependencies of target action_state__rosidl_typesupport_fastrtps_c[0m
[5.023s] [ 58%] [32mBuilding CXX object CMakeFiles/action_state__rosidl_typesupport_fastrtps_c.dir/rosidl_typesupport_fastrtps_c/action_state/action/detail/jointstate__type_support_c.cpp.o[0m
[5.046s] [ 58%] Built target action_state__rosidl_typesupport_c
[5.108s] [ 61%] [32m[1mLinking CXX shared library libaction_state__rosidl_typesupport_cpp.so[0m
[5.109s] [ 64%] [32m[1mLinking CXX shared library libaction_state__rosidl_typesupport_introspection_cpp.so[0m
[5.191s] [ 64%] Built target action_state__rosidl_typesupport_cpp
[5.223s] [ 64%] Built target action_state__rosidl_typesupport_introspection_cpp
[5.346s] [ 67%] [32m[1mLinking CXX shared library libaction_state__rosidl_typesupport_fastrtps_cpp.so[0m
[5.426s] [ 70%] [32m[1mLinking CXX shared library libaction_state__rosidl_typesupport_fastrtps_c.so[0m
[5.451s] [ 70%] Built target action_state__rosidl_typesupport_fastrtps_cpp
[5.527s] [ 70%] Built target action_state__rosidl_typesupport_fastrtps_c
[5.578s] [ 70%] Built target action_state
[5.632s] [ 74%] [34m[1mGenerating Python code for ROS interfaces[0m
[6.448s] [ 74%] Built target action_state__py
[6.473s] [35m[1mConsolidate compiler generated dependencies of target action_state__rosidl_generator_py[0m
[6.500s] [ 77%] [32mBuilding C object CMakeFiles/action_state__rosidl_generator_py.dir/rosidl_generator_py/action_state/action/_jointstate_s.c.o[0m
[6.648s] [ 80%] [32m[1mLinking C shared library rosidl_generator_py/action_state/libaction_state__rosidl_generator_py.so[0m
[6.721s] [ 80%] Built target action_state__rosidl_generator_py
[6.749s] [35m[1mConsolidate compiler generated dependencies of target action_state__rosidl_typesupport_fastrtps_c__pyext[0m
[6.749s] [35m[1mConsolidate compiler generated dependencies of target action_state__rosidl_typesupport_c__pyext[0m
[6.752s] [35m[1mConsolidate compiler generated dependencies of target action_state__rosidl_typesupport_introspection_c__pyext[0m
[6.778s] [ 83%] [32mBuilding C object CMakeFiles/action_state__rosidl_typesupport_fastrtps_c__pyext.dir/rosidl_generator_py/action_state/_action_state_s.ep.rosidl_typesupport_fastrtps_c.c.o[0m
[6.781s] [ 87%] [32mBuilding C object CMakeFiles/action_state__rosidl_typesupport_introspection_c__pyext.dir/rosidl_generator_py/action_state/_action_state_s.ep.rosidl_typesupport_introspection_c.c.o[0m
[6.781s] [ 90%] [32mBuilding C object CMakeFiles/action_state__rosidl_typesupport_c__pyext.dir/rosidl_generator_py/action_state/_action_state_s.ep.rosidl_typesupport_c.c.o[0m
[6.914s] [ 93%] [32m[1mLinking C shared library rosidl_generator_py/action_state/action_state_s__rosidl_typesupport_fastrtps_c.cpython-310-x86_64-linux-gnu.so[0m
[6.916s] [100%] [32m[1mLinking C shared library rosidl_generator_py/action_state/action_state_s__rosidl_typesupport_c.cpython-310-x86_64-linux-gnu.so[0m
[6.916s] [100%] [32m[1mLinking C shared library rosidl_generator_py/action_state/action_state_s__rosidl_typesupport_introspection_c.cpython-310-x86_64-linux-gnu.so[0m
[6.986s] [100%] Built target action_state__rosidl_typesupport_fastrtps_c__pyext
[6.987s] [100%] Built target action_state__rosidl_typesupport_c__pyext
[6.988s] [100%] Built target action_state__rosidl_typesupport_introspection_c__pyext
[7.007s] Invoked command in '/home/ethan/quadrupedal-sim/ros/build/action_state' returned '0': CMAKE_PREFIX_PATH=${CMAKE_PREFIX_PATH}:/home/ethan/quadrupedal-sim/ros/install/model:/home/ethan/ros2_humble/install/rqt_bag_plugins:/home/ethan/ros2_humble/install/rqt_bag:/home/ethan/ros2_humble/install/ros2bag:/home/ethan/ros2_humble/install/tracetools_test:/home/ethan/ros2_humble/install/tracetools_launch:/home/ethan/ros2_humble/install/topic_monitor:/home/ethan/ros2_humble/install/tf2_tools:/home/ethan/ros2_humble/install/examples_tf2_py:/home/ethan/ros2_humble/install/tf2_ros_py:/home/ethan/ros2_humble/install/sros2:/home/ethan/ros2_humble/install/rqt_topic:/home/ethan/ros2_humble/install/rqt_srv:/home/ethan/ros2_humble/install/rqt_shell:/home/ethan/ros2_humble/install/rqt_service_caller:/home/ethan/ros2_humble/install/rqt_reconfigure:/home/ethan/ros2_humble/install/rqt_py_console:/home/ethan/ros2_humble/install/rqt_publisher:/home/ethan/ros2_humble/install/rqt_plot:/home/ethan/ros2_humble/install/rqt_action:/home/ethan/ros2_humble/install/rqt_msg:/home/ethan/ros2_humble/install/rqt_console:/home/ethan/ros2_humble/install/rqt:/home/ethan/ros2_humble/install/rqt_graph:/home/ethan/ros2_humble/install/rqt_gui_py:/home/ethan/ros2_humble/install/rqt_gui:/home/ethan/ros2_humble/install/ros2trace:/home/ethan/ros2_humble/install/ros2topic:/home/ethan/ros2_humble/install/ros2test:/home/ethan/ros2_humble/install/ros2component:/home/ethan/ros2_humble/install/ros2param:/home/ethan/ros2_humble/install/ros2lifecycle:/home/ethan/ros2_humble/install/ros2service:/home/ethan/ros2_humble/install/ros2run:/home/ethan/ros2_humble/install/ros2launch:/home/ethan/ros2_humble/install/ros2pkg:/home/ethan/ros2_humble/install/ros2node:/home/ethan/ros2_humble/install/ros2multicast:/home/ethan/ros2_humble/install/ros2interface:/home/ethan/ros2_humble/install/ros2doctor:/home/ethan/ros2_humble/install/ros2action:/home/ethan/ros2_humble/install/ros2cli:/home/ethan/ros2_humble/install/quality_of_service_demo_py:/home/ethan/ros2_humble/install/lifecycle_py:/home/ethan/ros2_humble/install/launch_testing_ros:/home/ethan/ros2_humble/install/launch_ros:/home/ethan/ros2_humble/install/examples_rclpy_pointcloud_publisher:/home/ethan/ros2_humble/install/examples_rclpy_minimal_subscriber:/home/ethan/ros2_humble/install/examples_rclpy_minimal_service:/home/ethan/ros2_humble/install/examples_rclpy_minimal_publisher:/home/ethan/ros2_humble/install/examples_rclpy_minimal_client:/home/ethan/ros2_humble/install/examples_rclpy_minimal_action_server:/home/ethan/ros2_humble/install/examples_rclpy_minimal_action_client:/home/ethan/ros2_humble/install/examples_rclpy_guard_conditions:/home/ethan/ros2_humble/install/examples_rclpy_executors:/home/ethan/ros2_humble/install/demo_nodes_py:/home/ethan/ros2_humble/install/action_tutorials_py:/home/ethan/ros2_humble/install/ament_uncrustify:/home/ethan/ros2_humble/install/tracetools_trace:/home/ethan/ros2_humble/install/tracetools_read:/home/ethan/ros2_humble/install/test_tracetools_launch:/home/ethan/ros2_humble/install/test_launch_ros:/home/ethan/ros2_humble/install/sensor_msgs_py:/home/ethan/ros2_humble/install/rpyutils:/home/ethan/ros2_humble/install/rosidl_runtime_py:/home/ethan/ros2_humble/install/rosidl_cli:/home/ethan/ros2_humble/install/launch_pytest:/home/ethan/ros2_humble/install/launch_testing:/home/ethan/ros2_humble/install/launch_yaml:/home/ethan/ros2_humble/install/launch_xml:/home/ethan/ros2_humble/install/launch:/home/ethan/ros2_humble/install/osrf_pycommon:/home/ethan/ros2_humble/install/launch_testing_examples:/home/ethan/ros2_humble/install/domain_coordinator:/home/ethan/ros2_humble/install/ament_xmllint:/home/ethan/ros2_humble/install/ament_pyflakes:/home/ethan/ros2_humble/install/ament_pycodestyle:/home/ethan/ros2_humble/install/ament_pep257:/home/ethan/ros2_humble/install/ament_pclint:/home/ethan/ros2_humble/install/ament_package:/home/ethan/ros2_humble/install/ament_mypy:/home/ethan/ros2_humble/install/ament_lint_cmake:/home/ethan/ros2_humble/install/ament_flake8:/home/ethan/ros2_humble/install/ament_copyright:/home/ethan/ros2_humble/install/ament_lint:/home/ethan/ros2_humble/install/ament_index_python:/home/ethan/ros2_humble/install/ament_cpplint:/home/ethan/ros2_humble/install/ament_cppcheck:/home/ethan/ros2_humble/install/ament_clang_tidy:/home/ethan/ros2_humble/install/ament_clang_format:/opt/ros/humble VIRTUAL_ENV_PROMPT=(venv) /usr/bin/cmake --build /home/ethan/quadrupedal-sim/ros/build/action_state -- -j8 -l8
[7.369s] Invoking command in '/home/ethan/quadrupedal-sim/ros/build/action_state': CMAKE_PREFIX_PATH=${CMAKE_PREFIX_PATH}:/home/ethan/quadrupedal-sim/ros/install/model:/home/ethan/ros2_humble/install/rqt_bag_plugins:/home/ethan/ros2_humble/install/rqt_bag:/home/ethan/ros2_humble/install/ros2bag:/home/ethan/ros2_humble/install/tracetools_test:/home/ethan/ros2_humble/install/tracetools_launch:/home/ethan/ros2_humble/install/topic_monitor:/home/ethan/ros2_humble/install/tf2_tools:/home/ethan/ros2_humble/install/examples_tf2_py:/home/ethan/ros2_humble/install/tf2_ros_py:/home/ethan/ros2_humble/install/sros2:/home/ethan/ros2_humble/install/rqt_topic:/home/ethan/ros2_humble/install/rqt_srv:/home/ethan/ros2_humble/install/rqt_shell:/home/ethan/ros2_humble/install/rqt_service_caller:/home/ethan/ros2_humble/install/rqt_reconfigure:/home/ethan/ros2_humble/install/rqt_py_console:/home/ethan/ros2_humble/install/rqt_publisher:/home/ethan/ros2_humble/install/rqt_plot:/home/ethan/ros2_humble/install/rqt_action:/home/ethan/ros2_humble/install/rqt_msg:/home/ethan/ros2_humble/install/rqt_console:/home/ethan/ros2_humble/install/rqt:/home/ethan/ros2_humble/install/rqt_graph:/home/ethan/ros2_humble/install/rqt_gui_py:/home/ethan/ros2_humble/install/rqt_gui:/home/ethan/ros2_humble/install/ros2trace:/home/ethan/ros2_humble/install/ros2topic:/home/ethan/ros2_humble/install/ros2test:/home/ethan/ros2_humble/install/ros2component:/home/ethan/ros2_humble/install/ros2param:/home/ethan/ros2_humble/install/ros2lifecycle:/home/ethan/ros2_humble/install/ros2service:/home/ethan/ros2_humble/install/ros2run:/home/ethan/ros2_humble/install/ros2launch:/home/ethan/ros2_humble/install/ros2pkg:/home/ethan/ros2_humble/install/ros2node:/home/ethan/ros2_humble/install/ros2multicast:/home/ethan/ros2_humble/install/ros2interface:/home/ethan/ros2_humble/install/ros2doctor:/home/ethan/ros2_humble/install/ros2action:/home/ethan/ros2_humble/install/ros2cli:/home/ethan/ros2_humble/install/quality_of_service_demo_py:/home/ethan/ros2_humble/install/lifecycle_py:/home/ethan/ros2_humble/install/launch_testing_ros:/home/ethan/ros2_humble/install/launch_ros:/home/ethan/ros2_humble/install/examples_rclpy_pointcloud_publisher:/home/ethan/ros2_humble/install/examples_rclpy_minimal_subscriber:/home/ethan/ros2_humble/install/examples_rclpy_minimal_service:/home/ethan/ros2_humble/install/examples_rclpy_minimal_publisher:/home/ethan/ros2_humble/install/examples_rclpy_minimal_client:/home/ethan/ros2_humble/install/examples_rclpy_minimal_action_server:/home/ethan/ros2_humble/install/examples_rclpy_minimal_action_client:/home/ethan/ros2_humble/install/examples_rclpy_guard_conditions:/home/ethan/ros2_humble/install/examples_rclpy_executors:/home/ethan/ros2_humble/install/demo_nodes_py:/home/ethan/ros2_humble/install/action_tutorials_py:/home/ethan/ros2_humble/install/ament_uncrustify:/home/ethan/ros2_humble/install/tracetools_trace:/home/ethan/ros2_humble/install/tracetools_read:/home/ethan/ros2_humble/install/test_tracetools_launch:/home/ethan/ros2_humble/install/test_launch_ros:/home/ethan/ros2_humble/install/sensor_msgs_py:/home/ethan/ros2_humble/install/rpyutils:/home/ethan/ros2_humble/install/rosidl_runtime_py:/home/ethan/ros2_humble/install/rosidl_cli:/home/ethan/ros2_humble/install/launch_pytest:/home/ethan/ros2_humble/install/launch_testing:/home/ethan/ros2_humble/install/launch_yaml:/home/ethan/ros2_humble/install/launch_xml:/home/ethan/ros2_humble/install/launch:/home/ethan/ros2_humble/install/osrf_pycommon:/home/ethan/ros2_humble/install/launch_testing_examples:/home/ethan/ros2_humble/install/domain_coordinator:/home/ethan/ros2_humble/install/ament_xmllint:/home/ethan/ros2_humble/install/ament_pyflakes:/home/ethan/ros2_humble/install/ament_pycodestyle:/home/ethan/ros2_humble/install/ament_pep257:/home/ethan/ros2_humble/install/ament_pclint:/home/ethan/ros2_humble/install/ament_package:/home/ethan/ros2_humble/install/ament_mypy:/home/ethan/ros2_humble/install/ament_lint_cmake:/home/ethan/ros2_humble/install/ament_flake8:/home/ethan/ros2_humble/install/ament_copyright:/home/ethan/ros2_humble/install/ament_lint:/home/ethan/ros2_humble/install/ament_index_python:/home/ethan/ros2_humble/install/ament_cpplint:/home/ethan/ros2_humble/install/ament_cppcheck:/home/ethan/ros2_humble/install/ament_clang_tidy:/home/ethan/ros2_humble/install/ament_clang_format:/opt/ros/humble VIRTUAL_ENV_PROMPT=(venv) /usr/bin/cmake --install /home/ethan/quadrupedal-sim/ros/build/action_state
[7.385s] -- Install configuration: ""
[7.386s] -- Up-to-date: /home/ethan/quadrupedal-sim/ros/install/action_state/share/ament_index/resource_index/rosidl_interfaces/action_state
[7.386s] -- Up-to-date: /home/ethan/quadrupedal-sim/ros/install/action_state/include/action_state/action_state
[7.386s] -- Up-to-date: /home/ethan/quadrupedal-sim/ros/install/action_state/include/action_state/action_state/action
[7.386s] -- Up-to-date: /home/ethan/quadrupedal-sim/ros/install/action_state/include/action_state/action_state/action/detail
[7.386s] -- Installing: /home/ethan/quadrupedal-sim/ros/install/action_state/include/action_state/action_state/action/detail/jointstate__struct.h
[7.386s] -- Installing: /home/ethan/quadrupedal-sim/ros/install/action_state/include/action_state/action_state/action/detail/jointstate__functions.h
[7.386s] -- Installing: /home/ethan/quadrupedal-sim/ros/install/action_state/include/action_state/action_state/action/detail/jointstate__type_support.h
[7.387s] -- Installing: /home/ethan/quadrupedal-sim/ros/install/action_state/include/action_state/action_state/action/detail/jointstate__functions.c
[7.387s] -- Installing: /home/ethan/quadrupedal-sim/ros/install/action_state/include/action_state/action_state/action/jointstate.h
[7.387s] -- Up-to-date: /home/ethan/quadrupedal-sim/ros/install/action_state/include/action_state/action_state/msg
[7.387s] -- Up-to-date: /home/ethan/quadrupedal-sim/ros/install/action_state/include/action_state/action_state/msg/rosidl_generator_c__visibility_control.h
[7.387s] -- Up-to-date: /home/ethan/quadrupedal-sim/ros/install/action_state/share/action_state/environment/library_path.sh
[7.387s] -- Installing: /home/ethan/quadrupedal-sim/ros/install/action_state/share/action_state/environment/library_path.dsv
[7.387s] -- Installing: /home/ethan/quadrupedal-sim/ros/install/action_state/lib/libaction_state__rosidl_generator_c.so
[7.388s] -- Set runtime path of "/home/ethan/quadrupedal-sim/ros/install/action_state/lib/libaction_state__rosidl_generator_c.so" to ""
[7.388s] -- Up-to-date: /home/ethan/quadrupedal-sim/ros/install/action_state/include/action_state/action_state
[7.388s] -- Up-to-date: /home/ethan/quadrupedal-sim/ros/install/action_state/include/action_state/action_state/action
[7.388s] -- Up-to-date: /home/ethan/quadrupedal-sim/ros/install/action_state/include/action_state/action_state/action/detail
[7.388s] -- Installing: /home/ethan/quadrupedal-sim/ros/install/action_state/include/action_state/action_state/action/detail/jointstate__rosidl_typesupport_fastrtps_c.h
[7.388s] -- Up-to-date: /home/ethan/quadrupedal-sim/ros/install/action_state/include/action_state/action_state/msg
[7.388s] -- Up-to-date: /home/ethan/quadrupedal-sim/ros/install/action_state/include/action_state/action_state/msg/rosidl_typesupport_fastrtps_c__visibility_control.h
[7.388s] -- Installing: /home/ethan/quadrupedal-sim/ros/install/action_state/lib/libaction_state__rosidl_typesupport_fastrtps_c.so
[7.389s] -- Set runtime path of "/home/ethan/quadrupedal-sim/ros/install/action_state/lib/libaction_state__rosidl_typesupport_fastrtps_c.so" to ""
[7.389s] -- Up-to-date: /home/ethan/quadrupedal-sim/ros/install/action_state/include/action_state/action_state
[7.389s] -- Up-to-date: /home/ethan/quadrupedal-sim/ros/install/action_state/include/action_state/action_state/action
[7.389s] -- Installing: /home/ethan/quadrupedal-sim/ros/install/action_state/include/action_state/action_state/action/jointstate.hpp
[7.389s] -- Up-to-date: /home/ethan/quadrupedal-sim/ros/install/action_state/include/action_state/action_state/action/detail
[7.389s] -- Installing: /home/ethan/quadrupedal-sim/ros/install/action_state/include/action_state/action_state/action/detail/jointstate__traits.hpp
[7.389s] -- Installing: /home/ethan/quadrupedal-sim/ros/install/action_state/include/action_state/action_state/action/detail/jointstate__struct.hpp
[7.389s] -- Installing: /home/ethan/quadrupedal-sim/ros/install/action_state/include/action_state/action_state/action/detail/jointstate__builder.hpp
[7.390s] -- Up-to-date: /home/ethan/quadrupedal-sim/ros/install/action_state/include/action_state/action_state
[7.390s] -- Up-to-date: /home/ethan/quadrupedal-sim/ros/install/action_state/include/action_state/action_state/action
[7.390s] -- Up-to-date: /home/ethan/quadrupedal-sim/ros/install/action_state/include/action_state/action_state/action/detail
[7.390s] -- Up-to-date: /home/ethan/quadrupedal-sim/ros/install/action_state/include/action_state/action_state/action/detail/dds_fastrtps
[7.390s] -- Installing: /home/ethan/quadrupedal-sim/ros/install/action_state/include/action_state/action_state/action/detail/jointstate__rosidl_typesupport_fastrtps_cpp.hpp
[7.390s] -- Up-to-date: /home/ethan/quadrupedal-sim/ros/install/action_state/include/action_state/action_state/msg
[7.391s] -- Up-to-date: /home/ethan/quadrupedal-sim/ros/install/action_state/include/action_state/action_state/msg/rosidl_typesupport_fastrtps_cpp__visibility_control.h
[7.391s] -- Installing: /home/ethan/quadrupedal-sim/ros/install/action_state/lib/libaction_state__rosidl_typesupport_fastrtps_cpp.so
[7.391s] -- Set runtime path of "/home/ethan/quadrupedal-sim/ros/install/action_state/lib/libaction_state__rosidl_typesupport_fastrtps_cpp.so" to ""
[7.391s] -- Up-to-date: /home/ethan/quadrupedal-sim/ros/install/action_state/include/action_state/action_state
[7.391s] -- Up-to-date: /home/ethan/quadrupedal-sim/ros/install/action_state/include/action_state/action_state/action
[7.391s] -- Up-to-date: /home/ethan/quadrupedal-sim/ros/install/action_state/include/action_state/action_state/action/detail
[7.391s] -- Installing: /home/ethan/quadrupedal-sim/ros/install/action_state/include/action_state/action_state/action/detail/jointstate__rosidl_typesupport_introspection_c.h
[7.391s] -- Installing: /home/ethan/quadrupedal-sim/ros/install/action_state/include/action_state/action_state/action/detail/jointstate__type_support.c
[7.391s] -- Up-to-date: /home/ethan/quadrupedal-sim/ros/install/action_state/include/action_state/action_state/msg
[7.391s] -- Up-to-date: /home/ethan/quadrupedal-sim/ros/install/action_state/include/action_state/action_state/msg/rosidl_typesupport_introspection_c__visibility_control.h
[7.391s] -- Installing: /home/ethan/quadrupedal-sim/ros/install/action_state/lib/libaction_state__rosidl_typesupport_introspection_c.so
[7.392s] -- Set runtime path of "/home/ethan/quadrupedal-sim/ros/install/action_state/lib/libaction_state__rosidl_typesupport_introspection_c.so" to ""
[7.392s] -- Installing: /home/ethan/quadrupedal-sim/ros/install/action_state/lib/libaction_state__rosidl_typesupport_c.so
[7.392s] -- Set runtime path of "/home/ethan/quadrupedal-sim/ros/install/action_state/lib/libaction_state__rosidl_typesupport_c.so" to ""
[7.392s] -- Up-to-date: /home/ethan/quadrupedal-sim/ros/install/action_state/include/action_state/action_state
[7.392s] -- Up-to-date: /home/ethan/quadrupedal-sim/ros/install/action_state/include/action_state/action_state/action
[7.392s] -- Up-to-date: /home/ethan/quadrupedal-sim/ros/install/action_state/include/action_state/action_state/action/detail
[7.392s] -- Installing: /home/ethan/quadrupedal-sim/ros/install/action_state/include/action_state/action_state/action/detail/jointstate__rosidl_typesupport_introspection_cpp.hpp
[7.392s] -- Installing: /home/ethan/quadrupedal-sim/ros/install/action_state/include/action_state/action_state/action/detail/jointstate__type_support.cpp
[7.393s] -- Installing: /home/ethan/quadrupedal-sim/ros/install/action_state/lib/libaction_state__rosidl_typesupport_introspection_cpp.so
[7.393s] -- Set runtime path of "/home/ethan/quadrupedal-sim/ros/install/action_state/lib/libaction_state__rosidl_typesupport_introspection_cpp.so" to ""
[7.393s] -- Installing: /home/ethan/quadrupedal-sim/ros/install/action_state/lib/libaction_state__rosidl_typesupport_cpp.so
[7.393s] -- Set runtime path of "/home/ethan/quadrupedal-sim/ros/install/action_state/lib/libaction_state__rosidl_typesupport_cpp.so" to ""
[7.394s] -- Up-to-date: /home/ethan/quadrupedal-sim/ros/install/action_state/share/action_state/environment/pythonpath.sh
[7.394s] -- Installing: /home/ethan/quadrupedal-sim/ros/install/action_state/share/action_state/environment/pythonpath.dsv
[7.394s] -- Up-to-date: /home/ethan/quadrupedal-sim/ros/install/action_state/lib/python3.10/site-packages/action_state-0.0.0-py3.10.egg-info
[7.394s] -- Installing: /home/ethan/quadrupedal-sim/ros/install/action_state/lib/python3.10/site-packages/action_state-0.0.0-py3.10.egg-info/SOURCES.txt
[7.394s] -- Installing: /home/ethan/quadrupedal-sim/ros/install/action_state/lib/python3.10/site-packages/action_state-0.0.0-py3.10.egg-info/dependency_links.txt
[7.394s] -- Installing: /home/ethan/quadrupedal-sim/ros/install/action_state/lib/python3.10/site-packages/action_state-0.0.0-py3.10.egg-info/top_level.txt
[7.394s] -- Installing: /home/ethan/quadrupedal-sim/ros/install/action_state/lib/python3.10/site-packages/action_state-0.0.0-py3.10.egg-info/PKG-INFO
[7.394s] -- Up-to-date: /home/ethan/quadrupedal-sim/ros/install/action_state/lib/python3.10/site-packages/action_state
[7.394s] -- Installing: /home/ethan/quadrupedal-sim/ros/install/action_state/lib/python3.10/site-packages/action_state/__init__.py
[7.395s] -- Installing: /home/ethan/quadrupedal-sim/ros/install/action_state/lib/python3.10/site-packages/action_state/_action_state_s.ep.rosidl_typesupport_introspection_c.c
[7.395s] -- Up-to-date: /home/ethan/quadrupedal-sim/ros/install/action_state/lib/python3.10/site-packages/action_state/action
[7.395s] -- Installing: /home/ethan/quadrupedal-sim/ros/install/action_state/lib/python3.10/site-packages/action_state/action/__init__.py
[7.395s] -- Installing: /home/ethan/quadrupedal-sim/ros/install/action_state/lib/python3.10/site-packages/action_state/action/_jointstate_s.c
[7.395s] -- Installing: /home/ethan/quadrupedal-sim/ros/install/action_state/lib/python3.10/site-packages/action_state/action/_jointstate.py
[7.395s] -- Installing: /home/ethan/quadrupedal-sim/ros/install/action_state/lib/python3.10/site-packages/action_state/action_state_s__rosidl_typesupport_introspection_c.cpython-310-x86_64-linux-gnu.so
[7.395s] -- Installing: /home/ethan/quadrupedal-sim/ros/install/action_state/lib/python3.10/site-packages/action_state/action_state_s__rosidl_typesupport_c.cpython-310-x86_64-linux-gnu.so
[7.396s] -- Installing: /home/ethan/quadrupedal-sim/ros/install/action_state/lib/python3.10/site-packages/action_state/_action_state_s.ep.rosidl_typesupport_c.c
[7.396s] -- Installing: /home/ethan/quadrupedal-sim/ros/install/action_state/lib/python3.10/site-packages/action_state/_action_state_s.ep.rosidl_typesupport_fastrtps_c.c
[7.396s] -- Installing: /home/ethan/quadrupedal-sim/ros/install/action_state/lib/python3.10/site-packages/action_state/libaction_state__rosidl_generator_py.so
[7.396s] -- Installing: /home/ethan/quadrupedal-sim/ros/install/action_state/lib/python3.10/site-packages/action_state/action_state_s__rosidl_typesupport_fastrtps_c.cpython-310-x86_64-linux-gnu.so
[7.553s] Listing '/home/ethan/quadrupedal-sim/ros/install/action_state/lib/python3.10/site-packages/action_state'...
[7.554s] Compiling '/home/ethan/quadrupedal-sim/ros/install/action_state/lib/python3.10/site-packages/action_state/__init__.py'...
[7.554s] Listing '/home/ethan/quadrupedal-sim/ros/install/action_state/lib/python3.10/site-packages/action_state/action'...
[7.554s] Compiling '/home/ethan/quadrupedal-sim/ros/install/action_state/lib/python3.10/site-packages/action_state/action/__init__.py'...
[7.554s] Compiling '/home/ethan/quadrupedal-sim/ros/install/action_state/lib/python3.10/site-packages/action_state/action/_jointstate.py'...
[7.558s] -- Installing: /home/ethan/quadrupedal-sim/ros/install/action_state/lib/python3.10/site-packages/action_state/action_state_s__rosidl_typesupport_introspection_c.cpython-310-x86_64-linux-gnu.so
[7.558s] -- Set runtime path of "/home/ethan/quadrupedal-sim/ros/install/action_state/lib/python3.10/site-packages/action_state/action_state_s__rosidl_typesupport_introspection_c.cpython-310-x86_64-linux-gnu.so" to ""
[7.558s] -- Installing: /home/ethan/quadrupedal-sim/ros/install/action_state/lib/python3.10/site-packages/action_state/action_state_s__rosidl_typesupport_fastrtps_c.cpython-310-x86_64-linux-gnu.so
[7.559s] -- Set runtime path of "/home/ethan/quadrupedal-sim/ros/install/action_state/lib/python3.10/site-packages/action_state/action_state_s__rosidl_typesupport_fastrtps_c.cpython-310-x86_64-linux-gnu.so" to ""
[7.559s] -- Installing: /home/ethan/quadrupedal-sim/ros/install/action_state/lib/python3.10/site-packages/action_state/action_state_s__rosidl_typesupport_c.cpython-310-x86_64-linux-gnu.so
[7.559s] -- Set runtime path of "/home/ethan/quadrupedal-sim/ros/install/action_state/lib/python3.10/site-packages/action_state/action_state_s__rosidl_typesupport_c.cpython-310-x86_64-linux-gnu.so" to ""
[7.560s] -- Installing: /home/ethan/quadrupedal-sim/ros/install/action_state/lib/libaction_state__rosidl_generator_py.so
[7.560s] -- Set runtime path of "/home/ethan/quadrupedal-sim/ros/install/action_state/lib/libaction_state__rosidl_generator_py.so" to ""
[7.560s] -- Installing: /home/ethan/quadrupedal-sim/ros/install/action_state/share/action_state/action/Jointstate.idl
[7.560s] -- Installing: /home/ethan/quadrupedal-sim/ros/install/action_state/share/action_state/action/Jointstate.action
[7.560s] -- Up-to-date: /home/ethan/quadrupedal-sim/ros/install/action_state/share/ament_index/resource_index/package_run_dependencies/action_state
[7.561s] -- Up-to-date: /home/ethan/quadrupedal-sim/ros/install/action_state/share/ament_index/resource_index/parent_prefix_path/action_state
[7.561s] -- Installing: /home/ethan/quadrupedal-sim/ros/install/action_state/share/action_state/environment/ament_prefix_path.dsv
[7.561s] -- Installing: /home/ethan/quadrupedal-sim/ros/install/action_state/share/action_state/environment/path.dsv
[7.561s] -- Up-to-date: /home/ethan/quadrupedal-sim/ros/install/action_state/share/action_state/local_setup.bash
[7.561s] -- Up-to-date: /home/ethan/quadrupedal-sim/ros/install/action_state/share/action_state/local_setup.sh
[7.561s] -- Up-to-date: /home/ethan/quadrupedal-sim/ros/install/action_state/share/action_state/local_setup.zsh
[7.561s] -- Installing: /home/ethan/quadrupedal-sim/ros/install/action_state/share/action_state/local_setup.dsv
[7.561s] -- Installing: /home/ethan/quadrupedal-sim/ros/install/action_state/share/action_state/package.dsv
[7.561s] -- Up-to-date: /home/ethan/quadrupedal-sim/ros/install/action_state/share/ament_index/resource_index/packages/action_state
[7.561s] -- Up-to-date: /home/ethan/quadrupedal-sim/ros/install/action_state/share/action_state/cmake/export_action_state__rosidl_generator_cExport.cmake
[7.561s] -- Up-to-date: /home/ethan/quadrupedal-sim/ros/install/action_state/share/action_state/cmake/export_action_state__rosidl_generator_cExport-noconfig.cmake
[7.562s] -- Up-to-date: /home/ethan/quadrupedal-sim/ros/install/action_state/share/action_state/cmake/export_action_state__rosidl_typesupport_fastrtps_cExport.cmake
[7.562s] -- Up-to-date: /home/ethan/quadrupedal-sim/ros/install/action_state/share/action_state/cmake/export_action_state__rosidl_typesupport_fastrtps_cExport-noconfig.cmake
[7.562s] -- Up-to-date: /home/ethan/quadrupedal-sim/ros/install/action_state/share/action_state/cmake/export_action_state__rosidl_generator_cppExport.cmake
[7.562s] -- Up-to-date: /home/ethan/quadrupedal-sim/ros/install/action_state/share/action_state/cmake/export_action_state__rosidl_typesupport_fastrtps_cppExport.cmake
[7.562s] -- Up-to-date: /home/ethan/quadrupedal-sim/ros/install/action_state/share/action_state/cmake/export_action_state__rosidl_typesupport_fastrtps_cppExport-noconfig.cmake
[7.562s] -- Up-to-date: /home/ethan/quadrupedal-sim/ros/install/action_state/share/action_state/cmake/action_state__rosidl_typesupport_introspection_cExport.cmake
[7.562s] -- Up-to-date: /home/ethan/quadrupedal-sim/ros/install/action_state/share/action_state/cmake/action_state__rosidl_typesupport_introspection_cExport-noconfig.cmake
[7.562s] -- Up-to-date: /home/ethan/quadrupedal-sim/ros/install/action_state/share/action_state/cmake/action_state__rosidl_typesupport_cExport.cmake
[7.562s] -- Up-to-date: /home/ethan/quadrupedal-sim/ros/install/action_state/share/action_state/cmake/action_state__rosidl_typesupport_cExport-noconfig.cmake
[7.562s] -- Up-to-date: /home/ethan/quadrupedal-sim/ros/install/action_state/share/action_state/cmake/action_state__rosidl_typesupport_introspection_cppExport.cmake
[7.562s] -- Up-to-date: /home/ethan/quadrupedal-sim/ros/install/action_state/share/action_state/cmake/action_state__rosidl_typesupport_introspection_cppExport-noconfig.cmake
[7.562s] -- Up-to-date: /home/ethan/quadrupedal-sim/ros/install/action_state/share/action_state/cmake/action_state__rosidl_typesupport_cppExport.cmake
[7.562s] -- Up-to-date: /home/ethan/quadrupedal-sim/ros/install/action_state/share/action_state/cmake/action_state__rosidl_typesupport_cppExport-noconfig.cmake
[7.563s] -- Up-to-date: /home/ethan/quadrupedal-sim/ros/install/action_state/share/action_state/cmake/export_action_state__rosidl_generator_pyExport.cmake
[7.563s] -- Up-to-date: /home/ethan/quadrupedal-sim/ros/install/action_state/share/action_state/cmake/export_action_state__rosidl_generator_pyExport-noconfig.cmake
[7.563s] -- Up-to-date: /home/ethan/quadrupedal-sim/ros/install/action_state/share/action_state/cmake/rosidl_cmake-extras.cmake
[7.563s] -- Up-to-date: /home/ethan/quadrupedal-sim/ros/install/action_state/share/action_state/cmake/ament_cmake_export_dependencies-extras.cmake
[7.563s] -- Up-to-date: /home/ethan/quadrupedal-sim/ros/install/action_state/share/action_state/cmake/ament_cmake_export_include_directories-extras.cmake
[7.563s] -- Up-to-date: /home/ethan/quadrupedal-sim/ros/install/action_state/share/action_state/cmake/ament_cmake_export_libraries-extras.cmake
[7.563s] -- Up-to-date: /home/ethan/quadrupedal-sim/ros/install/action_state/share/action_state/cmake/ament_cmake_export_targets-extras.cmake
[7.563s] -- Up-to-date: /home/ethan/quadrupedal-sim/ros/install/action_state/share/action_state/cmake/rosidl_cmake_export_typesupport_targets-extras.cmake
[7.563s] -- Up-to-date: /home/ethan/quadrupedal-sim/ros/install/action_state/share/action_state/cmake/rosidl_cmake_export_typesupport_libraries-extras.cmake
[7.563s] -- Up-to-date: /home/ethan/quadrupedal-sim/ros/install/action_state/share/action_state/cmake/action_stateConfig.cmake
[7.563s] -- Up-to-date: /home/ethan/quadrupedal-sim/ros/install/action_state/share/action_state/cmake/action_stateConfig-version.cmake
[7.563s] -- Up-to-date: /home/ethan/quadrupedal-sim/ros/install/action_state/share/action_state/package.xml
[7.566s] Invoked command in '/home/ethan/quadrupedal-sim/ros/build/action_state' returned '0': CMAKE_PREFIX_PATH=${CMAKE_PREFIX_PATH}:/home/ethan/quadrupedal-sim/ros/install/model:/home/ethan/ros2_humble/install/rqt_bag_plugins:/home/ethan/ros2_humble/install/rqt_bag:/home/ethan/ros2_humble/install/ros2bag:/home/ethan/ros2_humble/install/tracetools_test:/home/ethan/ros2_humble/install/tracetools_launch:/home/ethan/ros2_humble/install/topic_monitor:/home/ethan/ros2_humble/install/tf2_tools:/home/ethan/ros2_humble/install/examples_tf2_py:/home/ethan/ros2_humble/install/tf2_ros_py:/home/ethan/ros2_humble/install/sros2:/home/ethan/ros2_humble/install/rqt_topic:/home/ethan/ros2_humble/install/rqt_srv:/home/ethan/ros2_humble/install/rqt_shell:/home/ethan/ros2_humble/install/rqt_service_caller:/home/ethan/ros2_humble/install/rqt_reconfigure:/home/ethan/ros2_humble/install/rqt_py_console:/home/ethan/ros2_humble/install/rqt_publisher:/home/ethan/ros2_humble/install/rqt_plot:/home/ethan/ros2_humble/install/rqt_action:/home/ethan/ros2_humble/install/rqt_msg:/home/ethan/ros2_humble/install/rqt_console:/home/ethan/ros2_humble/install/rqt:/home/ethan/ros2_humble/install/rqt_graph:/home/ethan/ros2_humble/install/rqt_gui_py:/home/ethan/ros2_humble/install/rqt_gui:/home/ethan/ros2_humble/install/ros2trace:/home/ethan/ros2_humble/install/ros2topic:/home/ethan/ros2_humble/install/ros2test:/home/ethan/ros2_humble/install/ros2component:/home/ethan/ros2_humble/install/ros2param:/home/ethan/ros2_humble/install/ros2lifecycle:/home/ethan/ros2_humble/install/ros2service:/home/ethan/ros2_humble/install/ros2run:/home/ethan/ros2_humble/install/ros2launch:/home/ethan/ros2_humble/install/ros2pkg:/home/ethan/ros2_humble/install/ros2node:/home/ethan/ros2_humble/install/ros2multicast:/home/ethan/ros2_humble/install/ros2interface:/home/ethan/ros2_humble/install/ros2doctor:/home/ethan/ros2_humble/install/ros2action:/home/ethan/ros2_humble/install/ros2cli:/home/ethan/ros2_humble/install/quality_of_service_demo_py:/home/ethan/ros2_humble/install/lifecycle_py:/home/ethan/ros2_humble/install/launch_testing_ros:/home/ethan/ros2_humble/install/launch_ros:/home/ethan/ros2_humble/install/examples_rclpy_pointcloud_publisher:/home/ethan/ros2_humble/install/examples_rclpy_minimal_subscriber:/home/ethan/ros2_humble/install/examples_rclpy_minimal_service:/home/ethan/ros2_humble/install/examples_rclpy_minimal_publisher:/home/ethan/ros2_humble/install/examples_rclpy_minimal_client:/home/ethan/ros2_humble/install/examples_rclpy_minimal_action_server:/home/ethan/ros2_humble/install/examples_rclpy_minimal_action_client:/home/ethan/ros2_humble/install/examples_rclpy_guard_conditions:/home/ethan/ros2_humble/install/examples_rclpy_executors:/home/ethan/ros2_humble/install/demo_nodes_py:/home/ethan/ros2_humble/install/action_tutorials_py:/home/ethan/ros2_humble/install/ament_uncrustify:/home/ethan/ros2_humble/install/tracetools_trace:/home/ethan/ros2_humble/install/tracetools_read:/home/ethan/ros2_humble/install/test_tracetools_launch:/home/ethan/ros2_humble/install/test_launch_ros:/home/ethan/ros2_humble/install/sensor_msgs_py:/home/ethan/ros2_humble/install/rpyutils:/home/ethan/ros2_humble/install/rosidl_runtime_py:/home/ethan/ros2_humble/install/rosidl_cli:/home/ethan/ros2_humble/install/launch_pytest:/home/ethan/ros2_humble/install/launch_testing:/home/ethan/ros2_humble/install/launch_yaml:/home/ethan/ros2_humble/install/launch_xml:/home/ethan/ros2_humble/install/launch:/home/ethan/ros2_humble/install/osrf_pycommon:/home/ethan/ros2_humble/install/launch_testing_examples:/home/ethan/ros2_humble/install/domain_coordinator:/home/ethan/ros2_humble/install/ament_xmllint:/home/ethan/ros2_humble/install/ament_pyflakes:/home/ethan/ros2_humble/install/ament_pycodestyle:/home/ethan/ros2_humble/install/ament_pep257:/home/ethan/ros2_humble/install/ament_pclint:/home/ethan/ros2_humble/install/ament_package:/home/ethan/ros2_humble/install/ament_mypy:/home/ethan/ros2_humble/install/ament_lint_cmake:/home/ethan/ros2_humble/install/ament_flake8:/home/ethan/ros2_humble/install/ament_copyright:/home/ethan/ros2_humble/install/ament_lint:/home/ethan/ros2_humble/install/ament_index_python:/home/ethan/ros2_humble/install/ament_cpplint:/home/ethan/ros2_humble/install/ament_cppcheck:/home/ethan/ros2_humble/install/ament_clang_tidy:/home/ethan/ros2_humble/install/ament_clang_format:/opt/ros/humble VIRTUAL_ENV_PROMPT=(venv) /usr/bin/cmake --install /home/ethan/quadrupedal-sim/ros/build/action_state
