running develop
/usr/lib/python3/dist-packages/setuptools/command/easy_install.py:158: EasyInstallDeprecationWarning: easy_install command is deprecated. Use build and pip and other standards-based tools.
  warnings.warn(
running egg_info
creating model.egg-info
writing model.egg-info/PKG-INFO
writing dependency_links to model.egg-info/dependency_links.txt
writing entry points to model.egg-info/entry_points.txt
writing requirements to model.egg-info/requires.txt
writing top-level names to model.egg-info/top_level.txt
writing manifest file 'model.egg-info/SOURCES.txt'
reading manifest file 'model.egg-info/SOURCES.txt'
writing manifest file 'model.egg-info/SOURCES.txt'
running build_ext
Creating /home/ethan/quadrupedal-sim/ros/install/model/lib/python3.10/site-packages/model.egg-link (link to .)

Installed /home/ethan/quadrupedal-sim/ros/build/model
running symlink_data
creating /home/ethan/quadrupedal-sim/ros/install/model/share/ament_index
creating /home/ethan/quadrupedal-sim/ros/install/model/share/ament_index/resource_index
creating /home/ethan/quadrupedal-sim/ros/install/model/share/ament_index/resource_index/packages
symbolically linking /home/ethan/quadrupedal-sim/ros/build/model/resource/model -> /home/ethan/quadrupedal-sim/ros/install/model/share/ament_index/resource_index/packages
symbolically linking /home/ethan/quadrupedal-sim/ros/build/model/package.xml -> /home/ethan/quadrupedal-sim/ros/install/model/share/model
