[1.113s] Invoking command in '/home/ethan/quadrupedal-sim/ros/build/model': PYTHONPATH=/home/ethan/quadrupedal-sim/ros/build/model/prefix_override:/home/ethan/quadrupedal-sim/ros/install/model/lib/python3.10/site-packages:${PYTHONPATH} VIRTUAL_ENV_PROMPT=(venv) /usr/bin/python3 -W ignore:setup.py install is deprecated setup.py develop --editable --build-directory /home/ethan/quadrupedal-sim/ros/build/model/build --no-deps symlink_data
[1.563s] running develop
[1.567s] /usr/lib/python3/dist-packages/setuptools/command/easy_install.py:158: EasyInstallDeprecationWarning: easy_install command is deprecated. Use build and pip and other standards-based tools.
[1.567s]   warnings.warn(
[1.802s] running egg_info
[1.802s] creating model.egg-info
[1.802s] writing model.egg-info/PKG-INFO
[1.802s] writing dependency_links to model.egg-info/dependency_links.txt
[1.802s] writing entry points to model.egg-info/entry_points.txt
[1.802s] writing requirements to model.egg-info/requires.txt
[1.802s] writing top-level names to model.egg-info/top_level.txt
[1.802s] writing manifest file 'model.egg-info/SOURCES.txt'
[1.804s] reading manifest file 'model.egg-info/SOURCES.txt'
[1.804s] writing manifest file 'model.egg-info/SOURCES.txt'
[1.809s] running build_ext
[1.810s] Creating /home/ethan/quadrupedal-sim/ros/install/model/lib/python3.10/site-packages/model.egg-link (link to .)
[1.811s] 
[1.811s] Installed /home/ethan/quadrupedal-sim/ros/build/model
[1.811s] running symlink_data
[1.811s] creating /home/ethan/quadrupedal-sim/ros/install/model/share/ament_index
[1.811s] creating /home/ethan/quadrupedal-sim/ros/install/model/share/ament_index/resource_index
[1.811s] creating /home/ethan/quadrupedal-sim/ros/install/model/share/ament_index/resource_index/packages
[1.811s] symbolically linking /home/ethan/quadrupedal-sim/ros/build/model/resource/model -> /home/ethan/quadrupedal-sim/ros/install/model/share/ament_index/resource_index/packages
[1.811s] symbolically linking /home/ethan/quadrupedal-sim/ros/build/model/package.xml -> /home/ethan/quadrupedal-sim/ros/install/model/share/model
[1.842s] Invoked command in '/home/ethan/quadrupedal-sim/ros/build/model' returned '0': PYTHONPATH=/home/ethan/quadrupedal-sim/ros/build/model/prefix_override:/home/ethan/quadrupedal-sim/ros/install/model/lib/python3.10/site-packages:${PYTHONPATH} VIRTUAL_ENV_PROMPT=(venv) /usr/bin/python3 -W ignore:setup.py install is deprecated setup.py develop --editable --build-directory /home/ethan/quadrupedal-sim/ros/build/model/build --no-deps symlink_data
