[0.013s] Invoking command in '/home/ethan/quadrupedal-sim/ros/build/action_state': CMAKE_PREFIX_PATH=/opt/ros/humble VIRTUAL_ENV_PROMPT=(venv) /usr/bin/cmake /home/ethan/quadrupedal-sim/ros/src/action_state -DCMAKE_INSTALL_PREFIX=/home/ethan/quadrupedal-sim/ros/install/action_state
[0.062s] -- The C compiler identification is GNU 11.4.0
[0.108s] -- The CXX compiler identification is GNU 11.4.0
[0.115s] -- Detecting C compiler ABI info
[0.174s] -- Detecting C compiler ABI info - done
[0.186s] -- Check for working C compiler: /usr/bin/cc - skipped
[0.186s] -- Detecting C compile features
[0.187s] -- Detecting C compile features - done
[0.191s] -- Detecting CXX compiler ABI info
[0.263s] -- Detecting CXX compiler ABI info - done
[0.271s] -- Check for working CXX compiler: /usr/bin/c++ - skipped
[0.271s] -- Detecting CXX compile features
[0.272s] -- Detecting CXX compile features - done
[0.274s] -- Found ament_cmake: 1.3.9 (/opt/ros/humble/share/ament_cmake/cmake)
[0.394s] -- Found Python3: /home/ethan/quadrupedal-sim/ros/venv/bin/python3 (found version "3.10.12") found components: Interpreter 
[0.473s] -- Found action_msgs: 1.2.1 (/opt/ros/humble/share/action_msgs/cmake)
[0.498s] -- Found rosidl_generator_c: 3.1.5 (/opt/ros/humble/share/rosidl_generator_c/cmake)
[0.502s] -- Found rosidl_adapter: 3.1.5 (/opt/ros/humble/share/rosidl_adapter/cmake)
[0.509s] -- Found rosidl_generator_cpp: 3.1.5 (/opt/ros/humble/share/rosidl_generator_cpp/cmake)
[0.522s] -- Using all available rosidl_typesupport_c: rosidl_typesupport_fastrtps_c;rosidl_typesupport_introspection_c
[0.539s] -- Using all available rosidl_typesupport_cpp: rosidl_typesupport_fastrtps_cpp;rosidl_typesupport_introspection_cpp
[0.605s] -- Found std_msgs: 4.2.4 (/opt/ros/humble/share/std_msgs/cmake)
[0.636s] -- Found rosidl_default_generators: 1.2.0 (/opt/ros/humble/share/rosidl_default_generators/cmake)
[0.880s] -- Found ament_cmake_ros: 0.10.0 (/opt/ros/humble/share/ament_cmake_ros/cmake)
[1.149s] -- Using all available rosidl_typesupport_c: rosidl_typesupport_fastrtps_c;rosidl_typesupport_introspection_c
[1.248s] -- Using all available rosidl_typesupport_cpp: rosidl_typesupport_fastrtps_cpp;rosidl_typesupport_introspection_cpp
[1.264s] -- Found PythonInterp: /home/ethan/quadrupedal-sim/ros/venv/bin/python3 (found suitable version "3.10.12", minimum required is "3.6") 
[1.265s] -- Found python_cmake_module: 0.10.0 (/opt/ros/humble/share/python_cmake_module/cmake)
[1.281s] -- Found PythonLibs: /usr/lib/x86_64-linux-gnu/libpython3.10.so (found suitable version "3.10.12", minimum required is "3.5") 
[1.281s] -- Using PYTHON_EXECUTABLE: /home/ethan/quadrupedal-sim/ros/venv/bin/python3
[1.281s] -- Using PYTHON_INCLUDE_DIRS: /usr/include/python3.10
[1.281s] -- Using PYTHON_LIBRARIES: /usr/lib/x86_64-linux-gnu/libpython3.10.so
[1.294s] -- Found PythonExtra: .so  
[1.324s] -- Found ament_lint_auto: 0.12.11 (/opt/ros/humble/share/ament_lint_auto/cmake)
[1.337s] -- Added test 'lint_cmake' to check CMake code style
[1.338s] -- Added test 'xmllint' to check XML markup files
[1.339s] -- Configuring done
[1.365s] -- Generating done
[1.367s] -- Build files have been written to: /home/ethan/quadrupedal-sim/ros/build/action_state
[1.375s] Invoked command in '/home/ethan/quadrupedal-sim/ros/build/action_state' returned '0': CMAKE_PREFIX_PATH=/opt/ros/humble VIRTUAL_ENV_PROMPT=(venv) /usr/bin/cmake /home/ethan/quadrupedal-sim/ros/src/action_state -DCMAKE_INSTALL_PREFIX=/home/ethan/quadrupedal-sim/ros/install/action_state
[1.377s] Invoking command in '/home/ethan/quadrupedal-sim/ros/build/action_state': CMAKE_PREFIX_PATH=/opt/ros/humble VIRTUAL_ENV_PROMPT=(venv) /usr/bin/cmake --build /home/ethan/quadrupedal-sim/ros/build/action_state -- -j8 -l8
[1.409s] [  3%] [34m[1mGenerating C code for ROS interfaces[0m
[1.418s] [  6%] [34m[1mGenerating C++ code for ROS interfaces[0m
[1.426s] [  6%] Built target ament_cmake_python_copy_action_state
[1.605s] running egg_info
[1.605s] creating action_state.egg-info
[1.605s] writing action_state.egg-info/PKG-INFO
[1.606s] writing dependency_links to action_state.egg-info/dependency_links.txt
[1.606s] writing top-level names to action_state.egg-info/top_level.txt
[1.606s] writing manifest file 'action_state.egg-info/SOURCES.txt'
[1.608s] reading manifest file 'action_state.egg-info/SOURCES.txt'
[1.608s] writing manifest file 'action_state.egg-info/SOURCES.txt'
[1.636s] [  6%] Built target ament_cmake_python_build_action_state_egg
[1.813s] [  6%] Built target action_state__cpp
[1.824s] [  9%] [34m[1mGenerating C++ introspection for ROS interfaces[0m
[1.824s] [ 12%] [34m[1mGenerating C++ type support dispatch for ROS interfaces[0m
[1.825s] [ 16%] [34m[1mGenerating C++ type support for eProsima Fast-RTPS[0m
[1.840s] [ 19%] [32mBuilding C object CMakeFiles/action_state__rosidl_generator_c.dir/rosidl_generator_c/action_state/action/detail/jointstate__functions.c.o[0m
[1.971s] [ 22%] [32m[1mLinking C shared library libaction_state__rosidl_generator_c.so[0m
[2.014s] [ 22%] Built target action_state__rosidl_generator_c
[2.024s] [ 25%] [34m[1mGenerating C type support for eProsima Fast-RTPS[0m
[2.027s] [ 32%] [34m[1mGenerating C introspection for ROS interfaces[0m
[2.027s] [ 32%] [34m[1mGenerating C type support dispatch for ROS interfaces[0m
[2.106s] [ 35%] [32mBuilding CXX object CMakeFiles/action_state__rosidl_typesupport_cpp.dir/rosidl_typesupport_cpp/action_state/action/jointstate__type_support.cpp.o[0m
[2.229s] [ 38%] [32mBuilding CXX object CMakeFiles/action_state__rosidl_typesupport_fastrtps_cpp.dir/rosidl_typesupport_fastrtps_cpp/action_state/action/detail/dds_fastrtps/jointstate__type_support.cpp.o[0m
[2.250s] [ 41%] [32mBuilding CXX object CMakeFiles/action_state__rosidl_typesupport_introspection_cpp.dir/rosidl_typesupport_introspection_cpp/action_state/action/detail/jointstate__type_support.cpp.o[0m
[2.505s] [ 45%] [32mBuilding CXX object CMakeFiles/action_state__rosidl_typesupport_c.dir/rosidl_typesupport_c/action_state/action/jointstate__type_support.cpp.o[0m
[2.565s] [ 48%] [32m[1mLinking CXX shared library libaction_state__rosidl_typesupport_c.so[0m
[2.606s] [ 48%] Built target action_state__rosidl_typesupport_c
[2.630s] [ 51%] [32mBuilding CXX object CMakeFiles/action_state__rosidl_typesupport_fastrtps_c.dir/rosidl_typesupport_fastrtps_c/action_state/action/detail/jointstate__type_support_c.cpp.o[0m
[2.644s] [ 54%] [32mBuilding C object CMakeFiles/action_state__rosidl_typesupport_introspection_c.dir/rosidl_typesupport_introspection_c/action_state/action/detail/jointstate__type_support.c.o[0m
[2.665s] [ 58%] [32m[1mLinking CXX shared library libaction_state__rosidl_typesupport_cpp.so[0m
[2.691s] [ 61%] [32m[1mLinking C shared library libaction_state__rosidl_typesupport_introspection_c.so[0m
[2.703s] [ 61%] Built target action_state__rosidl_typesupport_cpp
[2.720s] [ 61%] Built target action_state__rosidl_typesupport_introspection_c
[2.958s] [ 64%] [32m[1mLinking CXX shared library libaction_state__rosidl_typesupport_fastrtps_cpp.so[0m
[2.969s] [ 67%] [32m[1mLinking CXX shared library libaction_state__rosidl_typesupport_introspection_cpp.so[0m
[3.036s] [ 67%] Built target action_state__rosidl_typesupport_fastrtps_cpp
[3.043s] [ 70%] [32m[1mLinking CXX shared library libaction_state__rosidl_typesupport_fastrtps_c.so[0m
[3.045s] [ 70%] Built target action_state__rosidl_typesupport_introspection_cpp
[3.107s] [ 70%] Built target action_state__rosidl_typesupport_fastrtps_c
[3.125s] [ 70%] Built target action_state
[3.142s] [ 74%] [34m[1mGenerating Python code for ROS interfaces[0m
[3.745s] [ 74%] Built target action_state__py
[3.763s] [ 77%] [32mBuilding C object CMakeFiles/action_state__rosidl_generator_py.dir/rosidl_generator_py/action_state/action/_jointstate_s.c.o[0m
[3.883s] [ 80%] [32m[1mLinking C shared library rosidl_generator_py/action_state/libaction_state__rosidl_generator_py.so[0m
[3.920s] [ 80%] Built target action_state__rosidl_generator_py
[3.938s] [ 90%] [32mBuilding C object CMakeFiles/action_state__rosidl_typesupport_introspection_c__pyext.dir/rosidl_generator_py/action_state/_action_state_s.ep.rosidl_typesupport_introspection_c.c.o[0m
[3.938s] [ 90%] [32mBuilding C object CMakeFiles/action_state__rosidl_typesupport_fastrtps_c__pyext.dir/rosidl_generator_py/action_state/_action_state_s.ep.rosidl_typesupport_fastrtps_c.c.o[0m
[3.938s] [ 90%] [32mBuilding C object CMakeFiles/action_state__rosidl_typesupport_c__pyext.dir/rosidl_generator_py/action_state/_action_state_s.ep.rosidl_typesupport_c.c.o[0m
[4.042s] [100%] [32m[1mLinking C shared library rosidl_generator_py/action_state/action_state_s__rosidl_typesupport_fastrtps_c.cpython-310-x86_64-linux-gnu.so[0m
[4.042s] [100%] [32m[1mLinking C shared library rosidl_generator_py/action_state/action_state_s__rosidl_typesupport_introspection_c.cpython-310-x86_64-linux-gnu.so[0m
[4.042s] [100%] [32m[1mLinking C shared library rosidl_generator_py/action_state/action_state_s__rosidl_typesupport_c.cpython-310-x86_64-linux-gnu.so[0m
[4.076s] [100%] Built target action_state__rosidl_typesupport_introspection_c__pyext
[4.076s] [100%] Built target action_state__rosidl_typesupport_c__pyext
[4.076s] [100%] Built target action_state__rosidl_typesupport_fastrtps_c__pyext
[4.086s] Invoked command in '/home/ethan/quadrupedal-sim/ros/build/action_state' returned '0': CMAKE_PREFIX_PATH=/opt/ros/humble VIRTUAL_ENV_PROMPT=(venv) /usr/bin/cmake --build /home/ethan/quadrupedal-sim/ros/build/action_state -- -j8 -l8
[4.141s] Invoking command in '/home/ethan/quadrupedal-sim/ros/build/action_state': CMAKE_PREFIX_PATH=/opt/ros/humble VIRTUAL_ENV_PROMPT=(venv) /usr/bin/cmake --install /home/ethan/quadrupedal-sim/ros/build/action_state
[4.148s] -- Install configuration: ""
[4.148s] -- Installing: /home/ethan/quadrupedal-sim/ros/install/action_state/share/ament_index/resource_index/rosidl_interfaces/action_state
[4.148s] -- Installing: /home/ethan/quadrupedal-sim/ros/install/action_state/include/action_state/action_state
[4.148s] -- Installing: /home/ethan/quadrupedal-sim/ros/install/action_state/include/action_state/action_state/action
[4.149s] -- Installing: /home/ethan/quadrupedal-sim/ros/install/action_state/include/action_state/action_state/action/detail
[4.149s] -- Installing: /home/ethan/quadrupedal-sim/ros/install/action_state/include/action_state/action_state/action/detail/jointstate__struct.h
[4.149s] -- Installing: /home/ethan/quadrupedal-sim/ros/install/action_state/include/action_state/action_state/action/detail/jointstate__functions.h
[4.149s] -- Installing: /home/ethan/quadrupedal-sim/ros/install/action_state/include/action_state/action_state/action/detail/jointstate__type_support.h
[4.149s] -- Installing: /home/ethan/quadrupedal-sim/ros/install/action_state/include/action_state/action_state/action/detail/jointstate__functions.c
[4.149s] -- Installing: /home/ethan/quadrupedal-sim/ros/install/action_state/include/action_state/action_state/action/jointstate.h
[4.149s] -- Installing: /home/ethan/quadrupedal-sim/ros/install/action_state/include/action_state/action_state/msg
[4.149s] -- Installing: /home/ethan/quadrupedal-sim/ros/install/action_state/include/action_state/action_state/msg/rosidl_generator_c__visibility_control.h
[4.149s] -- Installing: /home/ethan/quadrupedal-sim/ros/install/action_state/share/action_state/environment/library_path.sh
[4.149s] -- Installing: /home/ethan/quadrupedal-sim/ros/install/action_state/share/action_state/environment/library_path.dsv
[4.149s] -- Installing: /home/ethan/quadrupedal-sim/ros/install/action_state/lib/libaction_state__rosidl_generator_c.so
[4.150s] -- Set runtime path of "/home/ethan/quadrupedal-sim/ros/install/action_state/lib/libaction_state__rosidl_generator_c.so" to ""
[4.150s] -- Up-to-date: /home/ethan/quadrupedal-sim/ros/install/action_state/include/action_state/action_state
[4.150s] -- Up-to-date: /home/ethan/quadrupedal-sim/ros/install/action_state/include/action_state/action_state/action
[4.150s] -- Up-to-date: /home/ethan/quadrupedal-sim/ros/install/action_state/include/action_state/action_state/action/detail
[4.150s] -- Installing: /home/ethan/quadrupedal-sim/ros/install/action_state/include/action_state/action_state/action/detail/jointstate__rosidl_typesupport_fastrtps_c.h
[4.150s] -- Up-to-date: /home/ethan/quadrupedal-sim/ros/install/action_state/include/action_state/action_state/msg
[4.150s] -- Installing: /home/ethan/quadrupedal-sim/ros/install/action_state/include/action_state/action_state/msg/rosidl_typesupport_fastrtps_c__visibility_control.h
[4.150s] -- Installing: /home/ethan/quadrupedal-sim/ros/install/action_state/lib/libaction_state__rosidl_typesupport_fastrtps_c.so
[4.150s] -- Set runtime path of "/home/ethan/quadrupedal-sim/ros/install/action_state/lib/libaction_state__rosidl_typesupport_fastrtps_c.so" to ""
[4.150s] -- Up-to-date: /home/ethan/quadrupedal-sim/ros/install/action_state/include/action_state/action_state
[4.151s] -- Up-to-date: /home/ethan/quadrupedal-sim/ros/install/action_state/include/action_state/action_state/action
[4.151s] -- Installing: /home/ethan/quadrupedal-sim/ros/install/action_state/include/action_state/action_state/action/jointstate.hpp
[4.151s] -- Up-to-date: /home/ethan/quadrupedal-sim/ros/install/action_state/include/action_state/action_state/action/detail
[4.151s] -- Installing: /home/ethan/quadrupedal-sim/ros/install/action_state/include/action_state/action_state/action/detail/jointstate__traits.hpp
[4.151s] -- Installing: /home/ethan/quadrupedal-sim/ros/install/action_state/include/action_state/action_state/action/detail/jointstate__struct.hpp
[4.151s] -- Installing: /home/ethan/quadrupedal-sim/ros/install/action_state/include/action_state/action_state/action/detail/jointstate__builder.hpp
[4.151s] -- Up-to-date: /home/ethan/quadrupedal-sim/ros/install/action_state/include/action_state/action_state
[4.151s] -- Up-to-date: /home/ethan/quadrupedal-sim/ros/install/action_state/include/action_state/action_state/action
[4.151s] -- Up-to-date: /home/ethan/quadrupedal-sim/ros/install/action_state/include/action_state/action_state/action/detail
[4.151s] -- Installing: /home/ethan/quadrupedal-sim/ros/install/action_state/include/action_state/action_state/action/detail/dds_fastrtps
[4.151s] -- Installing: /home/ethan/quadrupedal-sim/ros/install/action_state/include/action_state/action_state/action/detail/jointstate__rosidl_typesupport_fastrtps_cpp.hpp
[4.152s] -- Up-to-date: /home/ethan/quadrupedal-sim/ros/install/action_state/include/action_state/action_state/msg
[4.152s] -- Installing: /home/ethan/quadrupedal-sim/ros/install/action_state/include/action_state/action_state/msg/rosidl_typesupport_fastrtps_cpp__visibility_control.h
[4.152s] -- Installing: /home/ethan/quadrupedal-sim/ros/install/action_state/lib/libaction_state__rosidl_typesupport_fastrtps_cpp.so
[4.152s] -- Set runtime path of "/home/ethan/quadrupedal-sim/ros/install/action_state/lib/libaction_state__rosidl_typesupport_fastrtps_cpp.so" to ""
[4.152s] -- Up-to-date: /home/ethan/quadrupedal-sim/ros/install/action_state/include/action_state/action_state
[4.152s] -- Up-to-date: /home/ethan/quadrupedal-sim/ros/install/action_state/include/action_state/action_state/action
[4.152s] -- Up-to-date: /home/ethan/quadrupedal-sim/ros/install/action_state/include/action_state/action_state/action/detail
[4.152s] -- Installing: /home/ethan/quadrupedal-sim/ros/install/action_state/include/action_state/action_state/action/detail/jointstate__rosidl_typesupport_introspection_c.h
[4.152s] -- Installing: /home/ethan/quadrupedal-sim/ros/install/action_state/include/action_state/action_state/action/detail/jointstate__type_support.c
[4.152s] -- Up-to-date: /home/ethan/quadrupedal-sim/ros/install/action_state/include/action_state/action_state/msg
[4.152s] -- Installing: /home/ethan/quadrupedal-sim/ros/install/action_state/include/action_state/action_state/msg/rosidl_typesupport_introspection_c__visibility_control.h
[4.153s] -- Installing: /home/ethan/quadrupedal-sim/ros/install/action_state/lib/libaction_state__rosidl_typesupport_introspection_c.so
[4.153s] -- Set runtime path of "/home/ethan/quadrupedal-sim/ros/install/action_state/lib/libaction_state__rosidl_typesupport_introspection_c.so" to ""
[4.153s] -- Installing: /home/ethan/quadrupedal-sim/ros/install/action_state/lib/libaction_state__rosidl_typesupport_c.so
[4.153s] -- Set runtime path of "/home/ethan/quadrupedal-sim/ros/install/action_state/lib/libaction_state__rosidl_typesupport_c.so" to ""
[4.153s] -- Up-to-date: /home/ethan/quadrupedal-sim/ros/install/action_state/include/action_state/action_state
[4.153s] -- Up-to-date: /home/ethan/quadrupedal-sim/ros/install/action_state/include/action_state/action_state/action
[4.153s] -- Up-to-date: /home/ethan/quadrupedal-sim/ros/install/action_state/include/action_state/action_state/action/detail
[4.153s] -- Installing: /home/ethan/quadrupedal-sim/ros/install/action_state/include/action_state/action_state/action/detail/jointstate__rosidl_typesupport_introspection_cpp.hpp
[4.153s] -- Installing: /home/ethan/quadrupedal-sim/ros/install/action_state/include/action_state/action_state/action/detail/jointstate__type_support.cpp
[4.153s] -- Installing: /home/ethan/quadrupedal-sim/ros/install/action_state/lib/libaction_state__rosidl_typesupport_introspection_cpp.so
[4.153s] -- Set runtime path of "/home/ethan/quadrupedal-sim/ros/install/action_state/lib/libaction_state__rosidl_typesupport_introspection_cpp.so" to ""
[4.154s] -- Installing: /home/ethan/quadrupedal-sim/ros/install/action_state/lib/libaction_state__rosidl_typesupport_cpp.so
[4.154s] -- Set runtime path of "/home/ethan/quadrupedal-sim/ros/install/action_state/lib/libaction_state__rosidl_typesupport_cpp.so" to ""
[4.154s] -- Installing: /home/ethan/quadrupedal-sim/ros/install/action_state/share/action_state/environment/pythonpath.sh
[4.154s] -- Installing: /home/ethan/quadrupedal-sim/ros/install/action_state/share/action_state/environment/pythonpath.dsv
[4.154s] -- Installing: /home/ethan/quadrupedal-sim/ros/install/action_state/lib/python3.10/site-packages/action_state-0.0.0-py3.10.egg-info
[4.154s] -- Installing: /home/ethan/quadrupedal-sim/ros/install/action_state/lib/python3.10/site-packages/action_state-0.0.0-py3.10.egg-info/SOURCES.txt
[4.154s] -- Installing: /home/ethan/quadrupedal-sim/ros/install/action_state/lib/python3.10/site-packages/action_state-0.0.0-py3.10.egg-info/dependency_links.txt
[4.154s] -- Installing: /home/ethan/quadrupedal-sim/ros/install/action_state/lib/python3.10/site-packages/action_state-0.0.0-py3.10.egg-info/top_level.txt
[4.154s] -- Installing: /home/ethan/quadrupedal-sim/ros/install/action_state/lib/python3.10/site-packages/action_state-0.0.0-py3.10.egg-info/PKG-INFO
[4.154s] -- Installing: /home/ethan/quadrupedal-sim/ros/install/action_state/lib/python3.10/site-packages/action_state
[4.154s] -- Installing: /home/ethan/quadrupedal-sim/ros/install/action_state/lib/python3.10/site-packages/action_state/__init__.py
[4.155s] -- Installing: /home/ethan/quadrupedal-sim/ros/install/action_state/lib/python3.10/site-packages/action_state/_action_state_s.ep.rosidl_typesupport_introspection_c.c
[4.155s] -- Installing: /home/ethan/quadrupedal-sim/ros/install/action_state/lib/python3.10/site-packages/action_state/action
[4.155s] -- Installing: /home/ethan/quadrupedal-sim/ros/install/action_state/lib/python3.10/site-packages/action_state/action/__init__.py
[4.155s] -- Installing: /home/ethan/quadrupedal-sim/ros/install/action_state/lib/python3.10/site-packages/action_state/action/_jointstate_s.c
[4.155s] -- Installing: /home/ethan/quadrupedal-sim/ros/install/action_state/lib/python3.10/site-packages/action_state/action/_jointstate.py
[4.155s] -- Installing: /home/ethan/quadrupedal-sim/ros/install/action_state/lib/python3.10/site-packages/action_state/action_state_s__rosidl_typesupport_introspection_c.cpython-310-x86_64-linux-gnu.so
[4.155s] -- Installing: /home/ethan/quadrupedal-sim/ros/install/action_state/lib/python3.10/site-packages/action_state/action_state_s__rosidl_typesupport_c.cpython-310-x86_64-linux-gnu.so
[4.155s] -- Installing: /home/ethan/quadrupedal-sim/ros/install/action_state/lib/python3.10/site-packages/action_state/_action_state_s.ep.rosidl_typesupport_c.c
[4.155s] -- Installing: /home/ethan/quadrupedal-sim/ros/install/action_state/lib/python3.10/site-packages/action_state/_action_state_s.ep.rosidl_typesupport_fastrtps_c.c
[4.155s] -- Installing: /home/ethan/quadrupedal-sim/ros/install/action_state/lib/python3.10/site-packages/action_state/libaction_state__rosidl_generator_py.so
[4.155s] -- Installing: /home/ethan/quadrupedal-sim/ros/install/action_state/lib/python3.10/site-packages/action_state/action_state_s__rosidl_typesupport_fastrtps_c.cpython-310-x86_64-linux-gnu.so
[4.185s] Listing '/home/ethan/quadrupedal-sim/ros/install/action_state/lib/python3.10/site-packages/action_state'...
[4.185s] Compiling '/home/ethan/quadrupedal-sim/ros/install/action_state/lib/python3.10/site-packages/action_state/__init__.py'...
[4.185s] Listing '/home/ethan/quadrupedal-sim/ros/install/action_state/lib/python3.10/site-packages/action_state/action'...
[4.185s] Compiling '/home/ethan/quadrupedal-sim/ros/install/action_state/lib/python3.10/site-packages/action_state/action/__init__.py'...
[4.185s] Compiling '/home/ethan/quadrupedal-sim/ros/install/action_state/lib/python3.10/site-packages/action_state/action/_jointstate.py'...
[4.189s] -- Installing: /home/ethan/quadrupedal-sim/ros/install/action_state/lib/python3.10/site-packages/action_state/action_state_s__rosidl_typesupport_fastrtps_c.cpython-310-x86_64-linux-gnu.so
[4.189s] -- Set runtime path of "/home/ethan/quadrupedal-sim/ros/install/action_state/lib/python3.10/site-packages/action_state/action_state_s__rosidl_typesupport_fastrtps_c.cpython-310-x86_64-linux-gnu.so" to ""
[4.189s] -- Installing: /home/ethan/quadrupedal-sim/ros/install/action_state/lib/python3.10/site-packages/action_state/action_state_s__rosidl_typesupport_introspection_c.cpython-310-x86_64-linux-gnu.so
[4.190s] -- Set runtime path of "/home/ethan/quadrupedal-sim/ros/install/action_state/lib/python3.10/site-packages/action_state/action_state_s__rosidl_typesupport_introspection_c.cpython-310-x86_64-linux-gnu.so" to ""
[4.190s] -- Installing: /home/ethan/quadrupedal-sim/ros/install/action_state/lib/python3.10/site-packages/action_state/action_state_s__rosidl_typesupport_c.cpython-310-x86_64-linux-gnu.so
[4.190s] -- Set runtime path of "/home/ethan/quadrupedal-sim/ros/install/action_state/lib/python3.10/site-packages/action_state/action_state_s__rosidl_typesupport_c.cpython-310-x86_64-linux-gnu.so" to ""
[4.190s] -- Installing: /home/ethan/quadrupedal-sim/ros/install/action_state/lib/libaction_state__rosidl_generator_py.so
[4.190s] -- Set runtime path of "/home/ethan/quadrupedal-sim/ros/install/action_state/lib/libaction_state__rosidl_generator_py.so" to ""
[4.190s] -- Installing: /home/ethan/quadrupedal-sim/ros/install/action_state/share/action_state/action/Jointstate.idl
[4.190s] -- Installing: /home/ethan/quadrupedal-sim/ros/install/action_state/share/action_state/action/Jointstate.action
[4.190s] -- Installing: /home/ethan/quadrupedal-sim/ros/install/action_state/share/ament_index/resource_index/package_run_dependencies/action_state
[4.190s] -- Installing: /home/ethan/quadrupedal-sim/ros/install/action_state/share/ament_index/resource_index/parent_prefix_path/action_state
[4.191s] -- Installing: /home/ethan/quadrupedal-sim/ros/install/action_state/share/action_state/environment/ament_prefix_path.sh
[4.191s] -- Installing: /home/ethan/quadrupedal-sim/ros/install/action_state/share/action_state/environment/ament_prefix_path.dsv
[4.191s] -- Installing: /home/ethan/quadrupedal-sim/ros/install/action_state/share/action_state/environment/path.sh
[4.191s] -- Installing: /home/ethan/quadrupedal-sim/ros/install/action_state/share/action_state/environment/path.dsv
[4.191s] -- Installing: /home/ethan/quadrupedal-sim/ros/install/action_state/share/action_state/local_setup.bash
[4.191s] -- Installing: /home/ethan/quadrupedal-sim/ros/install/action_state/share/action_state/local_setup.sh
[4.191s] -- Installing: /home/ethan/quadrupedal-sim/ros/install/action_state/share/action_state/local_setup.zsh
[4.191s] -- Installing: /home/ethan/quadrupedal-sim/ros/install/action_state/share/action_state/local_setup.dsv
[4.191s] -- Installing: /home/ethan/quadrupedal-sim/ros/install/action_state/share/action_state/package.dsv
[4.191s] -- Installing: /home/ethan/quadrupedal-sim/ros/install/action_state/share/ament_index/resource_index/packages/action_state
[4.191s] -- Installing: /home/ethan/quadrupedal-sim/ros/install/action_state/share/action_state/cmake/export_action_state__rosidl_generator_cExport.cmake
[4.191s] -- Installing: /home/ethan/quadrupedal-sim/ros/install/action_state/share/action_state/cmake/export_action_state__rosidl_generator_cExport-noconfig.cmake
[4.192s] -- Installing: /home/ethan/quadrupedal-sim/ros/install/action_state/share/action_state/cmake/export_action_state__rosidl_typesupport_fastrtps_cExport.cmake
[4.192s] -- Installing: /home/ethan/quadrupedal-sim/ros/install/action_state/share/action_state/cmake/export_action_state__rosidl_typesupport_fastrtps_cExport-noconfig.cmake
[4.192s] -- Installing: /home/ethan/quadrupedal-sim/ros/install/action_state/share/action_state/cmake/export_action_state__rosidl_generator_cppExport.cmake
[4.192s] -- Installing: /home/ethan/quadrupedal-sim/ros/install/action_state/share/action_state/cmake/export_action_state__rosidl_typesupport_fastrtps_cppExport.cmake
[4.192s] -- Installing: /home/ethan/quadrupedal-sim/ros/install/action_state/share/action_state/cmake/export_action_state__rosidl_typesupport_fastrtps_cppExport-noconfig.cmake
[4.192s] -- Installing: /home/ethan/quadrupedal-sim/ros/install/action_state/share/action_state/cmake/action_state__rosidl_typesupport_introspection_cExport.cmake
[4.192s] -- Installing: /home/ethan/quadrupedal-sim/ros/install/action_state/share/action_state/cmake/action_state__rosidl_typesupport_introspection_cExport-noconfig.cmake
[4.192s] -- Installing: /home/ethan/quadrupedal-sim/ros/install/action_state/share/action_state/cmake/action_state__rosidl_typesupport_cExport.cmake
[4.192s] -- Installing: /home/ethan/quadrupedal-sim/ros/install/action_state/share/action_state/cmake/action_state__rosidl_typesupport_cExport-noconfig.cmake
[4.192s] -- Installing: /home/ethan/quadrupedal-sim/ros/install/action_state/share/action_state/cmake/action_state__rosidl_typesupport_introspection_cppExport.cmake
[4.193s] -- Installing: /home/ethan/quadrupedal-sim/ros/install/action_state/share/action_state/cmake/action_state__rosidl_typesupport_introspection_cppExport-noconfig.cmake
[4.193s] -- Installing: /home/ethan/quadrupedal-sim/ros/install/action_state/share/action_state/cmake/action_state__rosidl_typesupport_cppExport.cmake
[4.193s] -- Installing: /home/ethan/quadrupedal-sim/ros/install/action_state/share/action_state/cmake/action_state__rosidl_typesupport_cppExport-noconfig.cmake
[4.193s] -- Installing: /home/ethan/quadrupedal-sim/ros/install/action_state/share/action_state/cmake/export_action_state__rosidl_generator_pyExport.cmake
[4.193s] -- Installing: /home/ethan/quadrupedal-sim/ros/install/action_state/share/action_state/cmake/export_action_state__rosidl_generator_pyExport-noconfig.cmake
[4.193s] -- Installing: /home/ethan/quadrupedal-sim/ros/install/action_state/share/action_state/cmake/rosidl_cmake-extras.cmake
[4.193s] -- Installing: /home/ethan/quadrupedal-sim/ros/install/action_state/share/action_state/cmake/ament_cmake_export_dependencies-extras.cmake
[4.193s] -- Installing: /home/ethan/quadrupedal-sim/ros/install/action_state/share/action_state/cmake/ament_cmake_export_include_directories-extras.cmake
[4.193s] -- Installing: /home/ethan/quadrupedal-sim/ros/install/action_state/share/action_state/cmake/ament_cmake_export_libraries-extras.cmake
[4.193s] -- Installing: /home/ethan/quadrupedal-sim/ros/install/action_state/share/action_state/cmake/ament_cmake_export_targets-extras.cmake
[4.193s] -- Installing: /home/ethan/quadrupedal-sim/ros/install/action_state/share/action_state/cmake/rosidl_cmake_export_typesupport_targets-extras.cmake
[4.194s] -- Installing: /home/ethan/quadrupedal-sim/ros/install/action_state/share/action_state/cmake/rosidl_cmake_export_typesupport_libraries-extras.cmake
[4.194s] -- Installing: /home/ethan/quadrupedal-sim/ros/install/action_state/share/action_state/cmake/action_stateConfig.cmake
[4.194s] -- Installing: /home/ethan/quadrupedal-sim/ros/install/action_state/share/action_state/cmake/action_stateConfig-version.cmake
[4.194s] -- Installing: /home/ethan/quadrupedal-sim/ros/install/action_state/share/action_state/package.xml
[4.196s] Invoked command in '/home/ethan/quadrupedal-sim/ros/build/action_state' returned '0': CMAKE_PREFIX_PATH=/opt/ros/humble VIRTUAL_ENV_PROMPT=(venv) /usr/bin/cmake --install /home/ethan/quadrupedal-sim/ros/build/action_state
