[0.595s] Invoking command in '/home/ethan/quadrupedal-sim/ros/src/model': PYTHONPATH=/home/ethan/quadrupedal-sim/ros/build/model/prefix_override:/home/ethan/quadrupedal-sim/ros/install/model/lib/python3.10/site-packages:${PYTHONPATH} VIRTUAL_ENV_PROMPT=(venv) /usr/bin/python3 -W ignore:setup.py install is deprecated setup.py egg_info --egg-base ../../build/model build --build-base /home/ethan/quadrupedal-sim/ros/build/model/build install --record /home/ethan/quadrupedal-sim/ros/build/model/install.log --single-version-externally-managed install_data
[0.805s] running egg_info
[0.805s] creating ../../build/model/model.egg-info
[0.806s] writing ../../build/model/model.egg-info/PKG-INFO
[0.806s] writing dependency_links to ../../build/model/model.egg-info/dependency_links.txt
[0.806s] writing entry points to ../../build/model/model.egg-info/entry_points.txt
[0.806s] writing requirements to ../../build/model/model.egg-info/requires.txt
[0.806s] writing top-level names to ../../build/model/model.egg-info/top_level.txt
[0.806s] writing manifest file '../../build/model/model.egg-info/SOURCES.txt'
[0.810s] reading manifest file '../../build/model/model.egg-info/SOURCES.txt'
[0.810s] adding license file 'LICENSE'
[0.812s] writing manifest file '../../build/model/model.egg-info/SOURCES.txt'
[0.812s] running build
[0.812s] running build_py
[0.812s] creating /home/ethan/quadrupedal-sim/ros/build/model/build
[0.812s] creating /home/ethan/quadrupedal-sim/ros/build/model/build/lib
[0.812s] creating /home/ethan/quadrupedal-sim/ros/build/model/build/lib/model
[0.812s] copying model/model_goal.py -> /home/ethan/quadrupedal-sim/ros/build/model/build/lib/model
[0.812s] copying model/__init__.py -> /home/ethan/quadrupedal-sim/ros/build/model/build/lib/model
[0.812s] copying model/model_action.py -> /home/ethan/quadrupedal-sim/ros/build/model/build/lib/model
[0.813s] creating /home/ethan/quadrupedal-sim/ros/build/model/build/lib/model/saved_models
[0.813s] copying model/saved_models/__init__.py -> /home/ethan/quadrupedal-sim/ros/build/model/build/lib/model/saved_models
[0.813s] copying model/saved_models/actor.py -> /home/ethan/quadrupedal-sim/ros/build/model/build/lib/model/saved_models
[0.816s] copying model/saved_models/actor_target.pt -> /home/ethan/quadrupedal-sim/ros/build/model/build/lib/model/saved_models
[0.816s] creating /home/ethan/quadrupedal-sim/ros/build/model/build/lib/model/robot
[0.816s] copying model/robot/right_forearm_linkage_v1.part -> /home/ethan/quadrupedal-sim/ros/build/model/build/lib/model/robot
[0.816s] copying model/robot/left_forearm_linkage_v1.stl -> /home/ethan/quadrupedal-sim/ros/build/model/build/lib/model/robot
[0.817s] copying model/robot/top_hip_servo_v14.stl -> /home/ethan/quadrupedal-sim/ros/build/model/build/lib/model/robot
[0.817s] copying model/robot/bearing_10x15x4_v1.stl -> /home/ethan/quadrupedal-sim/ros/build/model/build/lib/model/robot
[0.817s] copying model/robot/right_forearm_pivot_v1.part -> /home/ethan/quadrupedal-sim/ros/build/model/build/lib/model/robot
[0.817s] copying model/robot/left_forearm_linkage_v1.part -> /home/ethan/quadrupedal-sim/ros/build/model/build/lib/model/robot
[0.818s] copying model/robot/servo_arm_retainer_v1.part -> /home/ethan/quadrupedal-sim/ros/build/model/build/lib/model/robot
[0.818s] copying model/robot/hip_cage_v4.part -> /home/ethan/quadrupedal-sim/ros/build/model/build/lib/model/robot
[0.818s] copying model/robot/right_thigh_v1.part -> /home/ethan/quadrupedal-sim/ros/build/model/build/lib/model/robot
[0.818s] copying model/robot/left_forearm_inside_v1.stl -> /home/ethan/quadrupedal-sim/ros/build/model/build/lib/model/robot
[0.818s] copying model/robot/top_body_v21.part -> /home/ethan/quadrupedal-sim/ros/build/model/build/lib/model/robot
[0.819s] copying model/robot/battery.stl -> /home/ethan/quadrupedal-sim/ros/build/model/build/lib/model/robot
[0.819s] copying model/robot/right_forearm_pivot_v1.stl -> /home/ethan/quadrupedal-sim/ros/build/model/build/lib/model/robot
[0.819s] copying model/robot/left_cover_v2.part -> /home/ethan/quadrupedal-sim/ros/build/model/build/lib/model/robot
[0.819s] copying model/robot/hip_v2.stl -> /home/ethan/quadrupedal-sim/ros/build/model/build/lib/model/robot
[0.820s] copying model/robot/hip_v2.part -> /home/ethan/quadrupedal-sim/ros/build/model/build/lib/model/robot
[0.820s] copying model/robot/servo_arm_retainer_v1.stl -> /home/ethan/quadrupedal-sim/ros/build/model/build/lib/model/robot
[0.820s] copying model/robot/9g_servo_arm_v1.part -> /home/ethan/quadrupedal-sim/ros/build/model/build/lib/model/robot
[0.820s] copying model/robot/left_thigh_v1.part -> /home/ethan/quadrupedal-sim/ros/build/model/build/lib/model/robot
[0.820s] copying model/robot/top_hip_servo_v14.part -> /home/ethan/quadrupedal-sim/ros/build/model/build/lib/model/robot
[0.820s] copying model/robot/right_cover_v2.stl -> /home/ethan/quadrupedal-sim/ros/build/model/build/lib/model/robot
[0.820s] copying model/robot/bearing_5x8x2.5_v1.part -> /home/ethan/quadrupedal-sim/ros/build/model/build/lib/model/robot
[0.821s] copying model/robot/hip_joint_to_bearing_v3.stl -> /home/ethan/quadrupedal-sim/ros/build/model/build/lib/model/robot
[0.821s] copying model/robot/robot.urdf -> /home/ethan/quadrupedal-sim/ros/build/model/build/lib/model/robot
[0.821s] copying model/robot/left_forearm_outside_v1.stl -> /home/ethan/quadrupedal-sim/ros/build/model/build/lib/model/robot
[0.821s] copying model/robot/hip_cage_v4.stl -> /home/ethan/quadrupedal-sim/ros/build/model/build/lib/model/robot
[0.822s] copying model/robot/right_forearm_outside_v1.part -> /home/ethan/quadrupedal-sim/ros/build/model/build/lib/model/robot
[0.822s] copying model/robot/servo_controller_v1.stl -> /home/ethan/quadrupedal-sim/ros/build/model/build/lib/model/robot
[0.823s] copying model/robot/hip_joint_to_bearing_v3.part -> /home/ethan/quadrupedal-sim/ros/build/model/build/lib/model/robot
[0.823s] copying model/robot/right_forearm_servo_attachment_v1.part -> /home/ethan/quadrupedal-sim/ros/build/model/build/lib/model/robot
[0.823s] copying model/robot/servo_controller_v1.part -> /home/ethan/quadrupedal-sim/ros/build/model/build/lib/model/robot
[0.823s] copying model/robot/left_forearm_servo_attachment_v1.part -> /home/ethan/quadrupedal-sim/ros/build/model/build/lib/model/robot
[0.824s] copying model/robot/bottom_body_v3.part -> /home/ethan/quadrupedal-sim/ros/build/model/build/lib/model/robot
[0.824s] copying model/robot/left_forearm_pivot_v1.part -> /home/ethan/quadrupedal-sim/ros/build/model/build/lib/model/robot
[0.824s] copying model/robot/right_forearm_inside_v1.stl -> /home/ethan/quadrupedal-sim/ros/build/model/build/lib/model/robot
[0.824s] copying model/robot/microservosg90.part -> /home/ethan/quadrupedal-sim/ros/build/model/build/lib/model/robot
[0.824s] copying model/robot/9g_thigh_servo_attachment_v1.part -> /home/ethan/quadrupedal-sim/ros/build/model/build/lib/model/robot
[0.824s] copying model/robot/9g_thigh_servo_attachment_v1.stl -> /home/ethan/quadrupedal-sim/ros/build/model/build/lib/model/robot
[0.824s] copying model/robot/hip_joint_to_servo_v2.stl -> /home/ethan/quadrupedal-sim/ros/build/model/build/lib/model/robot
[0.825s] copying model/robot/right_thigh_v1.stl -> /home/ethan/quadrupedal-sim/ros/build/model/build/lib/model/robot
[0.825s] copying model/robot/right_forearm_linkage_v1.stl -> /home/ethan/quadrupedal-sim/ros/build/model/build/lib/model/robot
[0.825s] copying model/robot/lever_v1.stl -> /home/ethan/quadrupedal-sim/ros/build/model/build/lib/model/robot
[0.825s] copying model/robot/left_cover_v2.stl -> /home/ethan/quadrupedal-sim/ros/build/model/build/lib/model/robot
[0.826s] copying model/robot/18g_thigh_servo_attachment_v3.part -> /home/ethan/quadrupedal-sim/ros/build/model/build/lib/model/robot
[0.826s] copying model/robot/right_cover_v2.part -> /home/ethan/quadrupedal-sim/ros/build/model/build/lib/model/robot
[0.826s] copying model/robot/lever_v1.part -> /home/ethan/quadrupedal-sim/ros/build/model/build/lib/model/robot
[0.826s] copying model/robot/left_thigh_v1.stl -> /home/ethan/quadrupedal-sim/ros/build/model/build/lib/model/robot
[0.826s] copying model/robot/servo_driver_mount_v9.stl -> /home/ethan/quadrupedal-sim/ros/build/model/build/lib/model/robot
[0.826s] copying model/robot/bottom_hip_servo_v12.part -> /home/ethan/quadrupedal-sim/ros/build/model/build/lib/model/robot
[0.827s] copying model/robot/config.json -> /home/ethan/quadrupedal-sim/ros/build/model/build/lib/model/robot
[0.827s] copying model/robot/left_forearm_pivot_v1.stl -> /home/ethan/quadrupedal-sim/ros/build/model/build/lib/model/robot
[0.827s] copying model/robot/bearing_5x8x2.5_v1.stl -> /home/ethan/quadrupedal-sim/ros/build/model/build/lib/model/robot
[0.827s] copying model/robot/right_forearm_servo_attachment_v1.stl -> /home/ethan/quadrupedal-sim/ros/build/model/build/lib/model/robot
[0.827s] copying model/robot/bottom_body_v3.stl -> /home/ethan/quadrupedal-sim/ros/build/model/build/lib/model/robot
[0.827s] copying model/robot/microservosg90.stl -> /home/ethan/quadrupedal-sim/ros/build/model/build/lib/model/robot
[0.829s] copying model/robot/bearing_10x15x4_v1.part -> /home/ethan/quadrupedal-sim/ros/build/model/build/lib/model/robot
[0.829s] copying model/robot/18g_thigh_servo_attachment_v3.stl -> /home/ethan/quadrupedal-sim/ros/build/model/build/lib/model/robot
[0.829s] copying model/robot/part_1.part -> /home/ethan/quadrupedal-sim/ros/build/model/build/lib/model/robot
[0.830s] copying model/robot/left_forearm_outside_v1.part -> /home/ethan/quadrupedal-sim/ros/build/model/build/lib/model/robot
[0.830s] copying model/robot/left_forearm_servo_attachment_v1.stl -> /home/ethan/quadrupedal-sim/ros/build/model/build/lib/model/robot
[0.830s] copying model/robot/bottom_hip_servo_v12.stl -> /home/ethan/quadrupedal-sim/ros/build/model/build/lib/model/robot
[0.830s] copying model/robot/left_forearm_inside_v1.part -> /home/ethan/quadrupedal-sim/ros/build/model/build/lib/model/robot
[0.830s] copying model/robot/hip_joint_to_servo_v2.part -> /home/ethan/quadrupedal-sim/ros/build/model/build/lib/model/robot
[0.830s] copying model/robot/18g_servo_v1.part -> /home/ethan/quadrupedal-sim/ros/build/model/build/lib/model/robot
[0.830s] copying model/robot/top_body_v21.stl -> /home/ethan/quadrupedal-sim/ros/build/model/build/lib/model/robot
[0.831s] copying model/robot/part_1.stl -> /home/ethan/quadrupedal-sim/ros/build/model/build/lib/model/robot
[0.831s] copying model/robot/right_forearm_outside_v1.stl -> /home/ethan/quadrupedal-sim/ros/build/model/build/lib/model/robot
[0.831s] copying model/robot/battery.part -> /home/ethan/quadrupedal-sim/ros/build/model/build/lib/model/robot
[0.831s] copying model/robot/18g_servo_v1.stl -> /home/ethan/quadrupedal-sim/ros/build/model/build/lib/model/robot
[0.831s] copying model/robot/right_forearm_inside_v1.part -> /home/ethan/quadrupedal-sim/ros/build/model/build/lib/model/robot
[0.832s] copying model/robot/servo_driver_mount_v9.part -> /home/ethan/quadrupedal-sim/ros/build/model/build/lib/model/robot
[0.832s] copying model/robot/9g_servo_arm_v1.stl -> /home/ethan/quadrupedal-sim/ros/build/model/build/lib/model/robot
[0.832s] running install
[0.832s] running install_lib
[0.833s] creating /home/ethan/quadrupedal-sim/ros/install/model/lib/python3.10/site-packages/model
[0.834s] creating /home/ethan/quadrupedal-sim/ros/install/model/lib/python3.10/site-packages/model/robot
[0.834s] copying /home/ethan/quadrupedal-sim/ros/build/model/build/lib/model/robot/right_forearm_linkage_v1.part -> /home/ethan/quadrupedal-sim/ros/install/model/lib/python3.10/site-packages/model/robot
[0.834s] copying /home/ethan/quadrupedal-sim/ros/build/model/build/lib/model/robot/left_forearm_linkage_v1.stl -> /home/ethan/quadrupedal-sim/ros/install/model/lib/python3.10/site-packages/model/robot
[0.834s] copying /home/ethan/quadrupedal-sim/ros/build/model/build/lib/model/robot/top_hip_servo_v14.stl -> /home/ethan/quadrupedal-sim/ros/install/model/lib/python3.10/site-packages/model/robot
[0.834s] copying /home/ethan/quadrupedal-sim/ros/build/model/build/lib/model/robot/bearing_10x15x4_v1.stl -> /home/ethan/quadrupedal-sim/ros/install/model/lib/python3.10/site-packages/model/robot
[0.834s] copying /home/ethan/quadrupedal-sim/ros/build/model/build/lib/model/robot/right_forearm_pivot_v1.part -> /home/ethan/quadrupedal-sim/ros/install/model/lib/python3.10/site-packages/model/robot
[0.834s] copying /home/ethan/quadrupedal-sim/ros/build/model/build/lib/model/robot/left_forearm_linkage_v1.part -> /home/ethan/quadrupedal-sim/ros/install/model/lib/python3.10/site-packages/model/robot
[0.834s] copying /home/ethan/quadrupedal-sim/ros/build/model/build/lib/model/robot/servo_arm_retainer_v1.part -> /home/ethan/quadrupedal-sim/ros/install/model/lib/python3.10/site-packages/model/robot
[0.835s] copying /home/ethan/quadrupedal-sim/ros/build/model/build/lib/model/robot/hip_cage_v4.part -> /home/ethan/quadrupedal-sim/ros/install/model/lib/python3.10/site-packages/model/robot
[0.835s] copying /home/ethan/quadrupedal-sim/ros/build/model/build/lib/model/robot/right_thigh_v1.part -> /home/ethan/quadrupedal-sim/ros/install/model/lib/python3.10/site-packages/model/robot
[0.835s] copying /home/ethan/quadrupedal-sim/ros/build/model/build/lib/model/robot/left_forearm_inside_v1.stl -> /home/ethan/quadrupedal-sim/ros/install/model/lib/python3.10/site-packages/model/robot
[0.835s] copying /home/ethan/quadrupedal-sim/ros/build/model/build/lib/model/robot/top_body_v21.part -> /home/ethan/quadrupedal-sim/ros/install/model/lib/python3.10/site-packages/model/robot
[0.835s] copying /home/ethan/quadrupedal-sim/ros/build/model/build/lib/model/robot/battery.stl -> /home/ethan/quadrupedal-sim/ros/install/model/lib/python3.10/site-packages/model/robot
[0.835s] copying /home/ethan/quadrupedal-sim/ros/build/model/build/lib/model/robot/right_forearm_pivot_v1.stl -> /home/ethan/quadrupedal-sim/ros/install/model/lib/python3.10/site-packages/model/robot
[0.835s] copying /home/ethan/quadrupedal-sim/ros/build/model/build/lib/model/robot/left_cover_v2.part -> /home/ethan/quadrupedal-sim/ros/install/model/lib/python3.10/site-packages/model/robot
[0.835s] copying /home/ethan/quadrupedal-sim/ros/build/model/build/lib/model/robot/hip_v2.stl -> /home/ethan/quadrupedal-sim/ros/install/model/lib/python3.10/site-packages/model/robot
[0.835s] copying /home/ethan/quadrupedal-sim/ros/build/model/build/lib/model/robot/hip_v2.part -> /home/ethan/quadrupedal-sim/ros/install/model/lib/python3.10/site-packages/model/robot
[0.836s] copying /home/ethan/quadrupedal-sim/ros/build/model/build/lib/model/robot/servo_arm_retainer_v1.stl -> /home/ethan/quadrupedal-sim/ros/install/model/lib/python3.10/site-packages/model/robot
[0.836s] copying /home/ethan/quadrupedal-sim/ros/build/model/build/lib/model/robot/9g_servo_arm_v1.part -> /home/ethan/quadrupedal-sim/ros/install/model/lib/python3.10/site-packages/model/robot
[0.836s] copying /home/ethan/quadrupedal-sim/ros/build/model/build/lib/model/robot/left_thigh_v1.part -> /home/ethan/quadrupedal-sim/ros/install/model/lib/python3.10/site-packages/model/robot
[0.836s] copying /home/ethan/quadrupedal-sim/ros/build/model/build/lib/model/robot/top_hip_servo_v14.part -> /home/ethan/quadrupedal-sim/ros/install/model/lib/python3.10/site-packages/model/robot
[0.836s] copying /home/ethan/quadrupedal-sim/ros/build/model/build/lib/model/robot/right_cover_v2.stl -> /home/ethan/quadrupedal-sim/ros/install/model/lib/python3.10/site-packages/model/robot
[0.836s] copying /home/ethan/quadrupedal-sim/ros/build/model/build/lib/model/robot/bearing_5x8x2.5_v1.part -> /home/ethan/quadrupedal-sim/ros/install/model/lib/python3.10/site-packages/model/robot
[0.836s] copying /home/ethan/quadrupedal-sim/ros/build/model/build/lib/model/robot/hip_joint_to_bearing_v3.stl -> /home/ethan/quadrupedal-sim/ros/install/model/lib/python3.10/site-packages/model/robot
[0.836s] copying /home/ethan/quadrupedal-sim/ros/build/model/build/lib/model/robot/robot.urdf -> /home/ethan/quadrupedal-sim/ros/install/model/lib/python3.10/site-packages/model/robot
[0.836s] copying /home/ethan/quadrupedal-sim/ros/build/model/build/lib/model/robot/left_forearm_outside_v1.stl -> /home/ethan/quadrupedal-sim/ros/install/model/lib/python3.10/site-packages/model/robot
[0.837s] copying /home/ethan/quadrupedal-sim/ros/build/model/build/lib/model/robot/hip_cage_v4.stl -> /home/ethan/quadrupedal-sim/ros/install/model/lib/python3.10/site-packages/model/robot
[0.837s] copying /home/ethan/quadrupedal-sim/ros/build/model/build/lib/model/robot/right_forearm_outside_v1.part -> /home/ethan/quadrupedal-sim/ros/install/model/lib/python3.10/site-packages/model/robot
[0.837s] copying /home/ethan/quadrupedal-sim/ros/build/model/build/lib/model/robot/servo_controller_v1.stl -> /home/ethan/quadrupedal-sim/ros/install/model/lib/python3.10/site-packages/model/robot
[0.838s] copying /home/ethan/quadrupedal-sim/ros/build/model/build/lib/model/robot/hip_joint_to_bearing_v3.part -> /home/ethan/quadrupedal-sim/ros/install/model/lib/python3.10/site-packages/model/robot
[0.838s] copying /home/ethan/quadrupedal-sim/ros/build/model/build/lib/model/robot/right_forearm_servo_attachment_v1.part -> /home/ethan/quadrupedal-sim/ros/install/model/lib/python3.10/site-packages/model/robot
[0.838s] copying /home/ethan/quadrupedal-sim/ros/build/model/build/lib/model/robot/servo_controller_v1.part -> /home/ethan/quadrupedal-sim/ros/install/model/lib/python3.10/site-packages/model/robot
[0.838s] copying /home/ethan/quadrupedal-sim/ros/build/model/build/lib/model/robot/left_forearm_servo_attachment_v1.part -> /home/ethan/quadrupedal-sim/ros/install/model/lib/python3.10/site-packages/model/robot
[0.838s] copying /home/ethan/quadrupedal-sim/ros/build/model/build/lib/model/robot/bottom_body_v3.part -> /home/ethan/quadrupedal-sim/ros/install/model/lib/python3.10/site-packages/model/robot
[0.838s] copying /home/ethan/quadrupedal-sim/ros/build/model/build/lib/model/robot/left_forearm_pivot_v1.part -> /home/ethan/quadrupedal-sim/ros/install/model/lib/python3.10/site-packages/model/robot
[0.838s] copying /home/ethan/quadrupedal-sim/ros/build/model/build/lib/model/robot/right_forearm_inside_v1.stl -> /home/ethan/quadrupedal-sim/ros/install/model/lib/python3.10/site-packages/model/robot
[0.839s] copying /home/ethan/quadrupedal-sim/ros/build/model/build/lib/model/robot/microservosg90.part -> /home/ethan/quadrupedal-sim/ros/install/model/lib/python3.10/site-packages/model/robot
[0.839s] copying /home/ethan/quadrupedal-sim/ros/build/model/build/lib/model/robot/9g_thigh_servo_attachment_v1.part -> /home/ethan/quadrupedal-sim/ros/install/model/lib/python3.10/site-packages/model/robot
[0.839s] copying /home/ethan/quadrupedal-sim/ros/build/model/build/lib/model/robot/9g_thigh_servo_attachment_v1.stl -> /home/ethan/quadrupedal-sim/ros/install/model/lib/python3.10/site-packages/model/robot
[0.839s] copying /home/ethan/quadrupedal-sim/ros/build/model/build/lib/model/robot/hip_joint_to_servo_v2.stl -> /home/ethan/quadrupedal-sim/ros/install/model/lib/python3.10/site-packages/model/robot
[0.839s] copying /home/ethan/quadrupedal-sim/ros/build/model/build/lib/model/robot/right_thigh_v1.stl -> /home/ethan/quadrupedal-sim/ros/install/model/lib/python3.10/site-packages/model/robot
[0.839s] copying /home/ethan/quadrupedal-sim/ros/build/model/build/lib/model/robot/right_forearm_linkage_v1.stl -> /home/ethan/quadrupedal-sim/ros/install/model/lib/python3.10/site-packages/model/robot
[0.839s] copying /home/ethan/quadrupedal-sim/ros/build/model/build/lib/model/robot/lever_v1.stl -> /home/ethan/quadrupedal-sim/ros/install/model/lib/python3.10/site-packages/model/robot
[0.839s] copying /home/ethan/quadrupedal-sim/ros/build/model/build/lib/model/robot/left_cover_v2.stl -> /home/ethan/quadrupedal-sim/ros/install/model/lib/python3.10/site-packages/model/robot
[0.840s] copying /home/ethan/quadrupedal-sim/ros/build/model/build/lib/model/robot/18g_thigh_servo_attachment_v3.part -> /home/ethan/quadrupedal-sim/ros/install/model/lib/python3.10/site-packages/model/robot
[0.840s] copying /home/ethan/quadrupedal-sim/ros/build/model/build/lib/model/robot/right_cover_v2.part -> /home/ethan/quadrupedal-sim/ros/install/model/lib/python3.10/site-packages/model/robot
[0.840s] copying /home/ethan/quadrupedal-sim/ros/build/model/build/lib/model/robot/lever_v1.part -> /home/ethan/quadrupedal-sim/ros/install/model/lib/python3.10/site-packages/model/robot
[0.840s] copying /home/ethan/quadrupedal-sim/ros/build/model/build/lib/model/robot/left_thigh_v1.stl -> /home/ethan/quadrupedal-sim/ros/install/model/lib/python3.10/site-packages/model/robot
[0.840s] copying /home/ethan/quadrupedal-sim/ros/build/model/build/lib/model/robot/servo_driver_mount_v9.stl -> /home/ethan/quadrupedal-sim/ros/install/model/lib/python3.10/site-packages/model/robot
[0.840s] copying /home/ethan/quadrupedal-sim/ros/build/model/build/lib/model/robot/bottom_hip_servo_v12.part -> /home/ethan/quadrupedal-sim/ros/install/model/lib/python3.10/site-packages/model/robot
[0.840s] copying /home/ethan/quadrupedal-sim/ros/build/model/build/lib/model/robot/config.json -> /home/ethan/quadrupedal-sim/ros/install/model/lib/python3.10/site-packages/model/robot
[0.841s] copying /home/ethan/quadrupedal-sim/ros/build/model/build/lib/model/robot/left_forearm_pivot_v1.stl -> /home/ethan/quadrupedal-sim/ros/install/model/lib/python3.10/site-packages/model/robot
[0.841s] copying /home/ethan/quadrupedal-sim/ros/build/model/build/lib/model/robot/bearing_5x8x2.5_v1.stl -> /home/ethan/quadrupedal-sim/ros/install/model/lib/python3.10/site-packages/model/robot
[0.841s] copying /home/ethan/quadrupedal-sim/ros/build/model/build/lib/model/robot/right_forearm_servo_attachment_v1.stl -> /home/ethan/quadrupedal-sim/ros/install/model/lib/python3.10/site-packages/model/robot
[0.841s] copying /home/ethan/quadrupedal-sim/ros/build/model/build/lib/model/robot/bottom_body_v3.stl -> /home/ethan/quadrupedal-sim/ros/install/model/lib/python3.10/site-packages/model/robot
[0.841s] copying /home/ethan/quadrupedal-sim/ros/build/model/build/lib/model/robot/microservosg90.stl -> /home/ethan/quadrupedal-sim/ros/install/model/lib/python3.10/site-packages/model/robot
[0.842s] copying /home/ethan/quadrupedal-sim/ros/build/model/build/lib/model/robot/bearing_10x15x4_v1.part -> /home/ethan/quadrupedal-sim/ros/install/model/lib/python3.10/site-packages/model/robot
[0.843s] copying /home/ethan/quadrupedal-sim/ros/build/model/build/lib/model/robot/18g_thigh_servo_attachment_v3.stl -> /home/ethan/quadrupedal-sim/ros/install/model/lib/python3.10/site-packages/model/robot
[0.843s] copying /home/ethan/quadrupedal-sim/ros/build/model/build/lib/model/robot/part_1.part -> /home/ethan/quadrupedal-sim/ros/install/model/lib/python3.10/site-packages/model/robot
[0.843s] copying /home/ethan/quadrupedal-sim/ros/build/model/build/lib/model/robot/left_forearm_outside_v1.part -> /home/ethan/quadrupedal-sim/ros/install/model/lib/python3.10/site-packages/model/robot
[0.843s] copying /home/ethan/quadrupedal-sim/ros/build/model/build/lib/model/robot/left_forearm_servo_attachment_v1.stl -> /home/ethan/quadrupedal-sim/ros/install/model/lib/python3.10/site-packages/model/robot
[0.843s] copying /home/ethan/quadrupedal-sim/ros/build/model/build/lib/model/robot/bottom_hip_servo_v12.stl -> /home/ethan/quadrupedal-sim/ros/install/model/lib/python3.10/site-packages/model/robot
[0.843s] copying /home/ethan/quadrupedal-sim/ros/build/model/build/lib/model/robot/left_forearm_inside_v1.part -> /home/ethan/quadrupedal-sim/ros/install/model/lib/python3.10/site-packages/model/robot
[0.843s] copying /home/ethan/quadrupedal-sim/ros/build/model/build/lib/model/robot/hip_joint_to_servo_v2.part -> /home/ethan/quadrupedal-sim/ros/install/model/lib/python3.10/site-packages/model/robot
[0.843s] copying /home/ethan/quadrupedal-sim/ros/build/model/build/lib/model/robot/18g_servo_v1.part -> /home/ethan/quadrupedal-sim/ros/install/model/lib/python3.10/site-packages/model/robot
[0.844s] copying /home/ethan/quadrupedal-sim/ros/build/model/build/lib/model/robot/top_body_v21.stl -> /home/ethan/quadrupedal-sim/ros/install/model/lib/python3.10/site-packages/model/robot
[0.844s] copying /home/ethan/quadrupedal-sim/ros/build/model/build/lib/model/robot/part_1.stl -> /home/ethan/quadrupedal-sim/ros/install/model/lib/python3.10/site-packages/model/robot
[0.844s] copying /home/ethan/quadrupedal-sim/ros/build/model/build/lib/model/robot/right_forearm_outside_v1.stl -> /home/ethan/quadrupedal-sim/ros/install/model/lib/python3.10/site-packages/model/robot
[0.844s] copying /home/ethan/quadrupedal-sim/ros/build/model/build/lib/model/robot/battery.part -> /home/ethan/quadrupedal-sim/ros/install/model/lib/python3.10/site-packages/model/robot
[0.844s] copying /home/ethan/quadrupedal-sim/ros/build/model/build/lib/model/robot/18g_servo_v1.stl -> /home/ethan/quadrupedal-sim/ros/install/model/lib/python3.10/site-packages/model/robot
[0.844s] copying /home/ethan/quadrupedal-sim/ros/build/model/build/lib/model/robot/right_forearm_inside_v1.part -> /home/ethan/quadrupedal-sim/ros/install/model/lib/python3.10/site-packages/model/robot
[0.844s] copying /home/ethan/quadrupedal-sim/ros/build/model/build/lib/model/robot/servo_driver_mount_v9.part -> /home/ethan/quadrupedal-sim/ros/install/model/lib/python3.10/site-packages/model/robot
[0.845s] copying /home/ethan/quadrupedal-sim/ros/build/model/build/lib/model/robot/9g_servo_arm_v1.stl -> /home/ethan/quadrupedal-sim/ros/install/model/lib/python3.10/site-packages/model/robot
[0.845s] copying /home/ethan/quadrupedal-sim/ros/build/model/build/lib/model/model_goal.py -> /home/ethan/quadrupedal-sim/ros/install/model/lib/python3.10/site-packages/model
[0.845s] copying /home/ethan/quadrupedal-sim/ros/build/model/build/lib/model/__init__.py -> /home/ethan/quadrupedal-sim/ros/install/model/lib/python3.10/site-packages/model
[0.845s] creating /home/ethan/quadrupedal-sim/ros/install/model/lib/python3.10/site-packages/model/saved_models
[0.845s] copying /home/ethan/quadrupedal-sim/ros/build/model/build/lib/model/saved_models/__init__.py -> /home/ethan/quadrupedal-sim/ros/install/model/lib/python3.10/site-packages/model/saved_models
[0.845s] copying /home/ethan/quadrupedal-sim/ros/build/model/build/lib/model/saved_models/actor_target.pt -> /home/ethan/quadrupedal-sim/ros/install/model/lib/python3.10/site-packages/model/saved_models
[0.845s] copying /home/ethan/quadrupedal-sim/ros/build/model/build/lib/model/saved_models/actor.py -> /home/ethan/quadrupedal-sim/ros/install/model/lib/python3.10/site-packages/model/saved_models
[0.845s] copying /home/ethan/quadrupedal-sim/ros/build/model/build/lib/model/model_action.py -> /home/ethan/quadrupedal-sim/ros/install/model/lib/python3.10/site-packages/model
[0.846s] byte-compiling /home/ethan/quadrupedal-sim/ros/install/model/lib/python3.10/site-packages/model/model_goal.py to model_goal.cpython-310.pyc
[0.846s] byte-compiling /home/ethan/quadrupedal-sim/ros/install/model/lib/python3.10/site-packages/model/__init__.py to __init__.cpython-310.pyc
[0.846s] byte-compiling /home/ethan/quadrupedal-sim/ros/install/model/lib/python3.10/site-packages/model/saved_models/__init__.py to __init__.cpython-310.pyc
[0.847s] byte-compiling /home/ethan/quadrupedal-sim/ros/install/model/lib/python3.10/site-packages/model/saved_models/actor.py to actor.cpython-310.pyc
[0.847s] byte-compiling /home/ethan/quadrupedal-sim/ros/install/model/lib/python3.10/site-packages/model/model_action.py to model_action.cpython-310.pyc
[0.848s] running install_data
[0.848s] creating /home/ethan/quadrupedal-sim/ros/install/model/share/ament_index
[0.848s] creating /home/ethan/quadrupedal-sim/ros/install/model/share/ament_index/resource_index
[0.848s] creating /home/ethan/quadrupedal-sim/ros/install/model/share/ament_index/resource_index/packages
[0.848s] copying resource/model -> /home/ethan/quadrupedal-sim/ros/install/model/share/ament_index/resource_index/packages
[0.849s] copying package.xml -> /home/ethan/quadrupedal-sim/ros/install/model/share/model
[0.849s] running install_egg_info
[0.850s] Copying ../../build/model/model.egg-info to /home/ethan/quadrupedal-sim/ros/install/model/lib/python3.10/site-packages/model-0.0.0-py3.10.egg-info
[0.850s] running install_scripts
[0.869s] Installing client script to /home/ethan/quadrupedal-sim/ros/install/model/lib/model
[0.869s] Installing server script to /home/ethan/quadrupedal-sim/ros/install/model/lib/model
[0.869s] writing list of installed files to '/home/ethan/quadrupedal-sim/ros/build/model/install.log'
[0.892s] Invoked command in '/home/ethan/quadrupedal-sim/ros/src/model' returned '0': PYTHONPATH=/home/ethan/quadrupedal-sim/ros/build/model/prefix_override:/home/ethan/quadrupedal-sim/ros/install/model/lib/python3.10/site-packages:${PYTHONPATH} VIRTUAL_ENV_PROMPT=(venv) /usr/bin/python3 -W ignore:setup.py install is deprecated setup.py egg_info --egg-base ../../build/model build --build-base /home/ethan/quadrupedal-sim/ros/build/model/build install --record /home/ethan/quadrupedal-sim/ros/build/model/install.log --single-version-externally-managed install_data
