[0.596s] Invoking command in '/home/ethan/quadrupedal-sim/ros/src/model': PYTHONPATH=/home/ethan/quadrupedal-sim/ros/build/model/prefix_override:/home/ethan/quadrupedal-sim/ros/install/model/lib/python3.10/site-packages:${PYTHONPATH} VIRTUAL_ENV_PROMPT=(venv) /usr/bin/python3 -W ignore:setup.py install is deprecated setup.py egg_info --egg-base ../../build/model build --build-base /home/ethan/quadrupedal-sim/ros/build/model/build install --record /home/ethan/quadrupedal-sim/ros/build/model/install.log --single-version-externally-managed install_data
[0.799s] running egg_info
[0.800s] writing ../../build/model/model.egg-info/PKG-INFO
[0.800s] writing dependency_links to ../../build/model/model.egg-info/dependency_links.txt
[0.800s] writing entry points to ../../build/model/model.egg-info/entry_points.txt
[0.800s] writing requirements to ../../build/model/model.egg-info/requires.txt
[0.800s] writing top-level names to ../../build/model/model.egg-info/top_level.txt
[0.805s] reading manifest file '../../build/model/model.egg-info/SOURCES.txt'
[0.805s] adding license file 'LICENSE'
[0.807s] writing manifest file '../../build/model/model.egg-info/SOURCES.txt'
[0.807s] running build
[0.807s] running build_py
[0.807s] copying model/model_action.py -> /home/ethan/quadrupedal-sim/ros/build/model/build/lib/model
[0.813s] running install
[0.814s] running install_lib
[0.816s] copying /home/ethan/quadrupedal-sim/ros/build/model/build/lib/model/model_action.py -> /home/ethan/quadrupedal-sim/ros/install/model/lib/python3.10/site-packages/model
[0.816s] byte-compiling /home/ethan/quadrupedal-sim/ros/install/model/lib/python3.10/site-packages/model/model_action.py to model_action.cpython-310.pyc
[0.818s] running install_data
[0.818s] running install_egg_info
[0.819s] removing '/home/ethan/quadrupedal-sim/ros/install/model/lib/python3.10/site-packages/model-0.0.0-py3.10.egg-info' (and everything under it)
[0.820s] Copying ../../build/model/model.egg-info to /home/ethan/quadrupedal-sim/ros/install/model/lib/python3.10/site-packages/model-0.0.0-py3.10.egg-info
[0.820s] running install_scripts
[0.839s] Installing client script to /home/ethan/quadrupedal-sim/ros/install/model/lib/model
[0.839s] Installing server script to /home/ethan/quadrupedal-sim/ros/install/model/lib/model
[0.839s] writing list of installed files to '/home/ethan/quadrupedal-sim/ros/build/model/install.log'
[0.861s] Invoked command in '/home/ethan/quadrupedal-sim/ros/src/model' returned '0': PYTHONPATH=/home/ethan/quadrupedal-sim/ros/build/model/prefix_override:/home/ethan/quadrupedal-sim/ros/install/model/lib/python3.10/site-packages:${PYTHONPATH} VIRTUAL_ENV_PROMPT=(venv) /usr/bin/python3 -W ignore:setup.py install is deprecated setup.py egg_info --egg-base ../../build/model build --build-base /home/ethan/quadrupedal-sim/ros/build/model/build install --record /home/ethan/quadrupedal-sim/ros/build/model/install.log --single-version-externally-managed install_data
