/home/ethan/quadrupedal-sim/ros/install/model/lib/python3.10/site-packages/model/__init__.py
/home/ethan/quadrupedal-sim/ros/install/model/lib/python3.10/site-packages/model/model_action.py
/home/ethan/quadrupedal-sim/ros/install/model/lib/python3.10/site-packages/model/saved_models/__init__.py
/home/ethan/quadrupedal-sim/ros/install/model/lib/python3.10/site-packages/model/saved_models/actor.py
/home/ethan/quadrupedal-sim/ros/install/model/lib/python3.10/site-packages/model/saved_models/actor_target.pt
/home/ethan/quadrupedal-sim/ros/install/model/lib/python3.10/site-packages/model/robot/right_forearm_linkage_v1.part
/home/ethan/quadrupedal-sim/ros/install/model/lib/python3.10/site-packages/model/robot/left_forearm_linkage_v1.stl
/home/ethan/quadrupedal-sim/ros/install/model/lib/python3.10/site-packages/model/robot/top_hip_servo_v14.stl
/home/ethan/quadrupedal-sim/ros/install/model/lib/python3.10/site-packages/model/robot/bearing_10x15x4_v1.stl
/home/ethan/quadrupedal-sim/ros/install/model/lib/python3.10/site-packages/model/robot/right_forearm_pivot_v1.part
/home/ethan/quadrupedal-sim/ros/install/model/lib/python3.10/site-packages/model/robot/left_forearm_linkage_v1.part
/home/ethan/quadrupedal-sim/ros/install/model/lib/python3.10/site-packages/model/robot/servo_arm_retainer_v1.part
/home/ethan/quadrupedal-sim/ros/install/model/lib/python3.10/site-packages/model/robot/hip_cage_v4.part
/home/ethan/quadrupedal-sim/ros/install/model/lib/python3.10/site-packages/model/robot/right_thigh_v1.part
/home/ethan/quadrupedal-sim/ros/install/model/lib/python3.10/site-packages/model/robot/left_forearm_inside_v1.stl
/home/ethan/quadrupedal-sim/ros/install/model/lib/python3.10/site-packages/model/robot/top_body_v21.part
/home/ethan/quadrupedal-sim/ros/install/model/lib/python3.10/site-packages/model/robot/battery.stl
/home/ethan/quadrupedal-sim/ros/install/model/lib/python3.10/site-packages/model/robot/right_forearm_pivot_v1.stl
/home/ethan/quadrupedal-sim/ros/install/model/lib/python3.10/site-packages/model/robot/left_cover_v2.part
/home/ethan/quadrupedal-sim/ros/install/model/lib/python3.10/site-packages/model/robot/hip_v2.stl
/home/ethan/quadrupedal-sim/ros/install/model/lib/python3.10/site-packages/model/robot/hip_v2.part
/home/ethan/quadrupedal-sim/ros/install/model/lib/python3.10/site-packages/model/robot/servo_arm_retainer_v1.stl
/home/ethan/quadrupedal-sim/ros/install/model/lib/python3.10/site-packages/model/robot/9g_servo_arm_v1.part
/home/ethan/quadrupedal-sim/ros/install/model/lib/python3.10/site-packages/model/robot/left_thigh_v1.part
/home/ethan/quadrupedal-sim/ros/install/model/lib/python3.10/site-packages/model/robot/top_hip_servo_v14.part
/home/ethan/quadrupedal-sim/ros/install/model/lib/python3.10/site-packages/model/robot/right_cover_v2.stl
/home/ethan/quadrupedal-sim/ros/install/model/lib/python3.10/site-packages/model/robot/bearing_5x8x2.5_v1.part
/home/ethan/quadrupedal-sim/ros/install/model/lib/python3.10/site-packages/model/robot/hip_joint_to_bearing_v3.stl
/home/ethan/quadrupedal-sim/ros/install/model/lib/python3.10/site-packages/model/robot/robot.urdf
/home/ethan/quadrupedal-sim/ros/install/model/lib/python3.10/site-packages/model/robot/left_forearm_outside_v1.stl
/home/ethan/quadrupedal-sim/ros/install/model/lib/python3.10/site-packages/model/robot/hip_cage_v4.stl
/home/ethan/quadrupedal-sim/ros/install/model/lib/python3.10/site-packages/model/robot/right_forearm_outside_v1.part
/home/ethan/quadrupedal-sim/ros/install/model/lib/python3.10/site-packages/model/robot/servo_controller_v1.stl
/home/ethan/quadrupedal-sim/ros/install/model/lib/python3.10/site-packages/model/robot/hip_joint_to_bearing_v3.part
/home/ethan/quadrupedal-sim/ros/install/model/lib/python3.10/site-packages/model/robot/right_forearm_servo_attachment_v1.part
/home/ethan/quadrupedal-sim/ros/install/model/lib/python3.10/site-packages/model/robot/servo_controller_v1.part
/home/ethan/quadrupedal-sim/ros/install/model/lib/python3.10/site-packages/model/robot/left_forearm_servo_attachment_v1.part
/home/ethan/quadrupedal-sim/ros/install/model/lib/python3.10/site-packages/model/robot/bottom_body_v3.part
/home/ethan/quadrupedal-sim/ros/install/model/lib/python3.10/site-packages/model/robot/left_forearm_pivot_v1.part
/home/ethan/quadrupedal-sim/ros/install/model/lib/python3.10/site-packages/model/robot/right_forearm_inside_v1.stl
/home/ethan/quadrupedal-sim/ros/install/model/lib/python3.10/site-packages/model/robot/microservosg90.part
/home/ethan/quadrupedal-sim/ros/install/model/lib/python3.10/site-packages/model/robot/9g_thigh_servo_attachment_v1.part
/home/ethan/quadrupedal-sim/ros/install/model/lib/python3.10/site-packages/model/robot/9g_thigh_servo_attachment_v1.stl
/home/ethan/quadrupedal-sim/ros/install/model/lib/python3.10/site-packages/model/robot/hip_joint_to_servo_v2.stl
/home/ethan/quadrupedal-sim/ros/install/model/lib/python3.10/site-packages/model/robot/right_thigh_v1.stl
/home/ethan/quadrupedal-sim/ros/install/model/lib/python3.10/site-packages/model/robot/right_forearm_linkage_v1.stl
/home/ethan/quadrupedal-sim/ros/install/model/lib/python3.10/site-packages/model/robot/lever_v1.stl
/home/ethan/quadrupedal-sim/ros/install/model/lib/python3.10/site-packages/model/robot/left_cover_v2.stl
/home/ethan/quadrupedal-sim/ros/install/model/lib/python3.10/site-packages/model/robot/18g_thigh_servo_attachment_v3.part
/home/ethan/quadrupedal-sim/ros/install/model/lib/python3.10/site-packages/model/robot/right_cover_v2.part
/home/ethan/quadrupedal-sim/ros/install/model/lib/python3.10/site-packages/model/robot/lever_v1.part
/home/ethan/quadrupedal-sim/ros/install/model/lib/python3.10/site-packages/model/robot/left_thigh_v1.stl
/home/ethan/quadrupedal-sim/ros/install/model/lib/python3.10/site-packages/model/robot/servo_driver_mount_v9.stl
/home/ethan/quadrupedal-sim/ros/install/model/lib/python3.10/site-packages/model/robot/bottom_hip_servo_v12.part
/home/ethan/quadrupedal-sim/ros/install/model/lib/python3.10/site-packages/model/robot/config.json
/home/ethan/quadrupedal-sim/ros/install/model/lib/python3.10/site-packages/model/robot/left_forearm_pivot_v1.stl
/home/ethan/quadrupedal-sim/ros/install/model/lib/python3.10/site-packages/model/robot/bearing_5x8x2.5_v1.stl
/home/ethan/quadrupedal-sim/ros/install/model/lib/python3.10/site-packages/model/robot/right_forearm_servo_attachment_v1.stl
/home/ethan/quadrupedal-sim/ros/install/model/lib/python3.10/site-packages/model/robot/bottom_body_v3.stl
/home/ethan/quadrupedal-sim/ros/install/model/lib/python3.10/site-packages/model/robot/microservosg90.stl
/home/ethan/quadrupedal-sim/ros/install/model/lib/python3.10/site-packages/model/robot/bearing_10x15x4_v1.part
/home/ethan/quadrupedal-sim/ros/install/model/lib/python3.10/site-packages/model/robot/18g_thigh_servo_attachment_v3.stl
/home/ethan/quadrupedal-sim/ros/install/model/lib/python3.10/site-packages/model/robot/part_1.part
/home/ethan/quadrupedal-sim/ros/install/model/lib/python3.10/site-packages/model/robot/left_forearm_outside_v1.part
/home/ethan/quadrupedal-sim/ros/install/model/lib/python3.10/site-packages/model/robot/left_forearm_servo_attachment_v1.stl
/home/ethan/quadrupedal-sim/ros/install/model/lib/python3.10/site-packages/model/robot/bottom_hip_servo_v12.stl
/home/ethan/quadrupedal-sim/ros/install/model/lib/python3.10/site-packages/model/robot/left_forearm_inside_v1.part
/home/ethan/quadrupedal-sim/ros/install/model/lib/python3.10/site-packages/model/robot/hip_joint_to_servo_v2.part
/home/ethan/quadrupedal-sim/ros/install/model/lib/python3.10/site-packages/model/robot/18g_servo_v1.part
/home/ethan/quadrupedal-sim/ros/install/model/lib/python3.10/site-packages/model/robot/top_body_v21.stl
/home/ethan/quadrupedal-sim/ros/install/model/lib/python3.10/site-packages/model/robot/part_1.stl
/home/ethan/quadrupedal-sim/ros/install/model/lib/python3.10/site-packages/model/robot/right_forearm_outside_v1.stl
/home/ethan/quadrupedal-sim/ros/install/model/lib/python3.10/site-packages/model/robot/battery.part
/home/ethan/quadrupedal-sim/ros/install/model/lib/python3.10/site-packages/model/robot/18g_servo_v1.stl
/home/ethan/quadrupedal-sim/ros/install/model/lib/python3.10/site-packages/model/robot/right_forearm_inside_v1.part
/home/ethan/quadrupedal-sim/ros/install/model/lib/python3.10/site-packages/model/robot/servo_driver_mount_v9.part
/home/ethan/quadrupedal-sim/ros/install/model/lib/python3.10/site-packages/model/robot/9g_servo_arm_v1.stl
/home/ethan/quadrupedal-sim/ros/install/model/lib/python3.10/site-packages/model/__pycache__/__init__.cpython-310.pyc
/home/ethan/quadrupedal-sim/ros/install/model/lib/python3.10/site-packages/model/__pycache__/model_action.cpython-310.pyc
/home/ethan/quadrupedal-sim/ros/install/model/lib/python3.10/site-packages/model/saved_models/__pycache__/__init__.cpython-310.pyc
/home/ethan/quadrupedal-sim/ros/install/model/lib/python3.10/site-packages/model/saved_models/__pycache__/actor.cpython-310.pyc
/home/ethan/quadrupedal-sim/ros/install/model/share/ament_index/resource_index/packages/model
/home/ethan/quadrupedal-sim/ros/install/model/share/model/package.xml
/home/ethan/quadrupedal-sim/ros/install/model/lib/python3.10/site-packages/model-0.0.0-py3.10.egg-info/zip-safe
/home/ethan/quadrupedal-sim/ros/install/model/lib/python3.10/site-packages/model-0.0.0-py3.10.egg-info/SOURCES.txt
/home/ethan/quadrupedal-sim/ros/install/model/lib/python3.10/site-packages/model-0.0.0-py3.10.egg-info/dependency_links.txt
/home/ethan/quadrupedal-sim/ros/install/model/lib/python3.10/site-packages/model-0.0.0-py3.10.egg-info/top_level.txt
/home/ethan/quadrupedal-sim/ros/install/model/lib/python3.10/site-packages/model-0.0.0-py3.10.egg-info/entry_points.txt
/home/ethan/quadrupedal-sim/ros/install/model/lib/python3.10/site-packages/model-0.0.0-py3.10.egg-info/requires.txt
/home/ethan/quadrupedal-sim/ros/install/model/lib/python3.10/site-packages/model-0.0.0-py3.10.egg-info/PKG-INFO
/home/ethan/quadrupedal-sim/ros/install/model/lib/model/talker
